2026-05-13 22:40:42.703+03:00 INFO  [background-preinit] o.h.validator.internal.util.Version - HV000001: Hibernate Validator 8.0.1.Final
2026-05-13 22:40:42.781+03:00 INFO  [main] c.e.p.config.EnvDefaultsInitializer - Applied default SQLite paths for missing APP_DB_* variables: {APP_DB_USERS=C:\Users\sushi\Git_H\tg_ref_b24_sup\spring-panel\users.db, APP_DB_KNOWLEDGE=C:\Users\sushi\Git_H\tg_ref_b24_sup\spring-panel\knowledge_base.db, APP_DB_CLIENTS=C:\Users\sushi\Git_H\tg_ref_b24_sup\spring-panel\clients.db, APP_DB_MONITORING=C:\Users\sushi\Git_H\tg_ref_b24_sup\spring-panel\monitoring.db, APP_DB_OBJECT_PASSPORTS=C:\Users\sushi\Git_H\tg_ref_b24_sup\spring-panel\object_passports.db, APP_DB_OBJECTS=C:\Users\sushi\Git_H\tg_ref_b24_sup\spring-panel\objects.db, APP_DB_SETTINGS=C:\Users\sushi\Git_H\tg_ref_b24_sup\spring-panel\settings.db, APP_DB_BOT=C:\Users\sushi\Git_H\tg_ref_b24_sup\spring-panel\bot_database.db, APP_DB_TICKETS=C:\Users\sushi\Git_H\tg_ref_b24_sup\spring-panel\tickets.db}
2026-05-13 22:40:42.803+03:00 INFO  [main] c.e.p.c.DialogAiOpsControllerWebMvcTest - Starting DialogAiOpsControllerWebMvcTest using Java 17.0.12 with PID 18680 (started by S_V in C:\Users\sushi\Git_H\tg_ref_b24_sup\spring-panel)
2026-05-13 22:40:42.805+03:00 INFO  [main] c.e.p.c.DialogAiOpsControllerWebMvcTest - No active profile set, falling back to 1 default profile: "default"
2026-05-13 22:40:42.806+03:00 DEBUG [main] o.s.boot.SpringApplication - Loading source class com.example.panel.PanelApplication
2026-05-13 22:40:42.849+03:00 DEBUG [main] o.s.w.c.s.GenericWebApplicationContext - Refreshing org.springframework.web.context.support.GenericWebApplicationContext@3910fe11
2026-05-13 22:40:48.675+03:00 DEBUG [main] o.s.w.s.m.m.a.RequestMappingHandlerMapping - 29 mappings in 'requestMappingHandlerMapping'
2026-05-13 22:40:48.707+03:00 DEBUG [main] o.s.w.s.h.SimpleUrlHandlerMapping - Patterns [/login, /error/403, /error/404, /error/500, /favicon.ico] in 'viewControllerHandlerMapping'
2026-05-13 22:40:48.771+03:00 DEBUG [main] o.s.b.a.AutoConfigurationPackages - @EnableAutoConfiguration was declared on a class in the package 'com.example.panel'. Automatic @Repository and @Entity scanning is enabled.
2026-05-13 22:40:49.071+03:00 DEBUG [main] o.s.w.s.h.SimpleUrlHandlerMapping - Patterns [/webjars/**, /**] in 'resourceHandlerMapping'
2026-05-13 22:40:49.201+03:00 DEBUG [main] o.s.w.s.m.m.a.RequestMappingHandlerAdapter - ControllerAdvice beans: 1 @ModelAttribute, 0 @InitBinder, 1 RequestBodyAdvice, 1 ResponseBodyAdvice
2026-05-13 22:40:49.327+03:00 DEBUG [main] o.s.w.s.m.m.a.ExceptionHandlerExceptionResolver - ControllerAdvice beans: 1 @ExceptionHandler, 1 ResponseBodyAdvice
2026-05-13 22:40:49.700+03:00 WARN  [main] o.s.b.a.s.s.UserDetailsServiceAutoConfiguration - 

Using generated security password: 5ee29ff8-e567-4e4a-9dfb-320cd2dde6bc

This generated password is for development use only. Your security configuration must be updated before running your application in production.

2026-05-13 22:40:50.078+03:00 INFO  [main] o.s.s.web.DefaultSecurityFilterChain - Will secure any request with [org.springframework.security.web.session.DisableEncodeUrlFilter@4c114687, org.springframework.security.web.context.request.async.WebAsyncManagerIntegrationFilter@2a60981c, org.springframework.security.web.context.SecurityContextHolderFilter@6e23ba17, org.springframework.security.web.header.HeaderWriterFilter@2651e783, org.springframework.web.filter.CorsFilter@3f1fb139, org.springframework.security.web.csrf.CsrfFilter@59aa1d1c, org.springframework.security.web.authentication.logout.LogoutFilter@f6cde7e, org.springframework.security.web.authentication.UsernamePasswordAuthenticationFilter@618fb1, org.springframework.security.web.authentication.ui.DefaultLoginPageGeneratingFilter@602aeb87, org.springframework.security.web.authentication.ui.DefaultLogoutPageGeneratingFilter@7057dbda, org.springframework.security.web.authentication.www.BasicAuthenticationFilter@481bae3f, org.springframework.security.web.savedrequest.RequestCacheAwareFilter@247dcbba, org.springframework.security.web.servletapi.SecurityContextHolderAwareRequestFilter@535be281, org.springframework.security.web.authentication.AnonymousAuthenticationFilter@36349e29, org.springframework.security.web.access.ExceptionTranslationFilter@6f0ae0ee, org.springframework.security.web.access.intercept.AuthorizationFilter@44587c44]
2026-05-13 22:40:50.160+03:00 DEBUG [main] o.s.b.w.s.ServletContextInitializerBeans - Mapping filters: springSecurityFilterChain urls=[/*] order=-100, characterEncodingFilter urls=[/*] order=-2147483648, formContentFilter urls=[/*] order=-9900, requestContextFilter urls=[/*] order=-105, securityHeadersFilter urls=[/*] order=2147483647, userLastActivityFilter urls=[/*] order=2147483647
2026-05-13 22:40:50.161+03:00 DEBUG [main] o.s.b.w.s.ServletContextInitializerBeans - Mapping servlets: 
2026-05-13 22:40:50.226+03:00 DEBUG [main] o.s.b.w.s.f.OrderedCharacterEncodingFilter - Filter 'characterEncodingFilter' configured for use
2026-05-13 22:40:50.226+03:00 DEBUG [main] o.s.b.w.s.f.OrderedFormContentFilter - Filter 'formContentFilter' configured for use
2026-05-13 22:40:50.227+03:00 DEBUG [main] o.s.b.w.s.f.OrderedRequestContextFilter - Filter 'requestContextFilter' configured for use
2026-05-13 22:40:50.227+03:00 DEBUG [main] o.s.b.w.s.DelegatingFilterProxyRegistrationBean$1 - Filter 'springSecurityFilterChain' configured for use
2026-05-13 22:40:50.244+03:00 INFO  [main] o.s.b.t.m.w.SpringBootMockServletContext - Initializing Spring TestDispatcherServlet ''
2026-05-13 22:40:50.245+03:00 INFO  [main] o.s.t.w.s.TestDispatcherServlet - Initializing Servlet ''
2026-05-13 22:40:50.249+03:00 INFO  [main] o.s.t.w.s.TestDispatcherServlet - Completed initialization in 2 ms
2026-05-13 22:40:50.311+03:00 DEBUG [main] o.s.b.a.l.ConditionEvaluationReportLogger - 


============================
CONDITIONS EVALUATION REPORT
============================


Positive matches:
-----------------

   CacheAutoConfiguration matched:
      - @ConditionalOnClass found required class 'org.springframework.cache.CacheManager' (OnClassCondition)
      - @ConditionalOnBean (types: org.springframework.cache.interceptor.CacheAspectSupport; SearchStrategy: all) found bean 'cacheInterceptor'; @ConditionalOnMissingBean (names: cacheResolver types: org.springframework.cache.CacheManager; SearchStrategy: all) did not find any beans (OnBeanCondition)

   CacheAutoConfiguration#cacheManagerCustomizers matched:
      - @ConditionalOnMissingBean (types: org.springframework.boot.autoconfigure.cache.CacheManagerCustomizers; SearchStrategy: all) did not find any beans (OnBeanCondition)

   ErrorMvcAutoConfiguration matched:
      - @ConditionalOnClass found required classes 'jakarta.servlet.Servlet', 'org.springframework.web.servlet.DispatcherServlet' (OnClassCondition)
      - found 'session' scope (OnWebApplicationCondition)

   ErrorMvcAutoConfiguration#basicErrorController matched:
      - @ConditionalOnMissingBean (types: org.springframework.boot.web.servlet.error.ErrorController; SearchStrategy: current) did not find any beans (OnBeanCondition)

   ErrorMvcAutoConfiguration#errorAttributes matched:
      - @ConditionalOnMissingBean (types: org.springframework.boot.web.servlet.error.ErrorAttributes; SearchStrategy: current) did not find any beans (OnBeanCondition)

   GsonAutoConfiguration matched:
      - @ConditionalOnClass found required class 'com.google.gson.Gson' (OnClassCondition)

   GsonAutoConfiguration#gson matched:
      - @ConditionalOnMissingBean (types: com.google.gson.Gson; SearchStrategy: all) did not find any beans (OnBeanCondition)

   GsonAutoConfiguration#gsonBuilder matched:
      - @ConditionalOnMissingBean (types: com.google.gson.GsonBuilder; SearchStrategy: all) did not find any beans (OnBeanCondition)

   GsonHttpMessageConvertersConfiguration matched:
      - @ConditionalOnClass found required class 'com.google.gson.Gson' (OnClassCondition)

   HttpEncodingAutoConfiguration matched:
      - @ConditionalOnClass found required class 'org.springframework.web.filter.CharacterEncodingFilter' (OnClassCondition)
      - found 'session' scope (OnWebApplicationCondition)
      - @ConditionalOnProperty (server.servlet.encoding.enabled) matched (OnPropertyCondition)

   HttpEncodingAutoConfiguration#characterEncodingFilter matched:
      - @ConditionalOnMissingBean (types: org.springframework.web.filter.CharacterEncodingFilter; SearchStrategy: all) did not find any beans (OnBeanCondition)

   HttpMessageConvertersAutoConfiguration matched:
      - @ConditionalOnClass found required class 'org.springframework.http.converter.HttpMessageConverter' (OnClassCondition)
      - NoneNestedConditions 0 matched 1 did not; NestedCondition on HttpMessageConvertersAutoConfiguration.NotReactiveWebApplicationCondition.ReactiveWebApplication did not find reactive web application classes (HttpMessageConvertersAutoConfiguration.NotReactiveWebApplicationCondition)

   HttpMessageConvertersAutoConfiguration#messageConverters matched:
      - @ConditionalOnMissingBean (types: org.springframework.boot.autoconfigure.http.HttpMessageConverters; SearchStrategy: all) did not find any beans (OnBeanCondition)

   HttpMessageConvertersAutoConfiguration.StringHttpMessageConverterConfiguration matched:
      - @ConditionalOnClass found required class 'org.springframework.http.converter.StringHttpMessageConverter' (OnClassCondition)

   HttpMessageConvertersAutoConfiguration.StringHttpMessageConverterConfiguration#stringHttpMessageConverter matched:
      - @ConditionalOnMissingBean (types: org.springframework.http.converter.StringHttpMessageConverter; SearchStrategy: all) did not find any beans (OnBeanCondition)

   JacksonAutoConfiguration matched:
      - @ConditionalOnClass found required class 'com.fasterxml.jackson.databind.ObjectMapper' (OnClassCondition)

   JacksonAutoConfiguration.Jackson2ObjectMapperBuilderCustomizerConfiguration matched:
      - @ConditionalOnClass found required class 'org.springframework.http.converter.json.Jackson2ObjectMapperBuilder' (OnClassCondition)

   JacksonAutoConfiguration.JacksonObjectMapperBuilderConfiguration matched:
      - @ConditionalOnClass found required class 'org.springframework.http.converter.json.Jackson2ObjectMapperBuilder' (OnClassCondition)

   JacksonAutoConfiguration.JacksonObjectMapperBuilderConfiguration#jacksonObjectMapperBuilder matched:
      - @ConditionalOnMissingBean (types: org.springframework.http.converter.json.Jackson2ObjectMapperBuilder; SearchStrategy: all) did not find any beans (OnBeanCondition)

   JacksonAutoConfiguration.JacksonObjectMapperConfiguration matched:
      - @ConditionalOnClass found required class 'org.springframework.http.converter.json.Jackson2ObjectMapperBuilder' (OnClassCondition)

   JacksonAutoConfiguration.JacksonObjectMapperConfiguration#jacksonObjectMapper matched:
      - @ConditionalOnMissingBean (types: com.fasterxml.jackson.databind.ObjectMapper; SearchStrategy: all) did not find any beans (OnBeanCondition)

   JacksonAutoConfiguration.ParameterNamesModuleConfiguration matched:
      - @ConditionalOnClass found required class 'com.fasterxml.jackson.module.paramnames.ParameterNamesModule' (OnClassCondition)

   JacksonAutoConfiguration.ParameterNamesModuleConfiguration#parameterNamesModule matched:
      - @ConditionalOnMissingBean (types: com.fasterxml.jackson.module.paramnames.ParameterNamesModule; SearchStrategy: all) did not find any beans (OnBeanCondition)

   JacksonHttpMessageConvertersConfiguration.MappingJackson2HttpMessageConverterConfiguration matched:
      - @ConditionalOnClass found required class 'com.fasterxml.jackson.databind.ObjectMapper' (OnClassCondition)
      - @ConditionalOnProperty (spring.mvc.converters.preferred-json-mapper=jackson) matched (OnPropertyCondition)
      - @ConditionalOnBean (types: com.fasterxml.jackson.databind.ObjectMapper; SearchStrategy: all) found bean 'jacksonObjectMapper' (OnBeanCondition)

   JacksonHttpMessageConvertersConfiguration.MappingJackson2HttpMessageConverterConfiguration#mappingJackson2HttpMessageConverter matched:
      - @ConditionalOnMissingBean (types: org.springframework.http.converter.json.MappingJackson2HttpMessageConverter ignored: org.springframework.hateoas.server.mvc.TypeConstrainedMappingJackson2HttpMessageConverter,org.springframework.data.rest.webmvc.alps.AlpsJsonHttpMessageConverter; SearchStrategy: all) did not find any beans (OnBeanCondition)

   MockMvcAutoConfiguration matched:
      - found 'session' scope (OnWebApplicationCondition)

   MockMvcAutoConfiguration#dispatcherServlet matched:
      - @ConditionalOnMissingBean (types: org.springframework.web.servlet.DispatcherServlet; SearchStrategy: all) did not find any beans (OnBeanCondition)

   MockMvcAutoConfiguration#dispatcherServletPath matched:
      - @ConditionalOnMissingBean (types: org.springframework.boot.autoconfigure.web.servlet.DispatcherServletPath; SearchStrategy: all) did not find any beans (OnBeanCondition)

   MockMvcAutoConfiguration#mockMvc matched:
      - @ConditionalOnMissingBean (types: org.springframework.test.web.servlet.MockMvc; SearchStrategy: all) did not find any beans (OnBeanCondition)

   MockMvcAutoConfiguration#mockMvcBuilder matched:
      - @ConditionalOnMissingBean (types: org.springframework.test.web.servlet.MockMvcBuilder; SearchStrategy: all) did not find any beans (OnBeanCondition)

   MockMvcSecurityConfiguration matched:
      - @ConditionalOnClass found required class 'org.springframework.security.test.web.servlet.request.SecurityMockMvcRequestPostProcessors' (OnClassCondition)

   MockMvcSecurityConfiguration#securityMockMvcBuilderCustomizer matched:
      - @ConditionalOnBean (names: springSecurityFilterChain; SearchStrategy: all) found bean 'springSecurityFilterChain' (OnBeanCondition)

   NoOpCacheConfiguration matched:
      - Cache org.springframework.boot.autoconfigure.cache.NoOpCacheConfiguration NONE cache type (CacheCondition)
      - @ConditionalOnMissingBean (types: org.springframework.cache.CacheManager; SearchStrategy: all) did not find any beans (OnBeanCondition)

   SecurityAutoConfiguration matched:
      - @ConditionalOnClass found required class 'org.springframework.security.authentication.DefaultAuthenticationEventPublisher' (OnClassCondition)

   SecurityAutoConfiguration#authenticationEventPublisher matched:
      - @ConditionalOnMissingBean (types: org.springframework.security.authentication.AuthenticationEventPublisher; SearchStrategy: all) did not find any beans (OnBeanCondition)

   SecurityFilterAutoConfiguration matched:
      - @ConditionalOnClass found required classes 'org.springframework.security.web.context.AbstractSecurityWebApplicationInitializer', 'org.springframework.security.config.http.SessionCreationPolicy' (OnClassCondition)
      - found 'session' scope (OnWebApplicationCondition)

   SecurityFilterAutoConfiguration#securityFilterChainRegistration matched:
      - @ConditionalOnBean (names: springSecurityFilterChain; SearchStrategy: all) found bean 'springSecurityFilterChain' (OnBeanCondition)

   SpringBootWebSecurityConfiguration matched:
      - found 'session' scope (OnWebApplicationCondition)

   SpringBootWebSecurityConfiguration.SecurityFilterChainConfiguration matched:
      - AllNestedConditions 2 matched 0 did not; NestedCondition on DefaultWebSecurityCondition.Beans @ConditionalOnMissingBean (types: org.springframework.security.web.SecurityFilterChain; SearchStrategy: all) did not find any beans; NestedCondition on DefaultWebSecurityCondition.Classes @ConditionalOnClass found required classes 'org.springframework.security.web.SecurityFilterChain', 'org.springframework.security.config.annotation.web.builders.HttpSecurity' (DefaultWebSecurityCondition)

   SpringBootWebSecurityConfiguration.WebSecurityEnablerConfiguration matched:
      - @ConditionalOnClass found required class 'org.springframework.security.config.annotation.web.configuration.EnableWebSecurity' (OnClassCondition)
      - @ConditionalOnMissingBean (names: springSecurityFilterChain; SearchStrategy: all) did not find any beans (OnBeanCondition)

   SpringDataWebAutoConfiguration matched:
      - @ConditionalOnClass found required classes 'org.springframework.data.web.PageableHandlerMethodArgumentResolver', 'org.springframework.web.servlet.config.annotation.WebMvcConfigurer' (OnClassCondition)
      - found 'session' scope (OnWebApplicationCondition)
      - @ConditionalOnMissingBean (types: org.springframework.data.web.PageableHandlerMethodArgumentResolver; SearchStrategy: all) did not find any beans (OnBeanCondition)

   SpringDataWebAutoConfiguration#pageableCustomizer matched:
      - @ConditionalOnMissingBean (types: org.springframework.data.web.config.PageableHandlerMethodArgumentResolverCustomizer; SearchStrategy: all) did not find any beans (OnBeanCondition)

   SpringDataWebAutoConfiguration#sortCustomizer matched:
      - @ConditionalOnMissingBean (types: org.springframework.data.web.config.SortHandlerMethodArgumentResolverCustomizer; SearchStrategy: all) did not find any beans (OnBeanCondition)

   TaskExecutionAutoConfiguration matched:
      - @ConditionalOnClass found required class 'org.springframework.scheduling.concurrent.ThreadPoolTaskExecutor' (OnClassCondition)

   TaskExecutorConfigurations.SimpleAsyncTaskExecutorBuilderConfiguration#simpleAsyncTaskExecutorBuilder matched:
      - @ConditionalOnMissingBean (types: org.springframework.boot.task.SimpleAsyncTaskExecutorBuilder; SearchStrategy: all) did not find any beans (OnBeanCondition)
      - @ConditionalOnThreading found PLATFORM (OnThreadingCondition)

   TaskExecutorConfigurations.TaskExecutorBuilderConfiguration#taskExecutorBuilder matched:
      - @ConditionalOnMissingBean (types: org.springframework.boot.task.TaskExecutorBuilder; SearchStrategy: all) did not find any beans (OnBeanCondition)

   TaskExecutorConfigurations.TaskExecutorConfiguration matched:
      - @ConditionalOnMissingBean (types: java.util.concurrent.Executor; SearchStrategy: all) did not find any beans (OnBeanCondition)

   TaskExecutorConfigurations.TaskExecutorConfiguration#applicationTaskExecutor matched:
      - @ConditionalOnThreading found PLATFORM (OnThreadingCondition)

   TaskExecutorConfigurations.ThreadPoolTaskExecutorBuilderConfiguration#threadPoolTaskExecutorBuilder matched:
      - @ConditionalOnMissingBean (types: org.springframework.boot.task.TaskExecutorBuilder,org.springframework.boot.task.ThreadPoolTaskExecutorBuilder; SearchStrategy: all) did not find any beans (OnBeanCondition)

   TemplateEngineConfigurations.DefaultTemplateEngineConfiguration#templateEngine matched:
      - @ConditionalOnMissingBean (types: org.thymeleaf.spring6.ISpringTemplateEngine; SearchStrategy: all) did not find any beans (OnBeanCondition)

   ThymeleafAutoConfiguration matched:
      - @ConditionalOnClass found required classes 'org.thymeleaf.templatemode.TemplateMode', 'org.thymeleaf.spring6.SpringTemplateEngine' (OnClassCondition)

   ThymeleafAutoConfiguration.DefaultTemplateResolverConfiguration matched:
      - @ConditionalOnMissingBean (names: defaultTemplateResolver; SearchStrategy: all) did not find any beans (OnBeanCondition)

   ThymeleafAutoConfiguration.ThymeleafWebMvcConfiguration matched:
      - found 'session' scope (OnWebApplicationCondition)
      - @ConditionalOnProperty (spring.thymeleaf.enabled) matched (OnPropertyCondition)

   ThymeleafAutoConfiguration.ThymeleafWebMvcConfiguration.ThymeleafViewResolverConfiguration#thymeleafViewResolver matched:
      - @ConditionalOnMissingBean (names: thymeleafViewResolver; SearchStrategy: all) did not find any beans (OnBeanCondition)

   UserDetailsServiceAutoConfiguration matched:
      - @ConditionalOnClass found required class 'org.springframework.security.authentication.AuthenticationManager' (OnClassCondition)
      - AnyNestedCondition 1 matched 2 did not; NestedCondition on UserDetailsServiceAutoConfiguration.MissingAlternativeOrUserPropertiesConfigured.PasswordConfigured @ConditionalOnProperty (spring.security.user.password) did not find property 'password'; NestedCondition on UserDetailsServiceAutoConfiguration.MissingAlternativeOrUserPropertiesConfigured.NameConfigured @ConditionalOnProperty (spring.security.user.name) did not find property 'name'; NestedCondition on UserDetailsServiceAutoConfiguration.MissingAlternativeOrUserPropertiesConfigured.MissingAlternative @ConditionalOnMissingClass did not find unwanted classes 'org.springframework.security.oauth2.client.registration.ClientRegistrationRepository', 'org.springframework.security.oauth2.server.resource.introspection.OpaqueTokenIntrospector', 'org.springframework.security.saml2.provider.service.registration.RelyingPartyRegistrationRepository' (UserDetailsServiceAutoConfiguration.MissingAlternativeOrUserPropertiesConfigured)
      - @ConditionalOnBean (types: org.springframework.security.config.annotation.ObjectPostProcessor; SearchStrategy: all) found bean 'objectPostProcessor'; @ConditionalOnMissingBean (types: org.springframework.security.authentication.AuthenticationManager,org.springframework.security.authentication.AuthenticationProvider,org.springframework.security.core.userdetails.UserDetailsService,org.springframework.security.authentication.AuthenticationManagerResolver,org.springframework.security.oauth2.jwt.JwtDecoder; SearchStrategy: all) did not find any beans (OnBeanCondition)

   ValidationAutoConfiguration matched:
      - @ConditionalOnClass found required class 'jakarta.validation.executable.ExecutableValidator' (OnClassCondition)
      - @ConditionalOnResource found location classpath:META-INF/services/jakarta.validation.spi.ValidationProvider (OnResourceCondition)

   ValidationAutoConfiguration#defaultValidator matched:
      - @ConditionalOnMissingBean (types: jakarta.validation.Validator; SearchStrategy: all) did not find any beans (OnBeanCondition)

   ValidationAutoConfiguration#methodValidationPostProcessor matched:
      - @ConditionalOnMissingBean (types: org.springframework.validation.beanvalidation.MethodValidationPostProcessor; SearchStrategy: current) did not find any beans (OnBeanCondition)

   WebMvcAutoConfiguration matched:
      - @ConditionalOnClass found required classes 'jakarta.servlet.Servlet', 'org.springframework.web.servlet.DispatcherServlet', 'org.springframework.web.servlet.config.annotation.WebMvcConfigurer' (OnClassCondition)
      - found 'session' scope (OnWebApplicationCondition)
      - @ConditionalOnMissingBean (types: org.springframework.web.servlet.config.annotation.WebMvcConfigurationSupport; SearchStrategy: all) did not find any beans (OnBeanCondition)

   WebMvcAutoConfiguration#formContentFilter matched:
      - @ConditionalOnProperty (spring.mvc.formcontent.filter.enabled) matched (OnPropertyCondition)
      - @ConditionalOnMissingBean (types: org.springframework.web.filter.FormContentFilter; SearchStrategy: all) did not find any beans (OnBeanCondition)

   WebMvcAutoConfiguration.EnableWebMvcConfiguration#flashMapManager matched:
      - @ConditionalOnMissingBean (names: flashMapManager; SearchStrategy: all) did not find any beans (OnBeanCondition)

   WebMvcAutoConfiguration.EnableWebMvcConfiguration#localeResolver matched:
      - @ConditionalOnMissingBean (names: localeResolver; SearchStrategy: all) did not find any beans (OnBeanCondition)

   WebMvcAutoConfiguration.EnableWebMvcConfiguration#themeResolver matched:
      - @ConditionalOnMissingBean (names: themeResolver; SearchStrategy: all) did not find any beans (OnBeanCondition)

   WebMvcAutoConfiguration.WebMvcAutoConfigurationAdapter#defaultViewResolver matched:
      - @ConditionalOnMissingBean (types: org.springframework.web.servlet.view.InternalResourceViewResolver; SearchStrategy: all) did not find any beans (OnBeanCondition)

   WebMvcAutoConfiguration.WebMvcAutoConfigurationAdapter#requestContextFilter matched:
      - @ConditionalOnMissingBean (types: org.springframework.web.context.request.RequestContextListener,org.springframework.web.filter.RequestContextFilter; SearchStrategy: all) did not find any beans (OnBeanCondition)

   WebMvcAutoConfiguration.WebMvcAutoConfigurationAdapter#viewResolver matched:
      - @ConditionalOnBean (types: org.springframework.web.servlet.ViewResolver; SearchStrategy: all) found beans 'defaultViewResolver', 'mvcViewResolver'; @ConditionalOnMissingBean (names: viewResolver types: org.springframework.web.servlet.view.ContentNegotiatingViewResolver; SearchStrategy: all) did not find any beans (OnBeanCondition)


Negative matches:
-----------------

   Cache2kCacheConfiguration:
      Did not match:
         - @ConditionalOnClass did not find required class 'org.cache2k.Cache2kBuilder' (OnClassCondition)

   CacheAutoConfiguration.CacheManagerEntityManagerFactoryDependsOnPostProcessor:
      Did not match:
         - @ConditionalOnBean (types: org.springframework.orm.jpa.AbstractEntityManagerFactoryBean; SearchStrategy: all) did not find any beans of type org.springframework.orm.jpa.AbstractEntityManagerFactoryBean (OnBeanCondition)
      Matched:
         - @ConditionalOnClass found required class 'org.springframework.orm.jpa.LocalContainerEntityManagerFactoryBean' (OnClassCondition)

   CaffeineCacheConfiguration:
      Did not match:
         - Cache org.springframework.boot.autoconfigure.cache.CaffeineCacheConfiguration unknown cache type (CacheCondition)
      Matched:
         - @ConditionalOnClass found required classes 'com.github.benmanes.caffeine.cache.Caffeine', 'org.springframework.cache.caffeine.CaffeineCacheManager' (OnClassCondition)

   CouchbaseCacheConfiguration:
      Did not match:
         - @ConditionalOnClass did not find required class 'com.couchbase.client.java.Cluster' (OnClassCondition)

   ErrorMvcAutoConfiguration.DefaultErrorViewResolverConfiguration#conventionErrorViewResolver:
      Did not match:
         - @ConditionalOnBean (types: org.springframework.web.servlet.DispatcherServlet; SearchStrategy: all) did not find any beans of type org.springframework.web.servlet.DispatcherServlet (OnBeanCondition)

   ErrorMvcAutoConfiguration.WhitelabelErrorViewConfiguration:
      Did not match:
         - @ConditionalOnProperty (server.error.whitelabel.enabled) found different value in property 'enabled' (OnPropertyCondition)

   FreeMarkerAutoConfiguration:
      Did not match:
         - @ConditionalOnClass did not find required class 'freemarker.template.Configuration' (OnClassCondition)

   GenericCacheConfiguration:
      Did not match:
         - Cache org.springframework.boot.autoconfigure.cache.GenericCacheConfiguration unknown cache type (CacheCondition)

   GroovyTemplateAutoConfiguration:
      Did not match:
         - @ConditionalOnClass did not find required class 'groovy.text.markup.MarkupTemplateEngine' (OnClassCondition)

   GsonHttpMessageConvertersConfiguration.GsonHttpMessageConverterConfiguration:
      Did not match:
         - AnyNestedCondition 0 matched 2 did not; NestedCondition on GsonHttpMessageConvertersConfiguration.PreferGsonOrJacksonAndJsonbUnavailableCondition.JacksonJsonbUnavailable NoneNestedConditions 1 matched 1 did not; NestedCondition on GsonHttpMessageConvertersConfiguration.JacksonAndJsonbUnavailableCondition.JsonbPreferred @ConditionalOnProperty (spring.mvc.converters.preferred-json-mapper=jsonb) did not find property 'spring.mvc.converters.preferred-json-mapper'; NestedCondition on GsonHttpMessageConvertersConfiguration.JacksonAndJsonbUnavailableCondition.JacksonAvailable @ConditionalOnBean (types: org.springframework.http.converter.json.MappingJackson2HttpMessageConverter; SearchStrategy: all) found bean 'mappingJackson2HttpMessageConverter'; NestedCondition on GsonHttpMessageConvertersConfiguration.PreferGsonOrJacksonAndJsonbUnavailableCondition.GsonPreferred @ConditionalOnProperty (spring.mvc.converters.preferred-json-mapper=gson) did not find property 'spring.mvc.converters.preferred-json-mapper' (GsonHttpMessageConvertersConfiguration.PreferGsonOrJacksonAndJsonbUnavailableCondition)

   HazelcastCacheConfiguration:
      Did not match:
         - @ConditionalOnClass did not find required class 'com.hazelcast.core.HazelcastInstance' (OnClassCondition)

   HypermediaAutoConfiguration:
      Did not match:
         - @ConditionalOnClass did not find required class 'org.springframework.hateoas.EntityModel' (OnClassCondition)

   InfinispanCacheConfiguration:
      Did not match:
         - @ConditionalOnClass did not find required class 'org.infinispan.spring.embedded.provider.SpringEmbeddedCacheManager' (OnClassCondition)

   JCacheCacheConfiguration:
      Did not match:
         - @ConditionalOnClass did not find required class 'javax.cache.Caching' (OnClassCondition)

   JacksonHttpMessageConvertersConfiguration.MappingJackson2XmlHttpMessageConverterConfiguration:
      Did not match:
         - @ConditionalOnClass did not find required class 'com.fasterxml.jackson.dataformat.xml.XmlMapper' (OnClassCondition)

   JsonbAutoConfiguration:
      Did not match:
         - @ConditionalOnClass did not find required class 'jakarta.json.bind.Jsonb' (OnClassCondition)

   JsonbHttpMessageConvertersConfiguration:
      Did not match:
         - @ConditionalOnClass did not find required class 'jakarta.json.bind.Jsonb' (OnClassCondition)

   MessageSourceAutoConfiguration:
      Did not match:
         - ResourceBundle did not find bundle with basename messages (MessageSourceAutoConfiguration.ResourceBundleCondition)

   MockMvcAutoConfiguration.WebTestClientMockMvcConfiguration:
      Did not match:
         - @ConditionalOnClass did not find required class 'org.springframework.web.reactive.function.client.WebClient' (OnClassCondition)

   MockMvcWebClientAutoConfiguration:
      Did not match:
         - @ConditionalOnClass did not find required class 'com.gargoylesoftware.htmlunit.WebClient' (OnClassCondition)

   MockMvcWebDriverAutoConfiguration:
      Did not match:
         - @ConditionalOnClass did not find required class 'org.openqa.selenium.htmlunit.HtmlUnitDriver' (OnClassCondition)

   MustacheAutoConfiguration:
      Did not match:
         - @ConditionalOnClass did not find required class 'com.samskivert.mustache.Mustache' (OnClassCondition)

   OAuth2ClientAutoConfiguration:
      Did not match:
         - @ConditionalOnClass did not find required class 'org.springframework.security.oauth2.client.registration.ClientRegistration' (OnClassCondition)

   OAuth2ResourceServerAutoConfiguration:
      Did not match:
         - @ConditionalOnClass did not find required class 'org.springframework.security.oauth2.server.resource.authentication.BearerTokenAuthenticationToken' (OnClassCondition)

   RedisCacheConfiguration:
      Did not match:
         - @ConditionalOnClass did not find required class 'org.springframework.data.redis.connection.RedisConnectionFactory' (OnClassCondition)

   SecurityDataConfiguration:
      Did not match:
         - @ConditionalOnClass did not find required class 'org.springframework.security.data.repository.query.SecurityEvaluationContextExtension' (OnClassCondition)

   SimpleCacheConfiguration:
      Did not match:
         - Cache org.springframework.boot.autoconfigure.cache.SimpleCacheConfiguration unknown cache type (CacheCondition)

   TaskExecutorConfigurations.SimpleAsyncTaskExecutorBuilderConfiguration#simpleAsyncTaskExecutorBuilderVirtualThreads:
      Did not match:
         - @ConditionalOnMissingBean (types: org.springframework.boot.task.SimpleAsyncTaskExecutorBuilder; SearchStrategy: all) found beans of type 'org.springframework.boot.task.SimpleAsyncTaskExecutorBuilder' simpleAsyncTaskExecutorBuilder (OnBeanCondition)

   TaskExecutorConfigurations.TaskExecutorConfiguration#applicationTaskExecutorVirtualThreads:
      Did not match:
         - @ConditionalOnThreading did not find VIRTUAL (OnThreadingCondition)

   TemplateEngineConfigurations.ReactiveTemplateEngineConfiguration:
      Did not match:
         - did not find reactive web application classes (OnWebApplicationCondition)

   ThymeleafAutoConfiguration.DataAttributeDialectConfiguration:
      Did not match:
         - @ConditionalOnClass did not find required class 'com.github.mxab.thymeleaf.extras.dataattribute.dialect.DataAttributeDialect' (OnClassCondition)

   ThymeleafAutoConfiguration.ThymeleafSecurityDialectConfiguration:
      Did not match:
         - @ConditionalOnClass did not find required class 'org.thymeleaf.extras.springsecurity6.dialect.SpringSecurityDialect' (OnClassCondition)

   ThymeleafAutoConfiguration.ThymeleafWebFluxConfiguration:
      Did not match:
         - did not find reactive web application classes (OnWebApplicationCondition)

   ThymeleafAutoConfiguration.ThymeleafWebLayoutConfiguration:
      Did not match:
         - @ConditionalOnClass did not find required class 'nz.net.ultraq.thymeleaf.layoutdialect.LayoutDialect' (OnClassCondition)

   ThymeleafAutoConfiguration.ThymeleafWebMvcConfiguration#resourceUrlEncodingFilter:
      Did not match:
         - @ConditionalOnEnabledResourceChain did not find class org.webjars.WebJarAssetLocator (OnEnabledResourceChainCondition)

   WebMvcAutoConfiguration#hiddenHttpMethodFilter:
      Did not match:
         - @ConditionalOnProperty (spring.mvc.hiddenmethod.filter.enabled) did not find property 'enabled' (OnPropertyCondition)

   WebMvcAutoConfiguration.ProblemDetailsErrorHandlingConfiguration:
      Did not match:
         - @ConditionalOnProperty (spring.mvc.problemdetails.enabled=true) did not find property 'enabled' (OnPropertyCondition)

   WebMvcAutoConfiguration.ResourceChainCustomizerConfiguration:
      Did not match:
         - @ConditionalOnEnabledResourceChain did not find class org.webjars.WebJarAssetLocator (OnEnabledResourceChainCondition)

   WebMvcAutoConfiguration.WebMvcAutoConfigurationAdapter#beanNameViewResolver:
      Did not match:
         - @ConditionalOnBean (types: org.springframework.web.servlet.View; SearchStrategy: all) did not find any beans of type org.springframework.web.servlet.View (OnBeanCondition)

   WebTestClientAutoConfiguration:
      Did not match:
         - @ConditionalOnClass did not find required class 'org.springframework.web.reactive.function.client.WebClient' (OnClassCondition)


Exclusions:
-----------

    None


Unconditional classes:
----------------------

    None



2026-05-13 22:40:50.325+03:00 INFO  [main] c.e.p.c.DialogAiOpsControllerWebMvcTest - Started DialogAiOpsControllerWebMvcTest in 8.539 seconds (process running for 10.55)
2026-05-13 22:40:50.655+03:00 DEBUG [main] o.s.w.s.m.m.a.RequestMappingHandlerMapping - Mapped to com.example.panel.controller.DialogAiOpsController#runAiOfflineEval(Authentication)
2026-05-13 22:40:50.727+03:00 DEBUG [main] o.s.w.s.m.m.a.HttpEntityMethodProcessor - Using 'application/json', given [*/*] and supported [application/json, application/*+json]
2026-05-13 22:40:50.732+03:00 DEBUG [main] o.s.w.s.m.m.a.HttpEntityMethodProcessor - Writing [{job_started=true, success=true}]
2026-05-13 22:40:50.919+03:00 DEBUG [main] o.s.w.s.m.m.a.RequestMappingHandlerMapping - Mapped to com.example.panel.controller.DialogAiOpsController#rejectAiReviewByKey(String, Authentication)
2026-05-13 22:40:50.946+03:00 DEBUG [main] o.s.w.s.m.m.a.HttpEntityMethodProcessor - Using 'application/json', given [*/*] and supported [application/json, application/*+json]
2026-05-13 22:40:50.948+03:00 DEBUG [main] o.s.w.s.m.m.a.HttpEntityMethodProcessor - Writing [{rejected=true, success=true}]
2026-05-13 22:40:50.964+03:00 DEBUG [main] o.s.w.s.m.m.a.RequestMappingHandlerMapping - Mapped to com.example.panel.controller.DialogAiOpsController#aiMonitoringEvents(Integer, Integer, String, String, String, String, Authentication)
2026-05-13 22:40:50.969+03:00 DEBUG [main] o.s.w.s.m.m.a.HttpEntityMethodProcessor - Using 'application/json', given [*/*] and supported [application/json, application/*+json]
2026-05-13 22:40:50.970+03:00 DEBUG [main] o.s.w.s.m.m.a.HttpEntityMethodProcessor - Writing [{items=[{ticket_id=T-712, event_type=decision}], success=true}]
2026-05-13 22:40:50.987+03:00 DEBUG [main] o.s.w.s.m.m.a.RequestMappingHandlerMapping - Mapped to com.example.panel.controller.DialogAiOpsController#aiMonitoringEvents(Integer, Integer, String, String, String, String, Authentication)
2026-05-13 22:40:50.992+03:00 DEBUG [main] o.s.w.s.m.m.a.HttpEntityMethodProcessor - Found 'Content-Type:text/csv;charset=UTF-8' in response
2026-05-13 22:40:50.993+03:00 DEBUG [main] o.s.w.s.m.m.a.HttpEntityMethodProcessor - Writing ["ticket_id<EOL>T-703<EOL>"]
2026-05-13 22:40:51.027+03:00 DEBUG [main] o.s.w.s.m.m.a.RequestMappingHandlerMapping - Mapped to com.example.panel.controller.DialogAiOpsController#upsertAiKnowledgeUnit(AiKnowledgeUnitUpsertRequest, Authentication)
2026-05-13 22:40:51.162+03:00 DEBUG [main] o.s.w.s.m.m.a.RequestResponseBodyMethodProcessor - Read "application/json;charset=UTF-8" to [AiKnowledgeUnitUpsertRequest[unitKey=null, title=VPN, bodyText=null, intentKey=null, slotSignature=n (truncated)...]
2026-05-13 22:40:51.166+03:00 DEBUG [main] o.s.w.s.m.m.a.HttpEntityMethodProcessor - Using 'application/json', given [*/*] and supported [application/json, application/*+json]
2026-05-13 22:40:51.167+03:00 DEBUG [main] o.s.w.s.m.m.a.HttpEntityMethodProcessor - Writing [{error=body_text is required, success=false}]
2026-05-13 22:40:51.185+03:00 DEBUG [main] o.s.w.s.m.m.a.RequestMappingHandlerMapping - Mapped to com.example.panel.controller.DialogAiOpsController#rejectAiReview(String, Authentication)
2026-05-13 22:40:51.190+03:00 DEBUG [main] o.s.w.s.m.m.a.HttpEntityMethodProcessor - Using 'application/json', given [*/*] and supported [application/json, application/*+json]
2026-05-13 22:40:51.192+03:00 DEBUG [main] o.s.w.s.m.m.a.HttpEntityMethodProcessor - Writing [{rejected=true, success=true}]
2026-05-13 22:40:51.210+03:00 DEBUG [main] o.s.w.s.m.m.a.RequestMappingHandlerMapping - Mapped to com.example.panel.controller.DialogAiOpsController#aiMonitoringSummary(Integer, Authentication)
2026-05-13 22:40:51.213+03:00 DEBUG [main] o.s.w.s.m.m.a.HttpEntityMethodProcessor - Using 'application/json', given [*/*] and supported [application/json, application/*+json]
2026-05-13 22:40:51.214+03:00 DEBUG [main] o.s.w.s.m.m.a.HttpEntityMethodProcessor - Writing [{totals={decisions=10}, success=true}]
2026-05-13 22:40:51.236+03:00 DEBUG [main] o.s.w.s.m.m.a.RequestMappingHandlerMapping - Mapped to com.example.panel.controller.DialogAiOpsController#aiReclassify(String, AiDebugMessageRequest, Authentication)
2026-05-13 22:40:51.243+03:00 DEBUG [main] o.s.w.s.m.m.a.RequestResponseBodyMethodProcessor - Read "application/json;charset=UTF-8" to [AiDebugMessageRequest[message=hello, messageType=image, attachment=file.png]]
2026-05-13 22:40:51.245+03:00 DEBUG [main] o.s.w.s.m.m.a.HttpEntityMethodProcessor - Using 'application/json', given [*/*] and supported [application/json, application/*+json]
2026-05-13 22:40:51.245+03:00 DEBUG [main] o.s.w.s.m.m.a.HttpEntityMethodProcessor - Writing [{classification=faq, success=true}]
2026-05-13 22:40:51.261+03:00 DEBUG [main] o.s.w.s.m.m.a.RequestMappingHandlerMapping - Mapped to com.example.panel.controller.DialogAiOpsController#aiRetrieveDebug(String, AiRetrieveDebugRequest, Authentication)
2026-05-13 22:40:51.263+03:00 DEBUG [main] o.s.w.s.m.m.a.RequestResponseBodyMethodProcessor - Read "application/json;charset=UTF-8" to []
2026-05-13 22:40:51.266+03:00 DEBUG [main] o.s.w.s.m.m.a.HttpEntityMethodProcessor - Using 'application/json', given [*/*] and supported [application/json, application/*+json]
2026-05-13 22:40:51.268+03:00 DEBUG [main] o.s.w.s.m.m.a.HttpEntityMethodProcessor - Writing [{items=[], success=true}]
2026-05-13 22:40:51.290+03:00 DEBUG [main] o.s.w.s.m.m.a.RequestMappingHandlerMapping - Mapped to com.example.panel.controller.DialogAiOpsController#aiReviewsQueue(Integer, Authentication)
2026-05-13 22:40:51.292+03:00 DEBUG [main] o.s.w.s.m.m.a.HttpEntityMethodProcessor - Using 'application/json', given [*/*] and supported [application/json, application/*+json]
2026-05-13 22:40:51.292+03:00 DEBUG [main] o.s.w.s.m.m.a.HttpEntityMethodProcessor - Writing [{items=[{query_key=q-1}], success=true}]
2026-05-13 22:40:51.307+03:00 DEBUG [main] o.s.w.s.m.m.a.RequestMappingHandlerMapping - Mapped to com.example.panel.controller.DialogAiOpsController#aiControlState(String, Authentication)
2026-05-13 22:40:51.309+03:00 DEBUG [main] o.s.w.s.m.m.a.HttpEntityMethodProcessor - Using 'application/json', given [*/*] and supported [application/json, application/*+json]
2026-05-13 22:40:51.310+03:00 DEBUG [main] o.s.w.s.m.m.a.HttpEntityMethodProcessor - Writing [{control={ai_disabled=false}, success=true}]
2026-05-13 22:40:51.324+03:00 DEBUG [main] o.s.w.s.m.m.a.RequestMappingHandlerMapping - Mapped to com.example.panel.controller.DialogAiOpsController#aiSolutionMemoryHistory(String, Integer, Authentication)
2026-05-13 22:40:51.327+03:00 DEBUG [main] o.s.w.s.m.m.a.HttpEntityMethodProcessor - Using 'application/json', given [*/*] and supported [application/json, application/*+json]
2026-05-13 22:40:51.327+03:00 DEBUG [main] o.s.w.s.m.m.a.HttpEntityMethodProcessor - Writing [{items=[{history_id=41}], success=true}]
2026-05-13 22:40:51.341+03:00 DEBUG [main] o.s.w.s.m.m.a.RequestMappingHandlerMapping - Mapped to com.example.panel.controller.DialogAiOpsController#updateAiSolutionMemory(String, AiSolutionMemoryUpdateRequest, Authentication)
2026-05-13 22:40:51.347+03:00 DEBUG [main] o.s.w.s.m.m.a.RequestResponseBodyMethodProcessor - Read "application/json;charset=UTF-8" to [AiSolutionMemoryUpdateRequest[queryText=Q, solutionText=A, reviewRequired=true]]
2026-05-13 22:40:51.348+03:00 DEBUG [main] o.s.w.s.m.m.a.HttpEntityMethodProcessor - Using 'application/json', given [*/*] and supported [application/json, application/*+json]
2026-05-13 22:40:51.349+03:00 DEBUG [main] o.s.w.s.m.m.a.HttpEntityMethodProcessor - Writing [{updated=true, success=true}]
2026-05-13 22:40:51.366+03:00 DEBUG [main] o.s.w.s.m.m.a.RequestMappingHandlerMapping - Mapped to com.example.panel.controller.DialogAiOpsController#rollbackAiSolutionMemory(String, AiSolutionMemoryRollbackRequest, Authentication)
2026-05-13 22:40:51.373+03:00 DEBUG [main] o.s.w.s.m.m.a.RequestResponseBodyMethodProcessor - Read "application/json;charset=UTF-8" to [AiSolutionMemoryRollbackRequest[historyId=null]]
2026-05-13 22:40:51.375+03:00 DEBUG [main] o.s.w.s.m.m.a.HttpEntityMethodProcessor - Using 'application/json', given [*/*] and supported [application/json, application/*+json]
2026-05-13 22:40:51.375+03:00 DEBUG [main] o.s.w.s.m.m.a.HttpEntityMethodProcessor - Writing [{error=history_id is required, success=false}]
2026-05-13 22:40:51.390+03:00 DEBUG [main] o.s.w.s.m.m.a.RequestMappingHandlerMapping - Mapped to com.example.panel.controller.DialogAiOpsController#upsertAiKnowledgeUnit(AiKnowledgeUnitUpsertRequest, Authentication)
2026-05-13 22:40:51.392+03:00 DEBUG [main] o.s.w.s.m.m.a.RequestResponseBodyMethodProcessor - Read "application/json;charset=UTF-8" to [AiKnowledgeUnitUpsertRequest[unitKey=unit-1, title=VPN, bodyText=body, intentKey=vpn.reset, slotSign (truncated)...]
2026-05-13 22:40:51.395+03:00 DEBUG [main] o.s.w.s.m.m.a.HttpEntityMethodProcessor - Using 'application/json', given [*/*] and supported [application/json, application/*+json]
2026-05-13 22:40:51.395+03:00 DEBUG [main] o.s.w.s.m.m.a.HttpEntityMethodProcessor - Writing [{saved=true, success=true}]
2026-05-13 22:40:51.412+03:00 DEBUG [main] o.s.w.s.m.m.a.RequestMappingHandlerMapping - Mapped to com.example.panel.controller.DialogAiOpsController#deleteAiSolutionMemory(String, Authentication)
2026-05-13 22:40:51.415+03:00 DEBUG [main] o.s.w.s.m.m.a.HttpEntityMethodProcessor - Using 'application/json', given [*/*] and supported [application/json, application/*+json]
2026-05-13 22:40:51.416+03:00 DEBUG [main] o.s.w.s.m.m.a.HttpEntityMethodProcessor - Writing [{deleted=true, success=true}]
2026-05-13 22:40:51.434+03:00 DEBUG [main] o.s.w.s.m.m.a.RequestMappingHandlerMapping - Mapped to com.example.panel.controller.DialogAiOpsController#approveAiReview(String, AiReviewApproveRequest, Authentication)
2026-05-13 22:40:51.443+03:00 DEBUG [main] o.s.w.s.m.m.a.RequestResponseBodyMethodProcessor - Read "application/json;charset=UTF-8" to [AiReviewApproveRequest[clientMessageId=11, operatorMessageId=22]]
2026-05-13 22:40:51.444+03:00 DEBUG [main] o.s.w.s.m.m.a.HttpEntityMethodProcessor - Using 'application/json', given [*/*] and supported [application/json, application/*+json]
2026-05-13 22:40:51.445+03:00 DEBUG [main] o.s.w.s.m.m.a.HttpEntityMethodProcessor - Writing [{approved=true, success=true}]
2026-05-13 22:40:51.459+03:00 DEBUG [main] o.s.w.s.m.m.a.RequestMappingHandlerMapping - Mapped to com.example.panel.controller.DialogAiOpsController#aiControlUpdate(String, AiControlRequest, Authentication)
2026-05-13 22:40:51.463+03:00 DEBUG [main] o.s.w.s.m.m.a.RequestResponseBodyMethodProcessor - Read "application/json;charset=UTF-8" to [AiControlRequest[aiDisabled=false, autoReplyBlocked=true, reason=throttle]]
2026-05-13 22:40:51.465+03:00 DEBUG [main] o.s.w.s.m.m.a.HttpEntityMethodProcessor - Using 'application/json', given [*/*] and supported [application/json, application/*+json]
2026-05-13 22:40:51.466+03:00 DEBUG [main] o.s.w.s.m.m.a.HttpEntityMethodProcessor - Writing [{updated=true, success=true}]
2026-05-13 22:40:51.484+03:00 DEBUG [main] o.s.w.s.m.m.a.RequestMappingHandlerMapping - Mapped to com.example.panel.controller.DialogAiOpsController#approveAiReview(String, AiReviewApproveRequest, Authentication)
2026-05-13 22:40:51.486+03:00 DEBUG [main] o.s.w.s.m.m.a.RequestResponseBodyMethodProcessor - Read "application/json;charset=UTF-8" to []
2026-05-13 22:40:51.488+03:00 DEBUG [main] o.s.w.s.m.m.a.HttpEntityMethodProcessor - Using 'application/json', given [*/*] and supported [application/json, application/*+json]
2026-05-13 22:40:51.488+03:00 DEBUG [main] o.s.w.s.m.m.a.HttpEntityMethodProcessor - Writing [{approved=true, success=true}]
2026-05-13 22:40:51.504+03:00 DEBUG [main] o.s.w.s.m.m.a.RequestMappingHandlerMapping - Mapped to com.example.panel.controller.DialogAiOpsController#upsertAiIntent(AiIntentUpsertRequest, Authentication)
2026-05-13 22:40:51.528+03:00 DEBUG [main] o.s.w.s.m.m.a.RequestResponseBodyMethodProcessor - Read "application/json;charset=UTF-8" to [AiIntentUpsertRequest[intentKey=null, title=null, description=null, patternHints=null, slotSchemaJso (truncated)...]
2026-05-13 22:40:51.530+03:00 DEBUG [main] o.s.w.s.m.m.a.HttpEntityMethodProcessor - Using 'application/json', given [*/*] and supported [application/json, application/*+json]
2026-05-13 22:40:51.531+03:00 DEBUG [main] o.s.w.s.m.m.a.HttpEntityMethodProcessor - Writing [{error=intent_key is required, success=false}]
2026-05-13 22:40:51.546+03:00 DEBUG [main] o.s.w.s.m.m.a.RequestMappingHandlerMapping - Mapped to com.example.panel.controller.DialogAiOpsController#aiControlUpdate(String, AiControlRequest, Authentication)
2026-05-13 22:40:51.548+03:00 DEBUG [main] o.s.w.s.m.m.a.RequestResponseBodyMethodProcessor - Read "application/json;charset=UTF-8" to []
2026-05-13 22:40:51.549+03:00 DEBUG [main] o.s.w.s.m.m.a.HttpEntityMethodProcessor - Using 'application/json', given [*/*] and supported [application/json, application/*+json]
2026-05-13 22:40:51.549+03:00 DEBUG [main] o.s.w.s.m.m.a.HttpEntityMethodProcessor - Writing [{error=request body is required, success=false}]
2026-05-13 22:40:51.561+03:00 DEBUG [main] o.s.w.s.m.m.a.RequestMappingHandlerMapping - Mapped to com.example.panel.controller.DialogAiOpsController#aiReclassify(String, AiDebugMessageRequest, Authentication)
2026-05-13 22:40:51.563+03:00 DEBUG [main] o.s.w.s.m.m.a.RequestResponseBodyMethodProcessor - Read "application/json;charset=UTF-8" to []
2026-05-13 22:40:51.564+03:00 DEBUG [main] o.s.w.s.m.m.a.HttpEntityMethodProcessor - Using 'application/json', given [*/*] and supported [application/json, application/*+json]
2026-05-13 22:40:51.564+03:00 DEBUG [main] o.s.w.s.m.m.a.HttpEntityMethodProcessor - Writing [{classification=unknown, success=true}]
2026-05-13 22:40:51.575+03:00 DEBUG [main] o.s.w.s.m.m.a.RequestMappingHandlerMapping - Mapped to com.example.panel.controller.DialogAiOpsController#aiOfflineEval(Authentication)
2026-05-13 22:40:51.577+03:00 DEBUG [main] o.s.w.s.m.m.a.HttpEntityMethodProcessor - Using 'application/json', given [*/*] and supported [application/json, application/*+json]
2026-05-13 22:40:51.577+03:00 DEBUG [main] o.s.w.s.m.m.a.HttpEntityMethodProcessor - Writing [{summary={precision=0.93}, success=true}]
2026-05-13 22:40:51.599+03:00 DEBUG [main] o.s.w.s.m.m.a.RequestMappingHandlerMapping - Mapped to com.example.panel.controller.DialogAiOpsController#aiKnowledgeUnits(Integer, String, String, Authentication)
2026-05-13 22:40:51.603+03:00 DEBUG [main] o.s.w.s.m.m.a.HttpEntityMethodProcessor - Using 'application/json', given [*/*] and supported [application/json, application/*+json]
2026-05-13 22:40:51.603+03:00 DEBUG [main] o.s.w.s.m.m.a.HttpEntityMethodProcessor - Writing [{items=[{unit_key=kb-1}], success=true}]
2026-05-13 22:40:51.616+03:00 DEBUG [main] o.s.w.s.m.m.a.RequestMappingHandlerMapping - Mapped to com.example.panel.controller.DialogAiOpsController#approveAiReviewByKey(String, Authentication)
2026-05-13 22:40:51.619+03:00 DEBUG [main] o.s.w.s.m.m.a.HttpEntityMethodProcessor - Using 'application/json', given [*/*] and supported [application/json, application/*+json]
2026-05-13 22:40:51.620+03:00 DEBUG [main] o.s.w.s.m.m.a.HttpEntityMethodProcessor - Writing [{approved=true, success=true}]
2026-05-13 22:40:51.633+03:00 DEBUG [main] o.s.w.s.m.m.a.RequestMappingHandlerMapping - Mapped to com.example.panel.controller.DialogAiOpsController#aiRetrieveDebug(String, AiRetrieveDebugRequest, Authentication)
2026-05-13 22:40:51.643+03:00 DEBUG [main] o.s.w.s.m.m.a.RequestResponseBodyMethodProcessor - Read "application/json;charset=UTF-8" to [AiRetrieveDebugRequest[message=need help, messageType=text, attachment=null, limit=3]]
2026-05-13 22:40:51.645+03:00 DEBUG [main] o.s.w.s.m.m.a.HttpEntityMethodProcessor - Using 'application/json', given [*/*] and supported [application/json, application/*+json]
2026-05-13 22:40:51.645+03:00 DEBUG [main] o.s.w.s.m.m.a.HttpEntityMethodProcessor - Writing [{items=[{score=0.91}], success=true}]
2026-05-13 22:40:51.657+03:00 DEBUG [main] o.s.w.s.m.m.a.RequestMappingHandlerMapping - Mapped to com.example.panel.controller.DialogAiOpsController#aiSuggestionFeedback(String, AiSuggestionFeedbackRequest, Authentication)
2026-05-13 22:40:51.669+03:00 DEBUG [main] o.s.w.s.m.m.a.RequestResponseBodyMethodProcessor - Read "application/json;charset=UTF-8" to [AiSuggestionFeedbackRequest[decision=accepted, source=rag, title=KB article, snippet=snippet, sugges (truncated)...]
2026-05-13 22:40:51.670+03:00 DEBUG [main] o.s.w.s.m.m.a.HttpEntityMethodProcessor - Using 'application/json', given [*/*] and supported [application/json, application/*+json]
2026-05-13 22:40:51.672+03:00 DEBUG [main] o.s.w.s.m.m.a.HttpEntityMethodProcessor - Writing [{success=true}]
2026-05-13 22:40:51.684+03:00 DEBUG [main] o.s.w.s.m.m.a.RequestMappingHandlerMapping - Mapped to com.example.panel.controller.DialogAiOpsController#aiControlUpdate(String, AiControlRequest, Authentication)
2026-05-13 22:40:51.687+03:00 DEBUG [main] o.s.w.s.m.m.a.RequestResponseBodyMethodProcessor - Read "application/json;charset=UTF-8" to [AiControlRequest[aiDisabled=true, autoReplyBlocked=false, reason=manual_pause]]
2026-05-13 22:40:51.688+03:00 DEBUG [main] o.s.w.s.m.m.a.HttpEntityMethodProcessor - Using 'application/json', given [*/*] and supported [application/json, application/*+json]
2026-05-13 22:40:51.688+03:00 DEBUG [main] o.s.w.s.m.m.a.HttpEntityMethodProcessor - Writing [{success=true, updated=true, control={auto_reply_blocked=false, ai_disabled=true}}]
2026-05-13 22:40:51.701+03:00 DEBUG [main] o.s.w.s.m.m.a.RequestMappingHandlerMapping - Mapped to com.example.panel.controller.DialogAiOpsController#aiDecisionTrace(String, Integer, Authentication)
2026-05-13 22:40:51.703+03:00 DEBUG [main] o.s.w.s.m.m.a.HttpEntityMethodProcessor - Using 'application/json', given [*/*] and supported [application/json, application/*+json]
2026-05-13 22:40:51.704+03:00 DEBUG [main] o.s.w.s.m.m.a.HttpEntityMethodProcessor - Writing [{items=[{step=retrieve}], success=true}]
2026-05-13 22:40:51.712+03:00 DEBUG [main] o.s.w.s.m.m.a.RequestMappingHandlerMapping - Mapped to com.example.panel.controller.DialogAiOpsController#submitAiLearningMapping(String, AiLearningMappingRequest, Authentication)
2026-05-13 22:40:51.722+03:00 DEBUG [main] o.s.w.s.m.m.a.RequestResponseBodyMethodProcessor - Read "application/json;charset=UTF-8" to [AiLearningMappingRequest[clientProblemMessage=problem, operatorSolutionMessage=solution]]
2026-05-13 22:40:51.724+03:00 DEBUG [main] o.s.w.s.m.m.a.HttpEntityMethodProcessor - Using 'application/json', given [*/*] and supported [application/json, application/*+json]
2026-05-13 22:40:51.726+03:00 DEBUG [main] o.s.w.s.m.m.a.HttpEntityMethodProcessor - Writing [{saved=true, success=true}]
2026-05-13 22:40:51.737+03:00 DEBUG [main] o.s.w.s.m.m.a.RequestMappingHandlerMapping - Mapped to com.example.panel.controller.DialogAiOpsController#aiSuggestionFeedback(String, AiSuggestionFeedbackRequest, Authentication)
2026-05-13 22:40:51.738+03:00 DEBUG [main] o.s.w.s.m.m.a.RequestResponseBodyMethodProcessor - Read "application/json;charset=UTF-8" to [AiSuggestionFeedbackRequest[decision=null, source=rag, title=null, snippet=null, suggestedReply=null (truncated)...]
2026-05-13 22:40:51.741+03:00 DEBUG [main] o.s.w.s.m.m.a.HttpEntityMethodProcessor - Using 'application/json', given [*/*] and supported [application/json, application/*+json]
2026-05-13 22:40:51.741+03:00 DEBUG [main] o.s.w.s.m.m.a.HttpEntityMethodProcessor - Writing [{error=decision is required, success=false}]
2026-05-13 22:40:51.753+03:00 DEBUG [main] o.s.w.s.m.m.a.RequestMappingHandlerMapping - Mapped to com.example.panel.controller.DialogAiOpsController#updateAiSolutionMemory(String, AiSolutionMemoryUpdateRequest, Authentication)
2026-05-13 22:40:51.756+03:00 DEBUG [main] o.s.w.s.m.m.a.RequestResponseBodyMethodProcessor - Read "application/json;charset=UTF-8" to [AiSolutionMemoryUpdateRequest[queryText=Как сбросить пароль?, solutionText=null, reviewRequired=null (truncated)...]
2026-05-13 22:40:51.757+03:00 DEBUG [main] o.s.w.s.m.m.a.HttpEntityMethodProcessor - Using 'application/json', given [*/*] and supported [application/json, application/*+json]
2026-05-13 22:40:51.758+03:00 DEBUG [main] o.s.w.s.m.m.a.HttpEntityMethodProcessor - Writing [{error=query_text and solution_text are required, success=false}]
2026-05-13 22:40:51.770+03:00 DEBUG [main] o.s.w.s.m.m.a.RequestMappingHandlerMapping - Mapped to com.example.panel.controller.DialogAiOpsController#aiReview(String, Authentication)
2026-05-13 22:40:51.772+03:00 DEBUG [main] o.s.w.s.m.m.a.HttpEntityMethodProcessor - Using 'application/json', given [*/*] and supported [application/json, application/*+json]
2026-05-13 22:40:51.772+03:00 DEBUG [main] o.s.w.s.m.m.a.HttpEntityMethodProcessor - Writing [{review={status=pending}, success=true}]
2026-05-13 22:40:51.784+03:00 DEBUG [main] o.s.w.s.m.m.a.RequestMappingHandlerMapping - Mapped to com.example.panel.controller.DialogAiOpsController#aiSolutionMemory(Integer, String, Authentication)
2026-05-13 22:40:51.786+03:00 DEBUG [main] o.s.w.s.m.m.a.HttpEntityMethodProcessor - Using 'application/json', given [*/*] and supported [application/json, application/*+json]
2026-05-13 22:40:51.787+03:00 DEBUG [main] o.s.w.s.m.m.a.HttpEntityMethodProcessor - Writing [{items=[{query_key=vpn-reset}], success=true}]
2026-05-13 22:40:51.794+03:00 DEBUG [main] o.s.w.s.m.m.a.RequestMappingHandlerMapping - Mapped to com.example.panel.controller.DialogAiOpsController#aiSuggestions(String, Integer, Authentication)
2026-05-13 22:40:51.800+03:00 DEBUG [main] o.s.w.s.m.m.a.HttpEntityMethodProcessor - Using 'application/json', given [*/*] and supported [application/json, application/*+json]
2026-05-13 22:40:51.800+03:00 DEBUG [main] o.s.w.s.m.m.a.HttpEntityMethodProcessor - Writing [{items=[{score=0.82}], success=true}]
2026-05-13 22:40:51.814+03:00 DEBUG [main] o.s.w.s.m.m.a.RequestMappingHandlerMapping - Mapped to com.example.panel.controller.DialogAiOpsController#upsertAiIntent(AiIntentUpsertRequest, Authentication)
2026-05-13 22:40:51.814+03:00 DEBUG [main] o.s.w.s.m.m.a.RequestResponseBodyMethodProcessor - Read "application/json;charset=UTF-8" to [AiIntentUpsertRequest[intentKey=vpn.reset, title=VPN reset, description=desc, patternHints=vpn, rese (truncated)...]
2026-05-13 22:40:51.816+03:00 DEBUG [main] o.s.w.s.m.m.a.HttpEntityMethodProcessor - Using 'application/json', given [*/*] and supported [application/json, application/*+json]
2026-05-13 22:40:51.818+03:00 DEBUG [main] o.s.w.s.m.m.a.HttpEntityMethodProcessor - Writing [{updated=true, success=true}]
2026-05-13 22:40:51.831+03:00 DEBUG [main] o.s.w.s.m.m.a.RequestMappingHandlerMapping - Mapped to com.example.panel.controller.DialogAiOpsController#submitAiLearningMapping(String, AiLearningMappingRequest, Authentication)
2026-05-13 22:40:51.835+03:00 DEBUG [main] o.s.w.s.m.m.a.RequestResponseBodyMethodProcessor - Read "application/json;charset=UTF-8" to [AiLearningMappingRequest[clientProblemMessage=Не работает, operatorSolutionMessage=null]]
2026-05-13 22:40:51.837+03:00 DEBUG [main] o.s.w.s.m.m.a.HttpEntityMethodProcessor - Using 'application/json', given [*/*] and supported [application/json, application/*+json]
2026-05-13 22:40:51.837+03:00 DEBUG [main] o.s.w.s.m.m.a.HttpEntityMethodProcessor - Writing [{error=client_problem_message and operator_solution_message are required, success=false}]
2026-05-13 22:40:51.852+03:00 DEBUG [main] o.s.w.s.m.m.a.RequestMappingHandlerMapping - Mapped to com.example.panel.controller.DialogAiOpsController#aiSuggestions(String, Integer, Authentication)
2026-05-13 22:40:51.854+03:00 DEBUG [main] o.s.w.s.m.m.a.HttpEntityMethodProcessor - Using 'application/json', given [*/*] and supported [application/json, application/*+json]
2026-05-13 22:40:51.856+03:00 DEBUG [main] o.s.w.s.m.m.a.HttpEntityMethodProcessor - Writing [{error=Недостаточно прав для выполнения действия, success=false}]
2026-05-13 22:40:51.868+03:00 DEBUG [main] o.s.w.s.m.m.a.RequestMappingHandlerMapping - Mapped to com.example.panel.controller.DialogAiOpsController#aiIntents(Integer, String, Boolean, Authentication)
2026-05-13 22:40:51.870+03:00 DEBUG [main] o.s.w.s.m.m.a.HttpEntityMethodProcessor - Using 'application/json', given [*/*] and supported [application/json, application/*+json]
2026-05-13 22:40:51.871+03:00 DEBUG [main] o.s.w.s.m.m.a.HttpEntityMethodProcessor - Writing [{items=[{intent_key=vpn.reset}], success=true}]
2026-05-13 22:40:54.931+03:00 DEBUG [SpringApplicationShutdownHook] o.s.w.c.s.GenericWebApplicationContext - Closing org.springframework.web.context.support.GenericWebApplicationContext@3910fe11, started on Wed May 13 22:40:42 MSK 2026
