Picked up JAVA_TOOL_OPTIONS: -Dfile.encoding=UTF-8 -Dsun.jnu.encoding=UTF-8 -Dsun.stdout.encoding=UTF-8 -Dsun.stderr.encoding=UTF-8

  .   ____          _            __ _ _
 /\\ / ___'_ __ _ _(_)_ __  __ _ \ \ \ \
( ( )\___ | '_ | '_| | '_ \/ _` | \ \ \ \
 \\/  ___)| |_)| | | | | || (_| |  ) ) ) )
  '  |____| .__|_| |_|_| |_\__, | / / / /
 =========|_|==============|___/=/_/_/_/
 :: Spring Boot ::                (v3.2.5)

2026-05-19 10:02:49.447+03:00 INFO  [background-preinit] o.h.validator.internal.util.Version - HV000001: Hibernate Validator 8.0.1.Final
2026-05-19 10:02:49.539+03:00 INFO  [main] c.e.supportbot.max.MaxBotApplication - Starting MaxBotApplication v0.0.1-SNAPSHOT using Java 25.0.2 with PID 25888 (C:\Users\SinicinVV\git_h\tg_ref_b24_sup\java-bot\bot-max\target\bot-max-0.0.1-SNAPSHOT.jar started by SinicinVV in C:\Users\SinicinVV\git_h\tg_ref_b24_sup\java-bot)
2026-05-19 10:02:49.540+03:00 INFO  [main] c.e.supportbot.max.MaxBotApplication - The following 1 profile is active: "default"
2026-05-19 10:02:50.268+03:00 INFO  [main] o.s.d.r.c.RepositoryConfigurationDelegate - Bootstrapping Spring Data JPA repositories in DEFAULT mode.
2026-05-19 10:02:50.366+03:00 INFO  [main] o.s.d.r.c.RepositoryConfigurationDelegate - Finished Spring Data repository scanning in 91 ms. Found 30 JPA repository interfaces.
WARNING: A restricted method in java.lang.System has been called
WARNING: java.lang.System::load has been called by org.apache.tomcat.jni.Library in an unnamed module (jar:nested:/C:/Users/SinicinVV/git_h/tg_ref_b24_sup/java-bot/bot-max/target/bot-max-0.0.1-SNAPSHOT.jar/!BOOT-INF/lib/tomcat-embed-core-10.1.20.jar!/)
WARNING: Use --enable-native-access=ALL-UNNAMED to avoid a warning for callers in this module
WARNING: Restricted methods will be blocked in a future release unless native access is enabled

2026-05-19 10:02:51.352+03:00 INFO  [main] o.s.b.w.e.tomcat.TomcatWebServer - Tomcat initialized with port 18002 (http)
2026-05-19 10:02:51.375+03:00 INFO  [main] o.a.coyote.http11.Http11NioProtocol - Initializing ProtocolHandler ["http-nio-127.0.0.1-18002"]
2026-05-19 10:02:51.379+03:00 INFO  [main] o.a.catalina.core.StandardService - Starting service [Tomcat]
2026-05-19 10:02:51.379+03:00 INFO  [main] o.a.catalina.core.StandardEngine - Starting Servlet engine: [Apache Tomcat/10.1.20]
2026-05-19 10:02:51.446+03:00 INFO  [main] o.a.c.c.C.[Tomcat].[localhost].[/] - Initializing Spring embedded WebApplicationContext
2026-05-19 10:02:51.447+03:00 INFO  [main] o.s.b.w.s.c.ServletWebServerApplicationContext - Root WebApplicationContext: initialization completed in 1812 ms
2026-05-19 10:02:51.999+03:00 INFO  [main] o.h.jpa.internal.util.LogHelper - HHH000204: Processing PersistenceUnitInfo [name: default]
2026-05-19 10:02:52.144+03:00 INFO  [main] org.hibernate.Version - HHH000412: Hibernate ORM core version 6.4.4.Final
2026-05-19 10:02:52.213+03:00 INFO  [main] o.h.c.i.RegionFactoryInitiator - HHH000026: Second-level cache disabled
2026-05-19 10:02:52.841+03:00 INFO  [main] o.s.o.j.p.SpringPersistenceUnitInfo - No LoadTimeWeaver setup: ignoring JPA class transformer
2026-05-19 10:02:55.430+03:00 INFO  [main] o.h.e.t.j.p.i.JtaPlatformInitiator - HHH000489: No JTA platform available (set 'hibernate.transaction.jta.platform' to enable JTA platform integration)
2026-05-19 10:02:55.435+03:00 INFO  [main] o.s.o.j.LocalContainerEntityManagerFactoryBean - Initialized JPA EntityManagerFactory for persistence unit 'default'
2026-05-19 10:02:57.302+03:00 WARN  [main] o.s.b.a.o.j.JpaBaseConfiguration$JpaWebConfiguration - spring.jpa.open-in-view is enabled by default. Therefore, database queries may be performed during view rendering. Explicitly configure spring.jpa.open-in-view to disable this warning
2026-05-19 10:02:57.932+03:00 INFO  [main] c.e.s.max.MaxLongPollingLifecycle - MAX long polling started
2026-05-19 10:02:57.933+03:00 INFO  [main] o.a.coyote.http11.Http11NioProtocol - Starting ProtocolHandler ["http-nio-127.0.0.1-18002"]
2026-05-19 10:02:57.965+03:00 INFO  [main] o.s.b.w.e.tomcat.TomcatWebServer - Tomcat started on port 18002 (http) with context path ''
2026-05-19 10:02:58.009+03:00 INFO  [main] c.e.supportbot.max.MaxBotApplication - Started MaxBotApplication in 9.102 seconds (process running for 9.642)
