2026-05-05 16:32:22.687+03:00 DEBUG [main] o.s.boot.ApplicationEnvironment - Activating profiles [default]
2026-05-05 16:32:22.691+03:00 INFO  [background-preinit] o.h.validator.internal.util.Version - HV000001: Hibernate Validator 8.0.1.Final
2026-05-05 16:32:22.727+03:00 INFO  [main] c.e.s.t.TelegramBotApplication - Starting TelegramBotApplication using Java 25.0.2 with PID 22172 (C:\Users\SinicinVV\git_h\tg_ref_b24_sup\java-bot\bot-telegram\target\classes started by SinicinVV in C:\Users\SinicinVV\git_h\tg_ref_b24_sup\java-bot\bot-telegram)
2026-05-05 16:32:22.727+03:00 INFO  [main] c.e.s.t.TelegramBotApplication - The following 1 profile is active: "default"
2026-05-05 16:32:22.728+03:00 DEBUG [main] o.s.boot.SpringApplication - Loading source class com.example.supportbot.telegram.TelegramBotApplication
2026-05-05 16:32:23.066+03:00 INFO  [main] o.s.d.r.c.RepositoryConfigurationDelegate - Bootstrapping Spring Data JPA repositories in DEFAULT mode.
2026-05-05 16:32:23.154+03:00 INFO  [main] o.s.d.r.c.RepositoryConfigurationDelegate - Finished Spring Data repository scanning in 83 ms. Found 30 JPA repository interfaces.
2026-05-05 16:32:23.410+03:00 DEBUG [main] o.s.b.c.p.s.ConfigurationPropertySourcesPropertyResolver$DefaultResolver - Found key 'APP_DB_TICKETS' in PropertySource 'systemEnvironment' with value of type String
2026-05-05 16:32:23.489+03:00 INFO  [main] o.h.jpa.internal.util.LogHelper - HHH000204: Processing PersistenceUnitInfo [name: default]
2026-05-05 16:32:23.536+03:00 INFO  [main] org.hibernate.Version - HHH000412: Hibernate ORM core version 6.4.4.Final
2026-05-05 16:32:23.556+03:00 INFO  [main] o.h.c.i.RegionFactoryInitiator - HHH000026: Second-level cache disabled
2026-05-05 16:32:23.705+03:00 INFO  [main] o.s.o.j.p.SpringPersistenceUnitInfo - No LoadTimeWeaver setup: ignoring JPA class transformer
2026-05-05 16:32:24.686+03:00 INFO  [main] o.h.e.t.j.p.i.JtaPlatformInitiator - HHH000489: No JTA platform available (set 'hibernate.transaction.jta.platform' to enable JTA platform integration)
2026-05-05 16:32:24.688+03:00 INFO  [main] o.s.o.j.LocalContainerEntityManagerFactoryBean - Initialized JPA EntityManagerFactory for persistence unit 'default'
2026-05-05 16:32:24.694+03:00 DEBUG [main] o.s.b.c.p.s.ConfigurationPropertySourcesPropertyResolver$DefaultResolver - Found key 'GROUP_CHAT_ID' in PropertySource 'systemEnvironment' with value of type String
2026-05-05 16:32:24.695+03:00 DEBUG [main] o.s.b.c.p.s.ConfigurationPropertySourcesPropertyResolver$DefaultResolver - Found key 'TELEGRAM_BOT_TOKEN' in PropertySource 'systemEnvironment' with value of type String
2026-05-05 16:32:24.695+03:00 DEBUG [main] o.s.b.c.p.s.ConfigurationPropertySourcesPropertyResolver$DefaultResolver - Found key 'TELEGRAM_BOT_USERNAME' in PropertySource 'systemEnvironment' with value of type String
2026-05-05 16:32:24.935+03:00 DEBUG [main] o.s.b.c.p.s.ConfigurationPropertySourcesPropertyResolver$DefaultResolver - Found key 'APP_BOT_LOG_PATH' in PropertySource 'systemEnvironment' with value of type String
2026-05-05 16:32:24.973+03:00 DEBUG [main] o.s.b.a.AutoConfigurationPackages - @EnableAutoConfiguration was declared on a class in the package 'com.example.supportbot.telegram'. Automatic @Repository and @Entity scanning is enabled.
2026-05-05 16:32:25.061+03:00 DEBUG [main] o.s.jdbc.core.JdbcTemplate - Executing SQL statement [ALTER TABLE chat_history ADD COLUMN original_message TEXT]
2026-05-05 16:32:25.072+03:00 DEBUG [main] o.s.jdbc.core.JdbcTemplate - Executing SQL statement [ALTER TABLE chat_history ADD COLUMN forwarded_from TEXT]
2026-05-05 16:32:25.229+03:00 INFO  [main] c.e.supportbot.telegram.SupportBot - Initializing Telegram bot configuration check
2026-05-05 16:32:25.230+03:00 INFO  [main] c.e.supportbot.telegram.SupportBot - Telegram bot configuration: username='tst_int_SV_bot' token=8391…kzYU (46) channelId=-4961108450
2026-05-05 16:32:25.230+03:00 INFO  [main] c.e.supportbot.telegram.SupportBot - Telegram client will use proxy vless://ext.aezailoveyou.ru:443
2026-05-05 16:32:46.307+03:00 INFO  [main] o.a.http.impl.execchain.RetryExec - I/O exception (java.net.SocketException) caught when processing request to {s}->https://api.telegram.org:443: Connection timed out: getsockopt
2026-05-05 16:32:46.307+03:00 INFO  [main] o.a.http.impl.execchain.RetryExec - Retrying request to {s}->https://api.telegram.org:443
2026-05-05 16:34:54.298+03:00 DEBUG [main] o.s.boot.ApplicationEnvironment - Activating profiles [default]
2026-05-05 16:34:54.301+03:00 INFO  [background-preinit] o.h.validator.internal.util.Version - HV000001: Hibernate Validator 8.0.1.Final
2026-05-05 16:34:54.339+03:00 INFO  [main] c.e.s.t.TelegramBotApplication - Starting TelegramBotApplication using Java 25.0.2 with PID 22836 (C:\Users\SinicinVV\git_h\tg_ref_b24_sup\java-bot\bot-telegram\target\classes started by SinicinVV in C:\Users\SinicinVV\git_h\tg_ref_b24_sup\java-bot\bot-telegram)
2026-05-05 16:34:54.340+03:00 INFO  [main] c.e.s.t.TelegramBotApplication - The following 1 profile is active: "default"
2026-05-05 16:34:54.340+03:00 DEBUG [main] o.s.boot.SpringApplication - Loading source class com.example.supportbot.telegram.TelegramBotApplication
2026-05-05 16:34:54.738+03:00 INFO  [main] o.s.d.r.c.RepositoryConfigurationDelegate - Bootstrapping Spring Data JPA repositories in DEFAULT mode.
2026-05-05 16:34:54.841+03:00 INFO  [main] o.s.d.r.c.RepositoryConfigurationDelegate - Finished Spring Data repository scanning in 93 ms. Found 30 JPA repository interfaces.
2026-05-05 16:34:55.118+03:00 DEBUG [main] o.s.b.c.p.s.ConfigurationPropertySourcesPropertyResolver$DefaultResolver - Found key 'APP_DB_TICKETS' in PropertySource 'systemEnvironment' with value of type String
2026-05-05 16:34:55.200+03:00 INFO  [main] o.h.jpa.internal.util.LogHelper - HHH000204: Processing PersistenceUnitInfo [name: default]
2026-05-05 16:34:55.259+03:00 INFO  [main] org.hibernate.Version - HHH000412: Hibernate ORM core version 6.4.4.Final
2026-05-05 16:34:55.288+03:00 INFO  [main] o.h.c.i.RegionFactoryInitiator - HHH000026: Second-level cache disabled
2026-05-05 16:34:55.498+03:00 INFO  [main] o.s.o.j.p.SpringPersistenceUnitInfo - No LoadTimeWeaver setup: ignoring JPA class transformer
2026-05-05 16:34:56.502+03:00 INFO  [main] o.h.e.t.j.p.i.JtaPlatformInitiator - HHH000489: No JTA platform available (set 'hibernate.transaction.jta.platform' to enable JTA platform integration)
2026-05-05 16:34:56.504+03:00 INFO  [main] o.s.o.j.LocalContainerEntityManagerFactoryBean - Initialized JPA EntityManagerFactory for persistence unit 'default'
2026-05-05 16:34:56.507+03:00 DEBUG [main] o.s.b.c.p.s.ConfigurationPropertySourcesPropertyResolver$DefaultResolver - Found key 'GROUP_CHAT_ID' in PropertySource 'systemEnvironment' with value of type String
2026-05-05 16:34:56.509+03:00 DEBUG [main] o.s.b.c.p.s.ConfigurationPropertySourcesPropertyResolver$DefaultResolver - Found key 'TELEGRAM_BOT_TOKEN' in PropertySource 'systemEnvironment' with value of type String
2026-05-05 16:34:56.509+03:00 DEBUG [main] o.s.b.c.p.s.ConfigurationPropertySourcesPropertyResolver$DefaultResolver - Found key 'TELEGRAM_BOT_USERNAME' in PropertySource 'systemEnvironment' with value of type String
2026-05-05 16:34:56.965+03:00 DEBUG [main] o.s.b.c.p.s.ConfigurationPropertySourcesPropertyResolver$DefaultResolver - Found key 'APP_BOT_LOG_PATH' in PropertySource 'systemEnvironment' with value of type String
2026-05-05 16:34:57.068+03:00 DEBUG [main] o.s.b.a.AutoConfigurationPackages - @EnableAutoConfiguration was declared on a class in the package 'com.example.supportbot.telegram'. Automatic @Repository and @Entity scanning is enabled.
2026-05-05 16:34:57.311+03:00 DEBUG [main] o.s.jdbc.core.JdbcTemplate - Executing SQL statement [ALTER TABLE chat_history ADD COLUMN original_message TEXT]
2026-05-05 16:34:57.335+03:00 DEBUG [main] o.s.jdbc.core.JdbcTemplate - Executing SQL statement [ALTER TABLE chat_history ADD COLUMN forwarded_from TEXT]
2026-05-05 16:34:57.682+03:00 INFO  [main] c.e.supportbot.telegram.SupportBot - Initializing Telegram bot configuration check
2026-05-05 16:34:57.688+03:00 INFO  [main] c.e.supportbot.telegram.SupportBot - Telegram bot configuration: username='tst_int_SV_bot' token=8391…kzYU (46) channelId=-4961108450
2026-05-05 16:34:57.689+03:00 INFO  [main] c.e.supportbot.telegram.SupportBot - Telegram client will use proxy vless://ext.aezailoveyou.ru:443
2026-05-05 16:35:18.883+03:00 INFO  [main] o.a.http.impl.execchain.RetryExec - I/O exception (java.net.SocketException) caught when processing request to {s}->https://api.telegram.org:443: Connection timed out: getsockopt
2026-05-05 16:35:18.884+03:00 INFO  [main] o.a.http.impl.execchain.RetryExec - Retrying request to {s}->https://api.telegram.org:443
