2026-04-21 09:58:18.795+03:00 INFO  [background-preinit] o.h.validator.internal.util.Version - HV000001: Hibernate Validator 8.0.1.Final
2026-04-21 09:58:18.838+03:00 INFO  [main] c.e.supportbot.max.MaxBotApplication - Starting MaxBotApplication using Java 25.0.2 with PID 460 (C:\Users\SinicinVV\git_h\tg_ref_b24_sup\java-bot\bot-max\target\classes started by SinicinVV in C:\Users\SinicinVV\git_h\tg_ref_b24_sup\java-bot\bot-max)
2026-04-21 09:58:18.839+03:00 INFO  [main] c.e.supportbot.max.MaxBotApplication - The following 1 profile is active: "default"
2026-04-21 09:58:19.170+03:00 INFO  [main] o.s.d.r.c.RepositoryConfigurationDelegate - Bootstrapping Spring Data JPA repositories in DEFAULT mode.
2026-04-21 09:58:19.264+03:00 INFO  [main] o.s.d.r.c.RepositoryConfigurationDelegate - Finished Spring Data repository scanning in 89 ms. Found 30 JPA repository interfaces.
2026-04-21 09:58:19.685+03:00 INFO  [main] o.h.jpa.internal.util.LogHelper - HHH000204: Processing PersistenceUnitInfo [name: default]
2026-04-21 09:58:19.729+03:00 INFO  [main] org.hibernate.Version - HHH000412: Hibernate ORM core version 6.4.4.Final
2026-04-21 09:58:19.756+03:00 INFO  [main] o.h.c.i.RegionFactoryInitiator - HHH000026: Second-level cache disabled
2026-04-21 09:58:19.964+03:00 INFO  [main] o.s.o.j.p.SpringPersistenceUnitInfo - No LoadTimeWeaver setup: ignoring JPA class transformer
2026-04-21 09:58:21.100+03:00 INFO  [main] o.h.e.t.j.p.i.JtaPlatformInitiator - HHH000489: No JTA platform available (set 'hibernate.transaction.jta.platform' to enable JTA platform integration)
2026-04-21 09:58:21.103+03:00 INFO  [main] o.s.o.j.LocalContainerEntityManagerFactoryBean - Initialized JPA EntityManagerFactory for persistence unit 'default'
2026-04-21 09:58:23.247+03:00 INFO  [main] c.e.s.max.MaxLongPollingLifecycle - MAX long polling started
2026-04-21 09:58:23.293+03:00 INFO  [main] c.e.supportbot.max.MaxBotApplication - Started MaxBotApplication in 4.89 seconds (process running for 5.164)
2026-04-21 09:58:30.334+03:00 WARN  [scheduling-1] c.e.s.service.MessagingService - No outbound messenger registered for platform telegram
2026-04-21 09:58:30.334+03:00 WARN  [scheduling-1] c.e.s.service.MessagingService - No outbound messenger registered for platform telegram
2026-04-21 09:58:30.334+03:00 WARN  [scheduling-1] c.e.s.service.MessagingService - No outbound messenger registered for platform telegram
2026-04-21 09:58:30.334+03:00 WARN  [scheduling-1] c.e.s.service.MessagingService - No outbound messenger registered for platform telegram
2026-04-21 09:58:30.334+03:00 WARN  [scheduling-1] c.e.s.service.MessagingService - No outbound messenger registered for platform telegram
2026-04-21 09:58:30.334+03:00 WARN  [scheduling-1] c.e.s.service.MessagingService - No outbound messenger registered for platform telegram
2026-04-21 09:58:30.335+03:00 WARN  [scheduling-1] c.e.s.service.MessagingService - No outbound messenger registered for platform telegram
2026-04-21 09:58:30.335+03:00 WARN  [scheduling-1] c.e.s.service.MessagingService - No outbound messenger registered for platform telegram
2026-04-21 09:58:30.335+03:00 WARN  [scheduling-1] c.e.s.service.MessagingService - No outbound messenger registered for platform telegram
2026-04-21 09:58:30.335+03:00 WARN  [scheduling-1] c.e.s.service.MessagingService - No outbound messenger registered for platform telegram
2026-04-21 09:58:30.335+03:00 WARN  [scheduling-1] c.e.s.service.MessagingService - No outbound messenger registered for platform telegram
2026-04-21 09:58:30.335+03:00 WARN  [scheduling-1] c.e.s.service.MessagingService - No outbound messenger registered for platform telegram
2026-04-21 09:58:30.335+03:00 WARN  [scheduling-1] c.e.s.service.MessagingService - No outbound messenger registered for platform telegram
2026-04-21 09:58:30.335+03:00 WARN  [scheduling-1] c.e.s.service.MessagingService - No outbound messenger registered for platform telegram
2026-04-21 09:58:30.335+03:00 WARN  [scheduling-1] c.e.s.service.MessagingService - No outbound messenger registered for platform telegram
2026-04-21 09:58:30.335+03:00 WARN  [scheduling-1] c.e.s.service.MessagingService - No outbound messenger registered for platform telegram
2026-04-21 09:58:30.336+03:00 WARN  [scheduling-1] c.e.s.service.MessagingService - No outbound messenger registered for platform telegram
2026-04-21 09:58:30.336+03:00 WARN  [scheduling-1] c.e.s.service.MessagingService - No outbound messenger registered for platform telegram
2026-04-21 09:58:30.336+03:00 WARN  [scheduling-1] c.e.s.service.MessagingService - No outbound messenger registered for platform telegram
2026-04-21 09:58:30.336+03:00 WARN  [scheduling-1] c.e.s.service.MessagingService - No outbound messenger registered for platform telegram
2026-04-21 09:58:30.336+03:00 WARN  [scheduling-1] c.e.s.service.MessagingService - No outbound messenger registered for platform telegram
2026-04-21 09:58:30.336+03:00 WARN  [scheduling-1] c.e.s.service.MessagingService - No outbound messenger registered for platform telegram
2026-04-21 09:58:30.336+03:00 WARN  [scheduling-1] c.e.s.service.MessagingService - No outbound messenger registered for platform telegram
2026-04-21 09:58:30.336+03:00 WARN  [scheduling-1] c.e.s.service.MessagingService - No outbound messenger registered for platform telegram
2026-04-21 09:58:30.336+03:00 WARN  [scheduling-1] c.e.s.service.MessagingService - No outbound messenger registered for platform telegram
2026-04-21 09:58:30.336+03:00 WARN  [scheduling-1] c.e.s.service.MessagingService - No outbound messenger registered for platform telegram
2026-04-21 09:58:30.336+03:00 WARN  [scheduling-1] c.e.s.service.MessagingService - No outbound messenger registered for platform telegram
2026-04-21 09:58:30.337+03:00 WARN  [scheduling-1] c.e.s.service.MessagingService - No outbound messenger registered for platform telegram
2026-04-21 09:58:30.337+03:00 WARN  [scheduling-1] c.e.s.service.MessagingService - No outbound messenger registered for platform telegram
2026-04-21 09:58:30.337+03:00 WARN  [scheduling-1] c.e.s.service.MessagingService - No outbound messenger registered for platform telegram
2026-04-21 09:58:30.337+03:00 WARN  [scheduling-1] c.e.s.service.MessagingService - No outbound messenger registered for platform telegram
2026-04-21 09:58:30.337+03:00 WARN  [scheduling-1] c.e.s.service.MessagingService - No outbound messenger registered for platform telegram
2026-04-21 09:58:30.337+03:00 WARN  [scheduling-1] c.e.s.service.MessagingService - No outbound messenger registered for platform telegram
2026-04-21 09:58:30.337+03:00 WARN  [scheduling-1] c.e.s.service.MessagingService - No outbound messenger registered for platform telegram
2026-04-21 10:00:00.179+03:00 INFO  [scheduling-1] c.e.s.service.MaintenanceTasks - Auto-closed 1 inactive tickets after PT1H
2026-04-21 10:00:30.030+03:00 WARN  [scheduling-1] c.e.s.service.MessagingService - No outbound messenger registered for platform telegram
2026-04-21 10:00:30.030+03:00 WARN  [scheduling-1] c.e.s.service.MessagingService - No outbound messenger registered for platform telegram
2026-04-21 10:00:30.030+03:00 WARN  [scheduling-1] c.e.s.service.MessagingService - No outbound messenger registered for platform telegram
2026-04-21 10:00:30.030+03:00 WARN  [scheduling-1] c.e.s.service.MessagingService - No outbound messenger registered for platform telegram
2026-04-21 10:00:30.030+03:00 WARN  [scheduling-1] c.e.s.service.MessagingService - No outbound messenger registered for platform telegram
2026-04-21 10:00:30.032+03:00 WARN  [scheduling-1] c.e.s.service.MessagingService - No outbound messenger registered for platform telegram
2026-04-21 10:00:30.032+03:00 WARN  [scheduling-1] c.e.s.service.MessagingService - No outbound messenger registered for platform telegram
2026-04-21 10:00:30.032+03:00 WARN  [scheduling-1] c.e.s.service.MessagingService - No outbound messenger registered for platform telegram
2026-04-21 10:00:30.032+03:00 WARN  [scheduling-1] c.e.s.service.MessagingService - No outbound messenger registered for platform telegram
2026-04-21 10:00:30.032+03:00 WARN  [scheduling-1] c.e.s.service.MessagingService - No outbound messenger registered for platform telegram
2026-04-21 10:00:30.032+03:00 WARN  [scheduling-1] c.e.s.service.MessagingService - No outbound messenger registered for platform telegram
2026-04-21 10:00:30.032+03:00 WARN  [scheduling-1] c.e.s.service.MessagingService - No outbound messenger registered for platform telegram
2026-04-21 10:00:30.033+03:00 WARN  [scheduling-1] c.e.s.service.MessagingService - No outbound messenger registered for platform telegram
2026-04-21 10:00:30.033+03:00 WARN  [scheduling-1] c.e.s.service.MessagingService - No outbound messenger registered for platform telegram
2026-04-21 10:00:30.033+03:00 WARN  [scheduling-1] c.e.s.service.MessagingService - No outbound messenger registered for platform telegram
2026-04-21 10:00:30.033+03:00 WARN  [scheduling-1] c.e.s.service.MessagingService - No outbound messenger registered for platform telegram
2026-04-21 10:00:30.034+03:00 WARN  [scheduling-1] c.e.s.service.MessagingService - No outbound messenger registered for platform telegram
2026-04-21 10:00:30.034+03:00 WARN  [scheduling-1] c.e.s.service.MessagingService - No outbound messenger registered for platform telegram
2026-04-21 10:00:30.034+03:00 WARN  [scheduling-1] c.e.s.service.MessagingService - No outbound messenger registered for platform telegram
2026-04-21 10:00:30.034+03:00 WARN  [scheduling-1] c.e.s.service.MessagingService - No outbound messenger registered for platform telegram
2026-04-21 10:00:30.034+03:00 WARN  [scheduling-1] c.e.s.service.MessagingService - No outbound messenger registered for platform telegram
2026-04-21 10:00:30.034+03:00 WARN  [scheduling-1] c.e.s.service.MessagingService - No outbound messenger registered for platform telegram
2026-04-21 10:00:30.034+03:00 WARN  [scheduling-1] c.e.s.service.MessagingService - No outbound messenger registered for platform telegram
2026-04-21 10:00:30.034+03:00 WARN  [scheduling-1] c.e.s.service.MessagingService - No outbound messenger registered for platform telegram
2026-04-21 10:00:30.034+03:00 WARN  [scheduling-1] c.e.s.service.MessagingService - No outbound messenger registered for platform telegram
2026-04-21 10:00:30.035+03:00 WARN  [scheduling-1] c.e.s.service.MessagingService - No outbound messenger registered for platform telegram
2026-04-21 10:00:30.035+03:00 WARN  [scheduling-1] c.e.s.service.MessagingService - No outbound messenger registered for platform telegram
2026-04-21 10:00:30.035+03:00 WARN  [scheduling-1] c.e.s.service.MessagingService - No outbound messenger registered for platform telegram
2026-04-21 10:00:30.035+03:00 WARN  [scheduling-1] c.e.s.service.MessagingService - No outbound messenger registered for platform telegram
2026-04-21 10:00:30.035+03:00 WARN  [scheduling-1] c.e.s.service.MessagingService - No outbound messenger registered for platform telegram
2026-04-21 10:00:30.035+03:00 WARN  [scheduling-1] c.e.s.service.MessagingService - No outbound messenger registered for platform telegram
2026-04-21 10:00:30.035+03:00 WARN  [scheduling-1] c.e.s.service.MessagingService - No outbound messenger registered for platform telegram
2026-04-21 10:00:30.035+03:00 WARN  [scheduling-1] c.e.s.service.MessagingService - No outbound messenger registered for platform telegram
2026-04-21 10:00:30.035+03:00 WARN  [scheduling-1] c.e.s.service.MessagingService - No outbound messenger registered for platform telegram
2026-04-21 10:02:30.024+03:00 WARN  [scheduling-1] c.e.s.service.MessagingService - No outbound messenger registered for platform telegram
2026-04-21 10:02:30.025+03:00 WARN  [scheduling-1] c.e.s.service.MessagingService - No outbound messenger registered for platform telegram
2026-04-21 10:02:30.025+03:00 WARN  [scheduling-1] c.e.s.service.MessagingService - No outbound messenger registered for platform telegram
2026-04-21 10:02:30.025+03:00 WARN  [scheduling-1] c.e.s.service.MessagingService - No outbound messenger registered for platform telegram
2026-04-21 10:02:30.025+03:00 WARN  [scheduling-1] c.e.s.service.MessagingService - No outbound messenger registered for platform telegram
2026-04-21 10:02:30.025+03:00 WARN  [scheduling-1] c.e.s.service.MessagingService - No outbound messenger registered for platform telegram
2026-04-21 10:02:30.025+03:00 WARN  [scheduling-1] c.e.s.service.MessagingService - No outbound messenger registered for platform telegram
2026-04-21 10:02:30.025+03:00 WARN  [scheduling-1] c.e.s.service.MessagingService - No outbound messenger registered for platform telegram
2026-04-21 10:02:30.025+03:00 WARN  [scheduling-1] c.e.s.service.MessagingService - No outbound messenger registered for platform telegram
2026-04-21 10:02:30.025+03:00 WARN  [scheduling-1] c.e.s.service.MessagingService - No outbound messenger registered for platform telegram
2026-04-21 10:02:30.025+03:00 WARN  [scheduling-1] c.e.s.service.MessagingService - No outbound messenger registered for platform telegram
2026-04-21 10:02:30.025+03:00 WARN  [scheduling-1] c.e.s.service.MessagingService - No outbound messenger registered for platform telegram
2026-04-21 10:02:30.025+03:00 WARN  [scheduling-1] c.e.s.service.MessagingService - No outbound messenger registered for platform telegram
2026-04-21 10:02:30.025+03:00 WARN  [scheduling-1] c.e.s.service.MessagingService - No outbound messenger registered for platform telegram
2026-04-21 10:02:30.025+03:00 WARN  [scheduling-1] c.e.s.service.MessagingService - No outbound messenger registered for platform telegram
2026-04-21 10:02:30.026+03:00 WARN  [scheduling-1] c.e.s.service.MessagingService - No outbound messenger registered for platform telegram
2026-04-21 10:02:30.026+03:00 WARN  [scheduling-1] c.e.s.service.MessagingService - No outbound messenger registered for platform telegram
2026-04-21 10:02:30.026+03:00 WARN  [scheduling-1] c.e.s.service.MessagingService - No outbound messenger registered for platform telegram
2026-04-21 10:02:30.026+03:00 WARN  [scheduling-1] c.e.s.service.MessagingService - No outbound messenger registered for platform telegram
2026-04-21 10:02:30.026+03:00 WARN  [scheduling-1] c.e.s.service.MessagingService - No outbound messenger registered for platform telegram
2026-04-21 10:02:30.026+03:00 WARN  [scheduling-1] c.e.s.service.MessagingService - No outbound messenger registered for platform telegram
2026-04-21 10:02:30.026+03:00 WARN  [scheduling-1] c.e.s.service.MessagingService - No outbound messenger registered for platform telegram
2026-04-21 10:02:30.026+03:00 WARN  [scheduling-1] c.e.s.service.MessagingService - No outbound messenger registered for platform telegram
2026-04-21 10:02:30.026+03:00 WARN  [scheduling-1] c.e.s.service.MessagingService - No outbound messenger registered for platform telegram
2026-04-21 10:02:30.026+03:00 WARN  [scheduling-1] c.e.s.service.MessagingService - No outbound messenger registered for platform telegram
2026-04-21 10:02:30.026+03:00 WARN  [scheduling-1] c.e.s.service.MessagingService - No outbound messenger registered for platform telegram
2026-04-21 10:02:30.026+03:00 WARN  [scheduling-1] c.e.s.service.MessagingService - No outbound messenger registered for platform telegram
2026-04-21 10:02:30.026+03:00 WARN  [scheduling-1] c.e.s.service.MessagingService - No outbound messenger registered for platform telegram
2026-04-21 10:02:30.027+03:00 WARN  [scheduling-1] c.e.s.service.MessagingService - No outbound messenger registered for platform telegram
2026-04-21 10:02:30.027+03:00 WARN  [scheduling-1] c.e.s.service.MessagingService - No outbound messenger registered for platform telegram
2026-04-21 10:02:30.027+03:00 WARN  [scheduling-1] c.e.s.service.MessagingService - No outbound messenger registered for platform telegram
2026-04-21 10:02:30.027+03:00 WARN  [scheduling-1] c.e.s.service.MessagingService - No outbound messenger registered for platform telegram
2026-04-21 10:02:30.027+03:00 WARN  [scheduling-1] c.e.s.service.MessagingService - No outbound messenger registered for platform telegram
2026-04-21 10:02:30.027+03:00 WARN  [scheduling-1] c.e.s.service.MessagingService - No outbound messenger registered for platform telegram
2026-04-21 10:04:30.038+03:00 WARN  [scheduling-1] c.e.s.service.MessagingService - No outbound messenger registered for platform telegram
2026-04-21 10:04:30.038+03:00 WARN  [scheduling-1] c.e.s.service.MessagingService - No outbound messenger registered for platform telegram
2026-04-21 10:04:30.038+03:00 WARN  [scheduling-1] c.e.s.service.MessagingService - No outbound messenger registered for platform telegram
2026-04-21 10:04:30.039+03:00 WARN  [scheduling-1] c.e.s.service.MessagingService - No outbound messenger registered for platform telegram
2026-04-21 10:04:30.040+03:00 WARN  [scheduling-1] c.e.s.service.MessagingService - No outbound messenger registered for platform telegram
2026-04-21 10:04:30.040+03:00 WARN  [scheduling-1] c.e.s.service.MessagingService - No outbound messenger registered for platform telegram
2026-04-21 10:04:30.040+03:00 WARN  [scheduling-1] c.e.s.service.MessagingService - No outbound messenger registered for platform telegram
2026-04-21 10:04:30.040+03:00 WARN  [scheduling-1] c.e.s.service.MessagingService - No outbound messenger registered for platform telegram
2026-04-21 10:04:30.040+03:00 WARN  [scheduling-1] c.e.s.service.MessagingService - No outbound messenger registered for platform telegram
2026-04-21 10:04:30.040+03:00 WARN  [scheduling-1] c.e.s.service.MessagingService - No outbound messenger registered for platform telegram
2026-04-21 10:04:30.040+03:00 WARN  [scheduling-1] c.e.s.service.MessagingService - No outbound messenger registered for platform telegram
2026-04-21 10:04:30.042+03:00 WARN  [scheduling-1] c.e.s.service.MessagingService - No outbound messenger registered for platform telegram
2026-04-21 10:04:30.042+03:00 WARN  [scheduling-1] c.e.s.service.MessagingService - No outbound messenger registered for platform telegram
2026-04-21 10:04:30.043+03:00 WARN  [scheduling-1] c.e.s.service.MessagingService - No outbound messenger registered for platform telegram
2026-04-21 10:04:30.043+03:00 WARN  [scheduling-1] c.e.s.service.MessagingService - No outbound messenger registered for platform telegram
2026-04-21 10:04:30.043+03:00 WARN  [scheduling-1] c.e.s.service.MessagingService - No outbound messenger registered for platform telegram
2026-04-21 10:04:30.043+03:00 WARN  [scheduling-1] c.e.s.service.MessagingService - No outbound messenger registered for platform telegram
2026-04-21 10:04:30.043+03:00 WARN  [scheduling-1] c.e.s.service.MessagingService - No outbound messenger registered for platform telegram
2026-04-21 10:04:30.043+03:00 WARN  [scheduling-1] c.e.s.service.MessagingService - No outbound messenger registered for platform telegram
2026-04-21 10:04:30.043+03:00 WARN  [scheduling-1] c.e.s.service.MessagingService - No outbound messenger registered for platform telegram
2026-04-21 10:04:30.044+03:00 WARN  [scheduling-1] c.e.s.service.MessagingService - No outbound messenger registered for platform telegram
2026-04-21 10:04:30.044+03:00 WARN  [scheduling-1] c.e.s.service.MessagingService - No outbound messenger registered for platform telegram
2026-04-21 10:04:30.044+03:00 WARN  [scheduling-1] c.e.s.service.MessagingService - No outbound messenger registered for platform telegram
2026-04-21 10:04:30.044+03:00 WARN  [scheduling-1] c.e.s.service.MessagingService - No outbound messenger registered for platform telegram
2026-04-21 10:04:30.045+03:00 WARN  [scheduling-1] c.e.s.service.MessagingService - No outbound messenger registered for platform telegram
2026-04-21 10:04:30.045+03:00 WARN  [scheduling-1] c.e.s.service.MessagingService - No outbound messenger registered for platform telegram
2026-04-21 10:04:30.046+03:00 WARN  [scheduling-1] c.e.s.service.MessagingService - No outbound messenger registered for platform telegram
2026-04-21 10:04:30.046+03:00 WARN  [scheduling-1] c.e.s.service.MessagingService - No outbound messenger registered for platform telegram
2026-04-21 10:04:30.046+03:00 WARN  [scheduling-1] c.e.s.service.MessagingService - No outbound messenger registered for platform telegram
2026-04-21 10:04:30.046+03:00 WARN  [scheduling-1] c.e.s.service.MessagingService - No outbound messenger registered for platform telegram
2026-04-21 10:04:30.046+03:00 WARN  [scheduling-1] c.e.s.service.MessagingService - No outbound messenger registered for platform telegram
2026-04-21 10:04:30.046+03:00 WARN  [scheduling-1] c.e.s.service.MessagingService - No outbound messenger registered for platform telegram
2026-04-21 10:04:30.046+03:00 WARN  [scheduling-1] c.e.s.service.MessagingService - No outbound messenger registered for platform telegram
2026-04-21 10:04:30.046+03:00 WARN  [scheduling-1] c.e.s.service.MessagingService - No outbound messenger registered for platform telegram
2026-04-21 10:06:30.024+03:00 WARN  [scheduling-1] c.e.s.service.MessagingService - No outbound messenger registered for platform telegram
2026-04-21 10:06:30.024+03:00 WARN  [scheduling-1] c.e.s.service.MessagingService - No outbound messenger registered for platform telegram
2026-04-21 10:06:30.024+03:00 WARN  [scheduling-1] c.e.s.service.MessagingService - No outbound messenger registered for platform telegram
2026-04-21 10:06:30.025+03:00 WARN  [scheduling-1] c.e.s.service.MessagingService - No outbound messenger registered for platform telegram
2026-04-21 10:06:30.025+03:00 WARN  [scheduling-1] c.e.s.service.MessagingService - No outbound messenger registered for platform telegram
2026-04-21 10:06:30.025+03:00 WARN  [scheduling-1] c.e.s.service.MessagingService - No outbound messenger registered for platform telegram
2026-04-21 10:06:30.025+03:00 WARN  [scheduling-1] c.e.s.service.MessagingService - No outbound messenger registered for platform telegram
2026-04-21 10:06:30.025+03:00 WARN  [scheduling-1] c.e.s.service.MessagingService - No outbound messenger registered for platform telegram
2026-04-21 10:06:30.025+03:00 WARN  [scheduling-1] c.e.s.service.MessagingService - No outbound messenger registered for platform telegram
2026-04-21 10:06:30.025+03:00 WARN  [scheduling-1] c.e.s.service.MessagingService - No outbound messenger registered for platform telegram
2026-04-21 10:06:30.025+03:00 WARN  [scheduling-1] c.e.s.service.MessagingService - No outbound messenger registered for platform telegram
2026-04-21 10:06:30.025+03:00 WARN  [scheduling-1] c.e.s.service.MessagingService - No outbound messenger registered for platform telegram
2026-04-21 10:06:30.025+03:00 WARN  [scheduling-1] c.e.s.service.MessagingService - No outbound messenger registered for platform telegram
2026-04-21 10:06:30.025+03:00 WARN  [scheduling-1] c.e.s.service.MessagingService - No outbound messenger registered for platform telegram
2026-04-21 10:06:30.025+03:00 WARN  [scheduling-1] c.e.s.service.MessagingService - No outbound messenger registered for platform telegram
2026-04-21 10:06:30.025+03:00 WARN  [scheduling-1] c.e.s.service.MessagingService - No outbound messenger registered for platform telegram
2026-04-21 10:06:30.025+03:00 WARN  [scheduling-1] c.e.s.service.MessagingService - No outbound messenger registered for platform telegram
2026-04-21 10:06:30.025+03:00 WARN  [scheduling-1] c.e.s.service.MessagingService - No outbound messenger registered for platform telegram
2026-04-21 10:06:30.025+03:00 WARN  [scheduling-1] c.e.s.service.MessagingService - No outbound messenger registered for platform telegram
2026-04-21 10:06:30.025+03:00 WARN  [scheduling-1] c.e.s.service.MessagingService - No outbound messenger registered for platform telegram
2026-04-21 10:06:30.026+03:00 WARN  [scheduling-1] c.e.s.service.MessagingService - No outbound messenger registered for platform telegram
2026-04-21 10:06:30.026+03:00 WARN  [scheduling-1] c.e.s.service.MessagingService - No outbound messenger registered for platform telegram
2026-04-21 10:06:30.026+03:00 WARN  [scheduling-1] c.e.s.service.MessagingService - No outbound messenger registered for platform telegram
2026-04-21 10:06:30.026+03:00 WARN  [scheduling-1] c.e.s.service.MessagingService - No outbound messenger registered for platform telegram
2026-04-21 10:06:30.026+03:00 WARN  [scheduling-1] c.e.s.service.MessagingService - No outbound messenger registered for platform telegram
2026-04-21 10:06:30.026+03:00 WARN  [scheduling-1] c.e.s.service.MessagingService - No outbound messenger registered for platform telegram
2026-04-21 10:06:30.026+03:00 WARN  [scheduling-1] c.e.s.service.MessagingService - No outbound messenger registered for platform telegram
2026-04-21 10:06:30.026+03:00 WARN  [scheduling-1] c.e.s.service.MessagingService - No outbound messenger registered for platform telegram
2026-04-21 10:06:30.026+03:00 WARN  [scheduling-1] c.e.s.service.MessagingService - No outbound messenger registered for platform telegram
2026-04-21 10:06:30.026+03:00 WARN  [scheduling-1] c.e.s.service.MessagingService - No outbound messenger registered for platform telegram
2026-04-21 10:06:30.026+03:00 WARN  [scheduling-1] c.e.s.service.MessagingService - No outbound messenger registered for platform telegram
2026-04-21 10:06:30.026+03:00 WARN  [scheduling-1] c.e.s.service.MessagingService - No outbound messenger registered for platform telegram
2026-04-21 10:06:30.026+03:00 WARN  [scheduling-1] c.e.s.service.MessagingService - No outbound messenger registered for platform telegram
2026-04-21 10:06:30.026+03:00 WARN  [scheduling-1] c.e.s.service.MessagingService - No outbound messenger registered for platform telegram
2026-04-21 10:08:30.024+03:00 WARN  [scheduling-1] c.e.s.service.MessagingService - No outbound messenger registered for platform telegram
2026-04-21 10:08:30.024+03:00 WARN  [scheduling-1] c.e.s.service.MessagingService - No outbound messenger registered for platform telegram
2026-04-21 10:08:30.024+03:00 WARN  [scheduling-1] c.e.s.service.MessagingService - No outbound messenger registered for platform telegram
2026-04-21 10:08:30.024+03:00 WARN  [scheduling-1] c.e.s.service.MessagingService - No outbound messenger registered for platform telegram
2026-04-21 10:08:30.024+03:00 WARN  [scheduling-1] c.e.s.service.MessagingService - No outbound messenger registered for platform telegram
2026-04-21 10:08:30.024+03:00 WARN  [scheduling-1] c.e.s.service.MessagingService - No outbound messenger registered for platform telegram
2026-04-21 10:08:30.024+03:00 WARN  [scheduling-1] c.e.s.service.MessagingService - No outbound messenger registered for platform telegram
2026-04-21 10:08:30.024+03:00 WARN  [scheduling-1] c.e.s.service.MessagingService - No outbound messenger registered for platform telegram
2026-04-21 10:08:30.024+03:00 WARN  [scheduling-1] c.e.s.service.MessagingService - No outbound messenger registered for platform telegram
2026-04-21 10:08:30.024+03:00 WARN  [scheduling-1] c.e.s.service.MessagingService - No outbound messenger registered for platform telegram
2026-04-21 10:08:30.024+03:00 WARN  [scheduling-1] c.e.s.service.MessagingService - No outbound messenger registered for platform telegram
2026-04-21 10:08:30.024+03:00 WARN  [scheduling-1] c.e.s.service.MessagingService - No outbound messenger registered for platform telegram
2026-04-21 10:08:30.024+03:00 WARN  [scheduling-1] c.e.s.service.MessagingService - No outbound messenger registered for platform telegram
2026-04-21 10:08:30.024+03:00 WARN  [scheduling-1] c.e.s.service.MessagingService - No outbound messenger registered for platform telegram
2026-04-21 10:08:30.024+03:00 WARN  [scheduling-1] c.e.s.service.MessagingService - No outbound messenger registered for platform telegram
2026-04-21 10:08:30.024+03:00 WARN  [scheduling-1] c.e.s.service.MessagingService - No outbound messenger registered for platform telegram
2026-04-21 10:08:30.025+03:00 WARN  [scheduling-1] c.e.s.service.MessagingService - No outbound messenger registered for platform telegram
2026-04-21 10:08:30.025+03:00 WARN  [scheduling-1] c.e.s.service.MessagingService - No outbound messenger registered for platform telegram
2026-04-21 10:08:30.025+03:00 WARN  [scheduling-1] c.e.s.service.MessagingService - No outbound messenger registered for platform telegram
2026-04-21 10:08:30.025+03:00 WARN  [scheduling-1] c.e.s.service.MessagingService - No outbound messenger registered for platform telegram
2026-04-21 10:08:30.025+03:00 WARN  [scheduling-1] c.e.s.service.MessagingService - No outbound messenger registered for platform telegram
2026-04-21 10:08:30.025+03:00 WARN  [scheduling-1] c.e.s.service.MessagingService - No outbound messenger registered for platform telegram
2026-04-21 10:08:30.026+03:00 WARN  [scheduling-1] c.e.s.service.MessagingService - No outbound messenger registered for platform telegram
2026-04-21 10:08:30.026+03:00 WARN  [scheduling-1] c.e.s.service.MessagingService - No outbound messenger registered for platform telegram
2026-04-21 10:08:30.026+03:00 WARN  [scheduling-1] c.e.s.service.MessagingService - No outbound messenger registered for platform telegram
2026-04-21 10:08:30.026+03:00 WARN  [scheduling-1] c.e.s.service.MessagingService - No outbound messenger registered for platform telegram
2026-04-21 10:08:30.026+03:00 WARN  [scheduling-1] c.e.s.service.MessagingService - No outbound messenger registered for platform telegram
2026-04-21 10:08:30.026+03:00 WARN  [scheduling-1] c.e.s.service.MessagingService - No outbound messenger registered for platform telegram
2026-04-21 10:08:30.026+03:00 WARN  [scheduling-1] c.e.s.service.MessagingService - No outbound messenger registered for platform telegram
2026-04-21 10:08:30.027+03:00 WARN  [scheduling-1] c.e.s.service.MessagingService - No outbound messenger registered for platform telegram
2026-04-21 10:08:30.027+03:00 WARN  [scheduling-1] c.e.s.service.MessagingService - No outbound messenger registered for platform telegram
2026-04-21 10:08:30.027+03:00 WARN  [scheduling-1] c.e.s.service.MessagingService - No outbound messenger registered for platform telegram
2026-04-21 10:08:30.027+03:00 WARN  [scheduling-1] c.e.s.service.MessagingService - No outbound messenger registered for platform telegram
2026-04-21 10:08:30.028+03:00 WARN  [scheduling-1] c.e.s.service.MessagingService - No outbound messenger registered for platform telegram
