Downloading Maven 3.9.6...
Extracting Maven 3.9.6...

  .   ____          _            __ _ _
 /\\ / ___'_ __ _ _(_)_ __  __ _ \ \ \ \
( ( )\___ | '_ | '_| | '_ \/ _` | \ \ \ \
 \\/  ___)| |_)| | | | | || (_| |  ) ) ) )
  '  |____| .__|_| |_|_| |_\__, | / / / /
 =========|_|==============|___/=/_/_/_/
 :: Spring Boot ::                (v3.2.5)

2026-03-19 15:56:07.708+03:00 INFO  [background-preinit] o.h.validator.internal.util.Version - HV000001: Hibernate Validator 8.0.1.Final
2026-03-19 15:56:07.708+03:00 INFO  [background-preinit] o.h.validator.internal.util.Version - HV000001: Hibernate Validator 8.0.1.Final
2026-03-19 15:56:07.844+03:00 INFO  [main] c.e.s.t.TelegramBotApplication - Starting TelegramBotApplication using Java 17.0.17 with PID 7544 (C:\Users\SinicinVV\Documents\tg_bot\tg_ref_b24_sup\java-bot\bot-telegram\target\classes started by SinicinVV in C:\Users\SinicinVV\Documents\tg_bot\tg_ref_b24_sup\java-bot\bot-telegram)
2026-03-19 15:56:07.844+03:00 INFO  [main] c.e.s.t.TelegramBotApplication - Starting TelegramBotApplication using Java 17.0.17 with PID 7544 (C:\Users\SinicinVV\Documents\tg_bot\tg_ref_b24_sup\java-bot\bot-telegram\target\classes started by SinicinVV in C:\Users\SinicinVV\Documents\tg_bot\tg_ref_b24_sup\java-bot\bot-telegram)
2026-03-19 15:56:07.846+03:00 INFO  [main] c.e.s.t.TelegramBotApplication - The following 1 profile is active: "default"
2026-03-19 15:56:07.846+03:00 INFO  [main] c.e.s.t.TelegramBotApplication - The following 1 profile is active: "default"
2026-03-19 15:56:09.144+03:00 INFO  [main] o.s.d.r.c.RepositoryConfigurationDelegate - Bootstrapping Spring Data JPA repositories in DEFAULT mode.
2026-03-19 15:56:09.144+03:00 INFO  [main] o.s.d.r.c.RepositoryConfigurationDelegate - Bootstrapping Spring Data JPA repositories in DEFAULT mode.
2026-03-19 15:56:09.453+03:00 INFO  [main] o.s.d.r.c.RepositoryConfigurationDelegate - Finished Spring Data repository scanning in 284 ms. Found 30 JPA repository interfaces.
2026-03-19 15:56:09.453+03:00 INFO  [main] o.s.d.r.c.RepositoryConfigurationDelegate - Finished Spring Data repository scanning in 284 ms. Found 30 JPA repository interfaces.
2026-03-19 15:56:10.462+03:00 INFO  [main] o.h.jpa.internal.util.LogHelper - HHH000204: Processing PersistenceUnitInfo [name: default]
2026-03-19 15:56:10.462+03:00 INFO  [main] o.h.jpa.internal.util.LogHelper - HHH000204: Processing PersistenceUnitInfo [name: default]
2026-03-19 15:56:10.597+03:00 INFO  [main] org.hibernate.Version - HHH000412: Hibernate ORM core version 6.4.4.Final
2026-03-19 15:56:10.597+03:00 INFO  [main] org.hibernate.Version - HHH000412: Hibernate ORM core version 6.4.4.Final
2026-03-19 15:56:10.681+03:00 INFO  [main] o.h.c.i.RegionFactoryInitiator - HHH000026: Second-level cache disabled
2026-03-19 15:56:10.681+03:00 INFO  [main] o.h.c.i.RegionFactoryInitiator - HHH000026: Second-level cache disabled
2026-03-19 15:56:11.327+03:00 INFO  [main] o.s.o.j.p.SpringPersistenceUnitInfo - No LoadTimeWeaver setup: ignoring JPA class transformer
2026-03-19 15:56:11.327+03:00 INFO  [main] o.s.o.j.p.SpringPersistenceUnitInfo - No LoadTimeWeaver setup: ignoring JPA class transformer
2026-03-19 15:56:15.293+03:00 INFO  [main] o.h.e.t.j.p.i.JtaPlatformInitiator - HHH000489: No JTA platform available (set 'hibernate.transaction.jta.platform' to enable JTA platform integration)
2026-03-19 15:56:15.293+03:00 INFO  [main] o.h.e.t.j.p.i.JtaPlatformInitiator - HHH000489: No JTA platform available (set 'hibernate.transaction.jta.platform' to enable JTA platform integration)
2026-03-19 15:56:15.304+03:00 INFO  [main] o.s.o.j.LocalContainerEntityManagerFactoryBean - Initialized JPA EntityManagerFactory for persistence unit 'default'
2026-03-19 15:56:15.304+03:00 INFO  [main] o.s.o.j.LocalContainerEntityManagerFactoryBean - Initialized JPA EntityManagerFactory for persistence unit 'default'
2026-03-19 15:56:17.339+03:00 INFO  [main] c.e.supportbot.telegram.SupportBot - Initializing Telegram bot configuration check
2026-03-19 15:56:17.339+03:00 INFO  [main] c.e.supportbot.telegram.SupportBot - Initializing Telegram bot configuration check
2026-03-19 15:56:17.345+03:00 INFO  [main] c.e.supportbot.telegram.SupportBot - Telegram bot configuration: username='tst_int_SV_bot' token=8391…OGBk (46) channelId=null
2026-03-19 15:56:17.345+03:00 INFO  [main] c.e.supportbot.telegram.SupportBot - Telegram bot configuration: username='tst_int_SV_bot' token=8391…OGBk (46) channelId=null
2026-03-19 15:56:19.845+03:00 INFO  [main] c.e.supportbot.telegram.SupportBot - Telegram bot connected successfully: id=8391583658 username=tst_int_SV_bot
2026-03-19 15:56:19.845+03:00 INFO  [main] c.e.supportbot.telegram.SupportBot - Telegram bot connected successfully: id=8391583658 username=tst_int_SV_bot
2026-03-19 15:56:19.847+03:00 WARN  [main] o.s.aop.framework.CglibAopProxy - Unable to proxy interface-implementing method [public final org.telegram.telegrambots.bots.DefaultBotOptions org.telegram.telegrambots.bots.DefaultAbsSender.getOptions()] because it is marked as final, consider using interface-based JDK proxies instead.
2026-03-19 15:56:19.847+03:00 WARN  [main] o.s.aop.framework.CglibAopProxy - Unable to proxy interface-implementing method [public final org.telegram.telegrambots.bots.DefaultBotOptions org.telegram.telegrambots.bots.DefaultAbsSender.getOptions()] because it is marked as final, consider using interface-based JDK proxies instead.
2026-03-19 15:56:23.951+03:00 INFO  [main] c.e.supportbot.telegram.SupportBot - Telegram webhook deleted (if it existed). Long polling can receive updates now.
2026-03-19 15:56:23.951+03:00 INFO  [main] c.e.supportbot.telegram.SupportBot - Telegram webhook deleted (if it existed). Long polling can receive updates now.
2026-03-19 15:56:33.785+03:00 INFO  [main] c.e.s.t.TelegramLongPollingLifecycle - Telegram long polling started. username=tst_int_SV_bot
2026-03-19 15:56:33.785+03:00 INFO  [main] c.e.s.t.TelegramLongPollingLifecycle - Telegram long polling started. username=tst_int_SV_bot
2026-03-19 15:56:33.836+03:00 INFO  [main] c.e.s.t.TelegramBotApplication - Started TelegramBotApplication in 27.363 seconds (process running for 28.419)
2026-03-19 15:56:33.836+03:00 INFO  [main] c.e.s.t.TelegramBotApplication - Started TelegramBotApplication in 27.363 seconds (process running for 28.419)
2026-03-19 15:56:36.042+03:00 INFO  [tst_int_SV_bot Telegram Executor] c.e.supportbot.telegram.SupportBot - Received Telegram update 450028403 (message=true, callbackQuery=false, editedMessage=false, channelPost=false)
2026-03-19 15:56:36.042+03:00 INFO  [tst_int_SV_bot Telegram Executor] c.e.supportbot.telegram.SupportBot - Received Telegram update 450028403 (message=true, callbackQuery=false, editedMessage=false, channelPost=false)
2026-03-19 15:56:36.043+03:00 INFO  [tst_int_SV_bot Telegram Executor] c.e.supportbot.telegram.SupportBot - Incoming update 450028403 chat=380742186 user=380742186 text=/start attachments=none
2026-03-19 15:56:36.043+03:00 INFO  [tst_int_SV_bot Telegram Executor] c.e.supportbot.telegram.SupportBot - Incoming update 450028403 chat=380742186 user=380742186 text=/start attachments=none
2026-03-19 15:56:36.403+03:00 INFO  [tst_int_SV_bot Telegram Executor] c.e.s.service.ChannelService - Assigned public id 07283a89d4b71d1480101154a2e25f68 to channel 1
2026-03-19 15:56:36.403+03:00 INFO  [tst_int_SV_bot Telegram Executor] c.e.s.service.ChannelService - Assigned public id 07283a89d4b71d1480101154a2e25f68 to channel 1
2026-03-19 15:56:36.513+03:00 WARN  [tst_int_SV_bot Telegram Executor] o.h.e.jdbc.spi.SqlExceptionHelper - SQL Error: 5, SQLState: null
2026-03-19 15:56:36.513+03:00 WARN  [tst_int_SV_bot Telegram Executor] o.h.e.jdbc.spi.SqlExceptionHelper - SQL Error: 5, SQLState: null
2026-03-19 15:56:36.514+03:00 ERROR [tst_int_SV_bot Telegram Executor] o.h.e.jdbc.spi.SqlExceptionHelper - [SQLITE_BUSY] The database file is locked (database is locked)
2026-03-19 15:56:36.514+03:00 ERROR [tst_int_SV_bot Telegram Executor] o.h.e.jdbc.spi.SqlExceptionHelper - [SQLITE_BUSY] The database file is locked (database is locked)
2026-03-19 15:56:36.555+03:00 ERROR [tst_int_SV_bot Telegram Executor] o.t.t.u.DefaultBotSession - could not execute statement [[SQLITE_BUSY] The database file is locked (database is locked)] [update channels set is_active=?,auto_action_template_id=?,bot_name=?,bot_username=?,channel_name=?,created_at=?,credential_id=?,delivery_settings=?,description=?,filters=?,max_questions=?,platform=?,platform_config=?,public_id=?,question_template_id=?,questions_cfg=?,rating_template_id=?,support_chat_id=?,token=?,updated_at=? where id=?]; SQL [update channels set is_active=?,auto_action_template_id=?,bot_name=?,bot_username=?,channel_name=?,created_at=?,credential_id=?,delivery_settings=?,description=?,filters=?,max_questions=?,platform=?,platform_config=?,public_id=?,question_template_id=?,questions_cfg=?,rating_template_id=?,support_chat_id=?,token=?,updated_at=? where id=?]
org.springframework.dao.CannotAcquireLockException: could not execute statement [[SQLITE_BUSY] The database file is locked (database is locked)] [update channels set is_active=?,auto_action_template_id=?,bot_name=?,bot_username=?,channel_name=?,created_at=?,credential_id=?,delivery_settings=?,description=?,filters=?,max_questions=?,platform=?,platform_config=?,public_id=?,question_template_id=?,questions_cfg=?,rating_template_id=?,support_chat_id=?,token=?,updated_at=? where id=?]; SQL [update channels set is_active=?,auto_action_template_id=?,bot_name=?,bot_username=?,channel_name=?,created_at=?,credential_id=?,delivery_settings=?,description=?,filters=?,max_questions=?,platform=?,platform_config=?,public_id=?,question_template_id=?,questions_cfg=?,rating_template_id=?,support_chat_id=?,token=?,updated_at=? where id=?]
	at org.springframework.orm.jpa.vendor.HibernateJpaDialect.convertHibernateAccessException(HibernateJpaDialect.java:283)
	at org.springframework.orm.jpa.vendor.HibernateJpaDialect.translateExceptionIfPossible(HibernateJpaDialect.java:244)
	at org.springframework.orm.jpa.JpaTransactionManager.doCommit(JpaTransactionManager.java:566)
	at org.springframework.transaction.support.AbstractPlatformTransactionManager.processCommit(AbstractPlatformTransactionManager.java:794)
	at org.springframework.transaction.support.AbstractPlatformTransactionManager.commit(AbstractPlatformTransactionManager.java:757)
	at org.springframework.transaction.interceptor.TransactionAspectSupport.commitTransactionAfterReturning(TransactionAspectSupport.java:676)
	at org.springframework.transaction.interceptor.TransactionAspectSupport.invokeWithinTransaction(TransactionAspectSupport.java:426)
	at org.springframework.transaction.interceptor.TransactionInterceptor.invoke(TransactionInterceptor.java:119)
	at org.springframework.aop.framework.ReflectiveMethodInvocation.proceed(ReflectiveMethodInvocation.java:184)
	at org.springframework.aop.framework.CglibAopProxy$CglibMethodInvocation.proceed(CglibAopProxy.java:768)
	at org.springframework.aop.framework.CglibAopProxy$DynamicAdvisedInterceptor.intercept(CglibAopProxy.java:720)
	at com.example.supportbot.service.ChannelService$$SpringCGLIB$$0.ensurePublicIdForToken(<generated>)
	at com.example.supportbot.telegram.SupportBot.getChannel(SupportBot.java:1088)
	at com.example.supportbot.telegram.SupportBot.onUpdateReceived(SupportBot.java:213)
	at java.base/java.util.ArrayList.forEach(ArrayList.java:1511)
	at org.telegram.telegrambots.meta.generics.LongPollingBot.onUpdatesReceived(LongPollingBot.java:27)
	at java.base/jdk.internal.reflect.NativeMethodAccessorImpl.invoke0(Native Method)
	at java.base/jdk.internal.reflect.NativeMethodAccessorImpl.invoke(NativeMethodAccessorImpl.java:77)
	at java.base/jdk.internal.reflect.DelegatingMethodAccessorImpl.invoke(DelegatingMethodAccessorImpl.java:43)
	at java.base/java.lang.reflect.Method.invoke(Method.java:569)
	at org.springframework.aop.support.AopUtils.invokeJoinpointUsingReflection(AopUtils.java:354)
	at org.springframework.aop.framework.CglibAopProxy$DynamicAdvisedInterceptor.intercept(CglibAopProxy.java:716)
	at com.example.supportbot.telegram.SupportBot$$SpringCGLIB$$0.onUpdatesReceived(<generated>)
	at org.telegram.telegrambots.updatesreceivers.DefaultBotSession$HandlerThread.run(DefaultBotSession.java:312)
Caused by: org.hibernate.exception.LockAcquisitionException: could not execute statement [[SQLITE_BUSY] The database file is locked (database is locked)] [update channels set is_active=?,auto_action_template_id=?,bot_name=?,bot_username=?,channel_name=?,created_at=?,credential_id=?,delivery_settings=?,description=?,filters=?,max_questions=?,platform=?,platform_config=?,public_id=?,question_template_id=?,questions_cfg=?,rating_template_id=?,support_chat_id=?,token=?,updated_at=? where id=?]
	at org.hibernate.community.dialect.SQLiteDialect.lambda$buildSQLExceptionConversionDelegate$1(SQLiteDialect.java:477)
	at org.hibernate.exception.internal.StandardSQLExceptionConverter.convert(StandardSQLExceptionConverter.java:58)
	at org.hibernate.engine.jdbc.spi.SqlExceptionHelper.convert(SqlExceptionHelper.java:108)
	at org.hibernate.engine.jdbc.internal.ResultSetReturnImpl.executeUpdate(ResultSetReturnImpl.java:197)
	at org.hibernate.engine.jdbc.mutation.internal.AbstractMutationExecutor.performNonBatchedMutation(AbstractMutationExecutor.java:108)
	at org.hibernate.engine.jdbc.mutation.internal.MutationExecutorSingleNonBatched.performNonBatchedOperations(MutationExecutorSingleNonBatched.java:40)
	at org.hibernate.engine.jdbc.mutation.internal.AbstractMutationExecutor.execute(AbstractMutationExecutor.java:52)
	at org.hibernate.persister.entity.mutation.UpdateCoordinatorStandard.doStaticUpdate(UpdateCoordinatorStandard.java:778)
	at org.hibernate.persister.entity.mutation.UpdateCoordinatorStandard.performUpdate(UpdateCoordinatorStandard.java:324)
	at org.hibernate.persister.entity.mutation.UpdateCoordinatorStandard.coordinateUpdate(UpdateCoordinatorStandard.java:242)
	at org.hibernate.persister.entity.AbstractEntityPersister.update(AbstractEntityPersister.java:2810)
	at org.hibernate.action.internal.EntityUpdateAction.execute(EntityUpdateAction.java:168)
	at org.hibernate.engine.spi.ActionQueue.executeActions(ActionQueue.java:632)
	at org.hibernate.engine.spi.ActionQueue.executeActions(ActionQueue.java:499)
	at org.hibernate.event.internal.AbstractFlushingEventListener.performExecutions(AbstractFlushingEventListener.java:363)
	at org.hibernate.event.internal.DefaultFlushEventListener.onFlush(DefaultFlushEventListener.java:41)
	at org.hibernate.event.service.internal.EventListenerGroupImpl.fireEventOnEachListener(EventListenerGroupImpl.java:127)
	at org.hibernate.internal.SessionImpl.doFlush(SessionImpl.java:1403)
	at org.hibernate.internal.SessionImpl.managedFlush(SessionImpl.java:484)
	at org.hibernate.internal.SessionImpl.flushBeforeTransactionCompletion(SessionImpl.java:2319)
	at org.hibernate.internal.SessionImpl.beforeTransactionCompletion(SessionImpl.java:1976)
	at org.hibernate.engine.jdbc.internal.JdbcCoordinatorImpl.beforeTransactionCompletion(JdbcCoordinatorImpl.java:439)
	at org.hibernate.resource.transaction.backend.jdbc.internal.JdbcResourceLocalTransactionCoordinatorImpl.beforeCompletionCallback(JdbcResourceLocalTransactionCoordinatorImpl.java:169)
	at org.hibernate.resource.transaction.backend.jdbc.internal.JdbcResourceLocalTransactionCoordinatorImpl$TransactionDriverControlImpl.commit(JdbcResourceLocalTransactionCoordinatorImpl.java:267)
	at org.hibernate.engine.transaction.internal.TransactionImpl.commit(TransactionImpl.java:101)
	at org.springframework.orm.jpa.JpaTransactionManager.doCommit(JpaTransactionManager.java:562)
	... 21 common frames omitted
Caused by: org.sqlite.SQLiteException: [SQLITE_BUSY] The database file is locked (database is locked)
	at org.sqlite.core.DB.newSQLException(DB.java:1179)
	at org.sqlite.core.DB.newSQLException(DB.java:1190)
	at org.sqlite.core.DB.execute(DB.java:985)
	at org.sqlite.core.DB.executeUpdate(DB.java:1054)
	at org.sqlite.jdbc3.JDBC3PreparedStatement.lambda$executeLargeUpdate$2(JDBC3PreparedStatement.java:129)
	at org.sqlite.jdbc3.JDBC3Statement.withConnectionTimeout(JDBC3Statement.java:454)
	at org.sqlite.jdbc3.JDBC3PreparedStatement.executeLargeUpdate(JDBC3PreparedStatement.java:124)
	at org.sqlite.jdbc3.JDBC3PreparedStatement.executeUpdate(JDBC3PreparedStatement.java:105)
	at org.hibernate.engine.jdbc.internal.ResultSetReturnImpl.executeUpdate(ResultSetReturnImpl.java:194)
	... 43 common frames omitted
2026-03-19 15:56:36.555+03:00 ERROR [tst_int_SV_bot Telegram Executor] o.t.t.u.DefaultBotSession - could not execute statement [[SQLITE_BUSY] The database file is locked (database is locked)] [update channels set is_active=?,auto_action_template_id=?,bot_name=?,bot_username=?,channel_name=?,created_at=?,credential_id=?,delivery_settings=?,description=?,filters=?,max_questions=?,platform=?,platform_config=?,public_id=?,question_template_id=?,questions_cfg=?,rating_template_id=?,support_chat_id=?,token=?,updated_at=? where id=?]; SQL [update channels set is_active=?,auto_action_template_id=?,bot_name=?,bot_username=?,channel_name=?,created_at=?,credential_id=?,delivery_settings=?,description=?,filters=?,max_questions=?,platform=?,platform_config=?,public_id=?,question_template_id=?,questions_cfg=?,rating_template_id=?,support_chat_id=?,token=?,updated_at=? where id=?]
org.springframework.dao.CannotAcquireLockException: could not execute statement [[SQLITE_BUSY] The database file is locked (database is locked)] [update channels set is_active=?,auto_action_template_id=?,bot_name=?,bot_username=?,channel_name=?,created_at=?,credential_id=?,delivery_settings=?,description=?,filters=?,max_questions=?,platform=?,platform_config=?,public_id=?,question_template_id=?,questions_cfg=?,rating_template_id=?,support_chat_id=?,token=?,updated_at=? where id=?]; SQL [update channels set is_active=?,auto_action_template_id=?,bot_name=?,bot_username=?,channel_name=?,created_at=?,credential_id=?,delivery_settings=?,description=?,filters=?,max_questions=?,platform=?,platform_config=?,public_id=?,question_template_id=?,questions_cfg=?,rating_template_id=?,support_chat_id=?,token=?,updated_at=? where id=?]
	at org.springframework.orm.jpa.vendor.HibernateJpaDialect.convertHibernateAccessException(HibernateJpaDialect.java:283)
	at org.springframework.orm.jpa.vendor.HibernateJpaDialect.translateExceptionIfPossible(HibernateJpaDialect.java:244)
	at org.springframework.orm.jpa.JpaTransactionManager.doCommit(JpaTransactionManager.java:566)
	at org.springframework.transaction.support.AbstractPlatformTransactionManager.processCommit(AbstractPlatformTransactionManager.java:794)
	at org.springframework.transaction.support.AbstractPlatformTransactionManager.commit(AbstractPlatformTransactionManager.java:757)
	at org.springframework.transaction.interceptor.TransactionAspectSupport.commitTransactionAfterReturning(TransactionAspectSupport.java:676)
	at org.springframework.transaction.interceptor.TransactionAspectSupport.invokeWithinTransaction(TransactionAspectSupport.java:426)
	at org.springframework.transaction.interceptor.TransactionInterceptor.invoke(TransactionInterceptor.java:119)
	at org.springframework.aop.framework.ReflectiveMethodInvocation.proceed(ReflectiveMethodInvocation.java:184)
	at org.springframework.aop.framework.CglibAopProxy$CglibMethodInvocation.proceed(CglibAopProxy.java:768)
	at org.springframework.aop.framework.CglibAopProxy$DynamicAdvisedInterceptor.intercept(CglibAopProxy.java:720)
	at com.example.supportbot.service.ChannelService$$SpringCGLIB$$0.ensurePublicIdForToken(<generated>)
	at com.example.supportbot.telegram.SupportBot.getChannel(SupportBot.java:1088)
	at com.example.supportbot.telegram.SupportBot.onUpdateReceived(SupportBot.java:213)
	at java.base/java.util.ArrayList.forEach(ArrayList.java:1511)
	at org.telegram.telegrambots.meta.generics.LongPollingBot.onUpdatesReceived(LongPollingBot.java:27)
	at java.base/jdk.internal.reflect.NativeMethodAccessorImpl.invoke0(Native Method)
	at java.base/jdk.internal.reflect.NativeMethodAccessorImpl.invoke(NativeMethodAccessorImpl.java:77)
	at java.base/jdk.internal.reflect.DelegatingMethodAccessorImpl.invoke(DelegatingMethodAccessorImpl.java:43)
	at java.base/java.lang.reflect.Method.invoke(Method.java:569)
	at org.springframework.aop.support.AopUtils.invokeJoinpointUsingReflection(AopUtils.java:354)
	at org.springframework.aop.framework.CglibAopProxy$DynamicAdvisedInterceptor.intercept(CglibAopProxy.java:716)
	at com.example.supportbot.telegram.SupportBot$$SpringCGLIB$$0.onUpdatesReceived(<generated>)
	at org.telegram.telegrambots.updatesreceivers.DefaultBotSession$HandlerThread.run(DefaultBotSession.java:312)
Caused by: org.hibernate.exception.LockAcquisitionException: could not execute statement [[SQLITE_BUSY] The database file is locked (database is locked)] [update channels set is_active=?,auto_action_template_id=?,bot_name=?,bot_username=?,channel_name=?,created_at=?,credential_id=?,delivery_settings=?,description=?,filters=?,max_questions=?,platform=?,platform_config=?,public_id=?,question_template_id=?,questions_cfg=?,rating_template_id=?,support_chat_id=?,token=?,updated_at=? where id=?]
	at org.hibernate.community.dialect.SQLiteDialect.lambda$buildSQLExceptionConversionDelegate$1(SQLiteDialect.java:477)
	at org.hibernate.exception.internal.StandardSQLExceptionConverter.convert(StandardSQLExceptionConverter.java:58)
	at org.hibernate.engine.jdbc.spi.SqlExceptionHelper.convert(SqlExceptionHelper.java:108)
	at org.hibernate.engine.jdbc.internal.ResultSetReturnImpl.executeUpdate(ResultSetReturnImpl.java:197)
	at org.hibernate.engine.jdbc.mutation.internal.AbstractMutationExecutor.performNonBatchedMutation(AbstractMutationExecutor.java:108)
	at org.hibernate.engine.jdbc.mutation.internal.MutationExecutorSingleNonBatched.performNonBatchedOperations(MutationExecutorSingleNonBatched.java:40)
	at org.hibernate.engine.jdbc.mutation.internal.AbstractMutationExecutor.execute(AbstractMutationExecutor.java:52)
	at org.hibernate.persister.entity.mutation.UpdateCoordinatorStandard.doStaticUpdate(UpdateCoordinatorStandard.java:778)
	at org.hibernate.persister.entity.mutation.UpdateCoordinatorStandard.performUpdate(UpdateCoordinatorStandard.java:324)
	at org.hibernate.persister.entity.mutation.UpdateCoordinatorStandard.coordinateUpdate(UpdateCoordinatorStandard.java:242)
	at org.hibernate.persister.entity.AbstractEntityPersister.update(AbstractEntityPersister.java:2810)
	at org.hibernate.action.internal.EntityUpdateAction.execute(EntityUpdateAction.java:168)
	at org.hibernate.engine.spi.ActionQueue.executeActions(ActionQueue.java:632)
	at org.hibernate.engine.spi.ActionQueue.executeActions(ActionQueue.java:499)
	at org.hibernate.event.internal.AbstractFlushingEventListener.performExecutions(AbstractFlushingEventListener.java:363)
	at org.hibernate.event.internal.DefaultFlushEventListener.onFlush(DefaultFlushEventListener.java:41)
	at org.hibernate.event.service.internal.EventListenerGroupImpl.fireEventOnEachListener(EventListenerGroupImpl.java:127)
	at org.hibernate.internal.SessionImpl.doFlush(SessionImpl.java:1403)
	at org.hibernate.internal.SessionImpl.managedFlush(SessionImpl.java:484)
	at org.hibernate.internal.SessionImpl.flushBeforeTransactionCompletion(SessionImpl.java:2319)
	at org.hibernate.internal.SessionImpl.beforeTransactionCompletion(SessionImpl.java:1976)
	at org.hibernate.engine.jdbc.internal.JdbcCoordinatorImpl.beforeTransactionCompletion(JdbcCoordinatorImpl.java:439)
	at org.hibernate.resource.transaction.backend.jdbc.internal.JdbcResourceLocalTransactionCoordinatorImpl.beforeCompletionCallback(JdbcResourceLocalTransactionCoordinatorImpl.java:169)
	at org.hibernate.resource.transaction.backend.jdbc.internal.JdbcResourceLocalTransactionCoordinatorImpl$TransactionDriverControlImpl.commit(JdbcResourceLocalTransactionCoordinatorImpl.java:267)
	at org.hibernate.engine.transaction.internal.TransactionImpl.commit(TransactionImpl.java:101)
	at org.springframework.orm.jpa.JpaTransactionManager.doCommit(JpaTransactionManager.java:562)
	... 21 common frames omitted
Caused by: org.sqlite.SQLiteException: [SQLITE_BUSY] The database file is locked (database is locked)
	at org.sqlite.core.DB.newSQLException(DB.java:1179)
	at org.sqlite.core.DB.newSQLException(DB.java:1190)
	at org.sqlite.core.DB.execute(DB.java:985)
	at org.sqlite.core.DB.executeUpdate(DB.java:1054)
	at org.sqlite.jdbc3.JDBC3PreparedStatement.lambda$executeLargeUpdate$2(JDBC3PreparedStatement.java:129)
	at org.sqlite.jdbc3.JDBC3Statement.withConnectionTimeout(JDBC3Statement.java:454)
	at org.sqlite.jdbc3.JDBC3PreparedStatement.executeLargeUpdate(JDBC3PreparedStatement.java:124)
	at org.sqlite.jdbc3.JDBC3PreparedStatement.executeUpdate(JDBC3PreparedStatement.java:105)
	at org.hibernate.engine.jdbc.internal.ResultSetReturnImpl.executeUpdate(ResultSetReturnImpl.java:194)
	... 43 common frames omitted
2026-03-19 15:56:39.352+03:00 INFO  [tst_int_SV_bot Telegram Executor] c.e.supportbot.telegram.SupportBot - Received Telegram update 450028404 (message=true, callbackQuery=false, editedMessage=false, channelPost=false)
2026-03-19 15:56:39.352+03:00 INFO  [tst_int_SV_bot Telegram Executor] c.e.supportbot.telegram.SupportBot - Received Telegram update 450028404 (message=true, callbackQuery=false, editedMessage=false, channelPost=false)
2026-03-19 15:56:39.352+03:00 INFO  [tst_int_SV_bot Telegram Executor] c.e.supportbot.telegram.SupportBot - Incoming update 450028404 chat=380742186 user=380742186 text=/start attachments=none
2026-03-19 15:56:39.352+03:00 INFO  [tst_int_SV_bot Telegram Executor] c.e.supportbot.telegram.SupportBot - Incoming update 450028404 chat=380742186 user=380742186 text=/start attachments=none
2026-03-19 15:56:39.367+03:00 INFO  [tst_int_SV_bot Telegram Executor] c.e.s.service.ChannelService - Assigned public id 3d543ab982d2f414aa9dc8b135805291 to channel 1
2026-03-19 15:56:39.367+03:00 INFO  [tst_int_SV_bot Telegram Executor] c.e.s.service.ChannelService - Assigned public id 3d543ab982d2f414aa9dc8b135805291 to channel 1
2026-03-19 15:56:39.405+03:00 INFO  [tst_int_SV_bot Telegram Executor] c.e.supportbot.telegram.SupportBot - Received /start from user 380742186 in update 450028404
2026-03-19 15:56:39.405+03:00 INFO  [tst_int_SV_bot Telegram Executor] c.e.supportbot.telegram.SupportBot - Received /start from user 380742186 in update 450028404
2026-03-19 15:56:39.511+03:00 INFO  [tst_int_SV_bot Telegram Executor] c.e.supportbot.telegram.SupportBot - Starting conversation for user 380742186 chat 380742186 with 5 questions
2026-03-19 15:56:39.511+03:00 INFO  [tst_int_SV_bot Telegram Executor] c.e.supportbot.telegram.SupportBot - Starting conversation for user 380742186 chat 380742186 with 5 questions
2026-03-19 15:56:39.538+03:00 INFO  [tst_int_SV_bot Telegram Executor] c.e.supportbot.telegram.SupportBot - Conversation initialized for user 380742186 - sending first prompt
2026-03-19 15:56:39.538+03:00 INFO  [tst_int_SV_bot Telegram Executor] c.e.supportbot.telegram.SupportBot - Conversation initialized for user 380742186 - sending first prompt
2026-03-19 15:56:39.540+03:00 INFO  [tst_int_SV_bot Telegram Executor] c.e.supportbot.telegram.SupportBot - Prompting question business for user 380742186
2026-03-19 15:56:39.540+03:00 INFO  [tst_int_SV_bot Telegram Executor] c.e.supportbot.telegram.SupportBot - Prompting question business for user 380742186
2026-03-19 15:56:49.187+03:00 INFO  [tst_int_SV_bot Telegram Executor] c.e.supportbot.telegram.SupportBot - Received Telegram update 450028405 (message=true, callbackQuery=false, editedMessage=false, channelPost=false)
2026-03-19 15:56:49.187+03:00 INFO  [tst_int_SV_bot Telegram Executor] c.e.supportbot.telegram.SupportBot - Received Telegram update 450028405 (message=true, callbackQuery=false, editedMessage=false, channelPost=false)
2026-03-19 15:56:49.187+03:00 INFO  [tst_int_SV_bot Telegram Executor] c.e.supportbot.telegram.SupportBot - Incoming update 450028405 chat=380742186 user=380742186 text=ŃóřčÂĺńëŕ attachments=none
2026-03-19 15:56:49.187+03:00 INFO  [tst_int_SV_bot Telegram Executor] c.e.supportbot.telegram.SupportBot - Incoming update 450028405 chat=380742186 user=380742186 text=ŃóřčÂĺńëŕ attachments=none
2026-03-19 15:56:49.197+03:00 INFO  [tst_int_SV_bot Telegram Executor] c.e.supportbot.telegram.SupportBot - Received conversation answer from user 380742186 in update 450028405
2026-03-19 15:56:49.197+03:00 INFO  [tst_int_SV_bot Telegram Executor] c.e.supportbot.telegram.SupportBot - Received conversation answer from user 380742186 in update 450028405
2026-03-19 15:56:49.199+03:00 INFO  [tst_int_SV_bot Telegram Executor] c.e.supportbot.telegram.SupportBot - Recorded answer for user 380742186 at step 1
2026-03-19 15:56:49.199+03:00 INFO  [tst_int_SV_bot Telegram Executor] c.e.supportbot.telegram.SupportBot - Recorded answer for user 380742186 at step 1
2026-03-19 15:56:49.199+03:00 INFO  [tst_int_SV_bot Telegram Executor] c.e.supportbot.telegram.SupportBot - Prompting question location_type for user 380742186
2026-03-19 15:56:49.199+03:00 INFO  [tst_int_SV_bot Telegram Executor] c.e.supportbot.telegram.SupportBot - Prompting question location_type for user 380742186
2026-03-19 15:57:18.603+03:00 INFO  [tst_int_SV_bot Telegram Executor] c.e.supportbot.telegram.SupportBot - Received Telegram update 450028406 (message=true, callbackQuery=false, editedMessage=false, channelPost=false)
2026-03-19 15:57:18.603+03:00 INFO  [tst_int_SV_bot Telegram Executor] c.e.supportbot.telegram.SupportBot - Received Telegram update 450028406 (message=true, callbackQuery=false, editedMessage=false, channelPost=false)
2026-03-19 15:57:18.603+03:00 INFO  [tst_int_SV_bot Telegram Executor] c.e.supportbot.telegram.SupportBot - Incoming update 450028406 chat=380742186 user=380742186 text=Ęîđďîđŕňčâíŕ˙ ńĺňü attachments=none
2026-03-19 15:57:18.603+03:00 INFO  [tst_int_SV_bot Telegram Executor] c.e.supportbot.telegram.SupportBot - Incoming update 450028406 chat=380742186 user=380742186 text=Ęîđďîđŕňčâíŕ˙ ńĺňü attachments=none
2026-03-19 15:57:18.610+03:00 INFO  [tst_int_SV_bot Telegram Executor] c.e.supportbot.telegram.SupportBot - Received conversation answer from user 380742186 in update 450028406
2026-03-19 15:57:18.610+03:00 INFO  [tst_int_SV_bot Telegram Executor] c.e.supportbot.telegram.SupportBot - Received conversation answer from user 380742186 in update 450028406
2026-03-19 15:57:18.611+03:00 INFO  [tst_int_SV_bot Telegram Executor] c.e.supportbot.telegram.SupportBot - Recorded answer for user 380742186 at step 2
2026-03-19 15:57:18.611+03:00 INFO  [tst_int_SV_bot Telegram Executor] c.e.supportbot.telegram.SupportBot - Recorded answer for user 380742186 at step 2
2026-03-19 15:57:18.611+03:00 INFO  [tst_int_SV_bot Telegram Executor] c.e.supportbot.telegram.SupportBot - Prompting question city for user 380742186
2026-03-19 15:57:18.611+03:00 INFO  [tst_int_SV_bot Telegram Executor] c.e.supportbot.telegram.SupportBot - Prompting question city for user 380742186
2026-03-19 15:57:22.175+03:00 INFO  [tst_int_SV_bot Telegram Executor] c.e.supportbot.telegram.SupportBot - Received Telegram update 450028407 (message=true, callbackQuery=false, editedMessage=false, channelPost=false)
2026-03-19 15:57:22.175+03:00 INFO  [tst_int_SV_bot Telegram Executor] c.e.supportbot.telegram.SupportBot - Received Telegram update 450028407 (message=true, callbackQuery=false, editedMessage=false, channelPost=false)
2026-03-19 15:57:22.175+03:00 INFO  [tst_int_SV_bot Telegram Executor] c.e.supportbot.telegram.SupportBot - Incoming update 450028407 chat=380742186 user=380742186 text=ââ attachments=none
2026-03-19 15:57:22.175+03:00 INFO  [tst_int_SV_bot Telegram Executor] c.e.supportbot.telegram.SupportBot - Incoming update 450028407 chat=380742186 user=380742186 text=ââ attachments=none
2026-03-19 15:57:22.182+03:00 INFO  [tst_int_SV_bot Telegram Executor] c.e.supportbot.telegram.SupportBot - Received conversation answer from user 380742186 in update 450028407
2026-03-19 15:57:22.182+03:00 INFO  [tst_int_SV_bot Telegram Executor] c.e.supportbot.telegram.SupportBot - Received conversation answer from user 380742186 in update 450028407
2026-03-19 15:58:18.650+03:00 INFO  [tst_int_SV_bot Telegram Executor] c.e.supportbot.telegram.SupportBot - Received Telegram update 450028408 (message=true, callbackQuery=false, editedMessage=false, channelPost=false)
2026-03-19 15:58:18.650+03:00 INFO  [tst_int_SV_bot Telegram Executor] c.e.supportbot.telegram.SupportBot - Received Telegram update 450028408 (message=true, callbackQuery=false, editedMessage=false, channelPost=false)
2026-03-19 15:58:18.651+03:00 INFO  [tst_int_SV_bot Telegram Executor] c.e.supportbot.telegram.SupportBot - Incoming update 450028408 chat=380742186 user=380742186 text=Ŕäëĺđ attachments=none
2026-03-19 15:58:18.651+03:00 INFO  [tst_int_SV_bot Telegram Executor] c.e.supportbot.telegram.SupportBot - Incoming update 450028408 chat=380742186 user=380742186 text=Ŕäëĺđ attachments=none
2026-03-19 15:58:18.659+03:00 INFO  [tst_int_SV_bot Telegram Executor] c.e.supportbot.telegram.SupportBot - Received conversation answer from user 380742186 in update 450028408
2026-03-19 15:58:18.659+03:00 INFO  [tst_int_SV_bot Telegram Executor] c.e.supportbot.telegram.SupportBot - Received conversation answer from user 380742186 in update 450028408
2026-03-19 15:58:18.660+03:00 INFO  [tst_int_SV_bot Telegram Executor] c.e.supportbot.telegram.SupportBot - Recorded answer for user 380742186 at step 3
2026-03-19 15:58:18.660+03:00 INFO  [tst_int_SV_bot Telegram Executor] c.e.supportbot.telegram.SupportBot - Recorded answer for user 380742186 at step 3
2026-03-19 15:58:18.660+03:00 INFO  [tst_int_SV_bot Telegram Executor] c.e.supportbot.telegram.SupportBot - Prompting question location_name for user 380742186
2026-03-19 15:58:18.660+03:00 INFO  [tst_int_SV_bot Telegram Executor] c.e.supportbot.telegram.SupportBot - Prompting question location_name for user 380742186
2026-03-19 15:58:24.968+03:00 INFO  [tst_int_SV_bot Telegram Executor] c.e.supportbot.telegram.SupportBot - Received Telegram update 450028409 (message=true, callbackQuery=false, editedMessage=false, channelPost=false)
2026-03-19 15:58:24.968+03:00 INFO  [tst_int_SV_bot Telegram Executor] c.e.supportbot.telegram.SupportBot - Received Telegram update 450028409 (message=true, callbackQuery=false, editedMessage=false, channelPost=false)
2026-03-19 15:58:24.968+03:00 INFO  [tst_int_SV_bot Telegram Executor] c.e.supportbot.telegram.SupportBot - Incoming update 450028409 chat=380742186 user=380742186 text=ŃÂ Ŕäëĺđ Ăîëóáűĺ äŕëč attachments=none
2026-03-19 15:58:24.968+03:00 INFO  [tst_int_SV_bot Telegram Executor] c.e.supportbot.telegram.SupportBot - Incoming update 450028409 chat=380742186 user=380742186 text=ŃÂ Ŕäëĺđ Ăîëóáűĺ äŕëč attachments=none
2026-03-19 15:58:24.981+03:00 INFO  [tst_int_SV_bot Telegram Executor] c.e.supportbot.telegram.SupportBot - Received conversation answer from user 380742186 in update 450028409
2026-03-19 15:58:24.981+03:00 INFO  [tst_int_SV_bot Telegram Executor] c.e.supportbot.telegram.SupportBot - Received conversation answer from user 380742186 in update 450028409
2026-03-19 15:58:24.981+03:00 INFO  [tst_int_SV_bot Telegram Executor] c.e.supportbot.telegram.SupportBot - Recorded answer for user 380742186 at step 4
2026-03-19 15:58:24.981+03:00 INFO  [tst_int_SV_bot Telegram Executor] c.e.supportbot.telegram.SupportBot - Recorded answer for user 380742186 at step 4
2026-03-19 15:58:24.981+03:00 INFO  [tst_int_SV_bot Telegram Executor] c.e.supportbot.telegram.SupportBot - Prompting question problem for user 380742186
2026-03-19 15:58:24.981+03:00 INFO  [tst_int_SV_bot Telegram Executor] c.e.supportbot.telegram.SupportBot - Prompting question problem for user 380742186
2026-03-19 15:58:27.662+03:00 INFO  [tst_int_SV_bot Telegram Executor] c.e.supportbot.telegram.SupportBot - Received Telegram update 450028410 (message=true, callbackQuery=false, editedMessage=false, channelPost=false)
2026-03-19 15:58:27.662+03:00 INFO  [tst_int_SV_bot Telegram Executor] c.e.supportbot.telegram.SupportBot - Received Telegram update 450028410 (message=true, callbackQuery=false, editedMessage=false, channelPost=false)
2026-03-19 15:58:27.662+03:00 INFO  [tst_int_SV_bot Telegram Executor] c.e.supportbot.telegram.SupportBot - Incoming update 450028410 chat=380742186 user=380742186 text=ŕâűŕűâŕűâ attachments=none
2026-03-19 15:58:27.662+03:00 INFO  [tst_int_SV_bot Telegram Executor] c.e.supportbot.telegram.SupportBot - Incoming update 450028410 chat=380742186 user=380742186 text=ŕâűŕűâŕűâ attachments=none
2026-03-19 15:58:27.673+03:00 INFO  [tst_int_SV_bot Telegram Executor] c.e.supportbot.telegram.SupportBot - Received conversation answer from user 380742186 in update 450028410
2026-03-19 15:58:27.673+03:00 INFO  [tst_int_SV_bot Telegram Executor] c.e.supportbot.telegram.SupportBot - Received conversation answer from user 380742186 in update 450028410
2026-03-19 15:58:27.673+03:00 INFO  [tst_int_SV_bot Telegram Executor] c.e.supportbot.telegram.SupportBot - Recorded answer for user 380742186 at step 5
2026-03-19 15:58:27.673+03:00 INFO  [tst_int_SV_bot Telegram Executor] c.e.supportbot.telegram.SupportBot - Recorded answer for user 380742186 at step 5
2026-03-19 15:58:27.762+03:00 INFO  [tst_int_SV_bot Telegram Executor] c.e.supportbot.telegram.SupportBot - Created ticket 5bd87138-7b66-4b4f-8b2e-753ddfba7474 for user 380742186 with 0 attachments
2026-03-19 15:58:27.762+03:00 INFO  [tst_int_SV_bot Telegram Executor] c.e.supportbot.telegram.SupportBot - Created ticket 5bd87138-7b66-4b4f-8b2e-753ddfba7474 for user 380742186 with 0 attachments
2026-03-19 17:20:26.495+03:00 INFO  [background-preinit] o.h.validator.internal.util.Version - HV000001: Hibernate Validator 8.0.1.Final
2026-03-19 17:20:26.495+03:00 INFO  [background-preinit] o.h.validator.internal.util.Version - HV000001: Hibernate Validator 8.0.1.Final

  .   ____          _            __ _ _
 /\\ / ___'_ __ _ _(_)_ __  __ _ \ \ \ \
( ( )\___ | '_ | '_| | '_ \/ _` | \ \ \ \
 \\/  ___)| |_)| | | | | || (_| |  ) ) ) )
  '  |____| .__|_| |_|_| |_\__, | / / / /
 =========|_|==============|___/=/_/_/_/
 :: Spring Boot ::                (v3.2.5)

2026-03-19 17:20:26.659+03:00 INFO  [main] c.e.s.t.TelegramBotApplication - Starting TelegramBotApplication using Java 17.0.17 with PID 7844 (C:\Users\SinicinVV\Documents\tg_bot\tg_ref_b24_sup\java-bot\bot-telegram\target\classes started by SinicinVV in C:\Users\SinicinVV\Documents\tg_bot\tg_ref_b24_sup\java-bot\bot-telegram)
2026-03-19 17:20:26.659+03:00 INFO  [main] c.e.s.t.TelegramBotApplication - Starting TelegramBotApplication using Java 17.0.17 with PID 7844 (C:\Users\SinicinVV\Documents\tg_bot\tg_ref_b24_sup\java-bot\bot-telegram\target\classes started by SinicinVV in C:\Users\SinicinVV\Documents\tg_bot\tg_ref_b24_sup\java-bot\bot-telegram)
2026-03-19 17:20:26.662+03:00 INFO  [main] c.e.s.t.TelegramBotApplication - The following 1 profile is active: "default"
2026-03-19 17:20:26.662+03:00 INFO  [main] c.e.s.t.TelegramBotApplication - The following 1 profile is active: "default"
2026-03-19 17:20:27.782+03:00 INFO  [main] o.s.d.r.c.RepositoryConfigurationDelegate - Bootstrapping Spring Data JPA repositories in DEFAULT mode.
2026-03-19 17:20:27.782+03:00 INFO  [main] o.s.d.r.c.RepositoryConfigurationDelegate - Bootstrapping Spring Data JPA repositories in DEFAULT mode.
2026-03-19 17:20:28.079+03:00 INFO  [main] o.s.d.r.c.RepositoryConfigurationDelegate - Finished Spring Data repository scanning in 273 ms. Found 30 JPA repository interfaces.
2026-03-19 17:20:28.079+03:00 INFO  [main] o.s.d.r.c.RepositoryConfigurationDelegate - Finished Spring Data repository scanning in 273 ms. Found 30 JPA repository interfaces.
2026-03-19 17:20:29.143+03:00 INFO  [main] o.h.jpa.internal.util.LogHelper - HHH000204: Processing PersistenceUnitInfo [name: default]
2026-03-19 17:20:29.143+03:00 INFO  [main] o.h.jpa.internal.util.LogHelper - HHH000204: Processing PersistenceUnitInfo [name: default]
2026-03-19 17:20:29.270+03:00 INFO  [main] org.hibernate.Version - HHH000412: Hibernate ORM core version 6.4.4.Final
2026-03-19 17:20:29.270+03:00 INFO  [main] org.hibernate.Version - HHH000412: Hibernate ORM core version 6.4.4.Final
2026-03-19 17:20:29.345+03:00 INFO  [main] o.h.c.i.RegionFactoryInitiator - HHH000026: Second-level cache disabled
2026-03-19 17:20:29.345+03:00 INFO  [main] o.h.c.i.RegionFactoryInitiator - HHH000026: Second-level cache disabled
2026-03-19 17:20:30.056+03:00 INFO  [main] o.s.o.j.p.SpringPersistenceUnitInfo - No LoadTimeWeaver setup: ignoring JPA class transformer
2026-03-19 17:20:30.056+03:00 INFO  [main] o.s.o.j.p.SpringPersistenceUnitInfo - No LoadTimeWeaver setup: ignoring JPA class transformer
2026-03-19 17:20:33.333+03:00 INFO  [main] o.h.e.t.j.p.i.JtaPlatformInitiator - HHH000489: No JTA platform available (set 'hibernate.transaction.jta.platform' to enable JTA platform integration)
2026-03-19 17:20:33.333+03:00 INFO  [main] o.h.e.t.j.p.i.JtaPlatformInitiator - HHH000489: No JTA platform available (set 'hibernate.transaction.jta.platform' to enable JTA platform integration)
2026-03-19 17:20:33.340+03:00 INFO  [main] o.s.o.j.LocalContainerEntityManagerFactoryBean - Initialized JPA EntityManagerFactory for persistence unit 'default'
2026-03-19 17:20:33.340+03:00 INFO  [main] o.s.o.j.LocalContainerEntityManagerFactoryBean - Initialized JPA EntityManagerFactory for persistence unit 'default'
2026-03-19 17:20:34.952+03:00 INFO  [main] c.e.supportbot.telegram.SupportBot - Initializing Telegram bot configuration check
2026-03-19 17:20:34.952+03:00 INFO  [main] c.e.supportbot.telegram.SupportBot - Initializing Telegram bot configuration check
2026-03-19 17:20:34.960+03:00 INFO  [main] c.e.supportbot.telegram.SupportBot - Telegram bot configuration: username='tst_int_SV_bot' token=8391…OGBk (46) channelId=null
2026-03-19 17:20:34.960+03:00 INFO  [main] c.e.supportbot.telegram.SupportBot - Telegram bot configuration: username='tst_int_SV_bot' token=8391…OGBk (46) channelId=null
2026-03-19 17:20:37.463+03:00 INFO  [main] c.e.supportbot.telegram.SupportBot - Telegram bot connected successfully: id=8391583658 username=tst_int_SV_bot
2026-03-19 17:20:37.463+03:00 INFO  [main] c.e.supportbot.telegram.SupportBot - Telegram bot connected successfully: id=8391583658 username=tst_int_SV_bot
2026-03-19 17:20:37.465+03:00 WARN  [main] o.s.aop.framework.CglibAopProxy - Unable to proxy interface-implementing method [public final org.telegram.telegrambots.bots.DefaultBotOptions org.telegram.telegrambots.bots.DefaultAbsSender.getOptions()] because it is marked as final, consider using interface-based JDK proxies instead.
2026-03-19 17:20:37.465+03:00 WARN  [main] o.s.aop.framework.CglibAopProxy - Unable to proxy interface-implementing method [public final org.telegram.telegrambots.bots.DefaultBotOptions org.telegram.telegrambots.bots.DefaultAbsSender.getOptions()] because it is marked as final, consider using interface-based JDK proxies instead.
2026-03-19 17:20:41.666+03:00 INFO  [main] c.e.supportbot.telegram.SupportBot - Telegram webhook deleted (if it existed). Long polling can receive updates now.
2026-03-19 17:20:41.666+03:00 INFO  [main] c.e.supportbot.telegram.SupportBot - Telegram webhook deleted (if it existed). Long polling can receive updates now.
2026-03-19 17:20:51.544+03:00 INFO  [main] c.e.s.t.TelegramLongPollingLifecycle - Telegram long polling started. username=tst_int_SV_bot
2026-03-19 17:20:51.544+03:00 INFO  [main] c.e.s.t.TelegramLongPollingLifecycle - Telegram long polling started. username=tst_int_SV_bot
2026-03-19 17:20:51.590+03:00 INFO  [main] c.e.s.t.TelegramBotApplication - Started TelegramBotApplication in 26.394 seconds (process running for 27.33)
2026-03-19 17:20:51.590+03:00 INFO  [main] c.e.s.t.TelegramBotApplication - Started TelegramBotApplication in 26.394 seconds (process running for 27.33)
2026-03-19 17:20:53.789+03:00 INFO  [tst_int_SV_bot Telegram Executor] c.e.supportbot.telegram.SupportBot - Received Telegram update 450028411 (message=true, callbackQuery=false, editedMessage=false, channelPost=false)
2026-03-19 17:20:53.789+03:00 INFO  [tst_int_SV_bot Telegram Executor] c.e.supportbot.telegram.SupportBot - Received Telegram update 450028411 (message=true, callbackQuery=false, editedMessage=false, channelPost=false)
2026-03-19 17:20:53.790+03:00 INFO  [tst_int_SV_bot Telegram Executor] c.e.supportbot.telegram.SupportBot - Incoming update 450028411 chat=380742186 user=380742186 text=ok attachments=none
2026-03-19 17:20:53.790+03:00 INFO  [tst_int_SV_bot Telegram Executor] c.e.supportbot.telegram.SupportBot - Incoming update 450028411 chat=380742186 user=380742186 text=ok attachments=none
2026-03-19 17:20:54.222+03:00 INFO  [tst_int_SV_bot Telegram Executor] c.e.supportbot.telegram.SupportBot - Active ticket message received: ticketId=5bd87138-7b66-4b4f-8b2e-753ddfba7474 userId=380742186 username=Vladimir_SV messageType=text telegramMessageId=3678 attachment=null
2026-03-19 17:20:54.222+03:00 INFO  [tst_int_SV_bot Telegram Executor] c.e.supportbot.telegram.SupportBot - Active ticket message received: ticketId=5bd87138-7b66-4b4f-8b2e-753ddfba7474 userId=380742186 username=Vladimir_SV messageType=text telegramMessageId=3678 attachment=null
2026-03-19 17:20:54.296+03:00 INFO  [tst_int_SV_bot Telegram Executor] c.e.supportbot.telegram.SupportBot - Stored client message in history: ticketId=5bd87138-7b66-4b4f-8b2e-753ddfba7474 userId=380742186 messageType=text attachment=null
2026-03-19 17:20:54.296+03:00 INFO  [tst_int_SV_bot Telegram Executor] c.e.supportbot.telegram.SupportBot - Stored client message in history: ticketId=5bd87138-7b66-4b4f-8b2e-753ddfba7474 userId=380742186 messageType=text attachment=null
2026-03-19 17:20:54.349+03:00 INFO  [tst_int_SV_bot Telegram Executor] c.e.supportbot.telegram.SupportBot - Received Telegram update 450028412 (message=true, callbackQuery=false, editedMessage=false, channelPost=false)
2026-03-19 17:20:54.349+03:00 INFO  [tst_int_SV_bot Telegram Executor] c.e.supportbot.telegram.SupportBot - Received Telegram update 450028412 (message=true, callbackQuery=false, editedMessage=false, channelPost=false)
2026-03-19 17:20:54.354+03:00 INFO  [tst_int_SV_bot Telegram Executor] c.e.supportbot.telegram.SupportBot - Incoming update 450028412 chat=380742186 user=380742186 text=yep attachments=none
2026-03-19 17:20:54.354+03:00 INFO  [tst_int_SV_bot Telegram Executor] c.e.supportbot.telegram.SupportBot - Incoming update 450028412 chat=380742186 user=380742186 text=yep attachments=none
2026-03-19 17:20:54.409+03:00 INFO  [tst_int_SV_bot Telegram Executor] c.e.supportbot.telegram.SupportBot - Active ticket message received: ticketId=5bd87138-7b66-4b4f-8b2e-753ddfba7474 userId=380742186 username=Vladimir_SV messageType=text telegramMessageId=3680 attachment=null
2026-03-19 17:20:54.409+03:00 INFO  [tst_int_SV_bot Telegram Executor] c.e.supportbot.telegram.SupportBot - Active ticket message received: ticketId=5bd87138-7b66-4b4f-8b2e-753ddfba7474 userId=380742186 username=Vladimir_SV messageType=text telegramMessageId=3680 attachment=null
2026-03-19 17:20:54.429+03:00 INFO  [tst_int_SV_bot Telegram Executor] c.e.supportbot.telegram.SupportBot - Stored client message in history: ticketId=5bd87138-7b66-4b4f-8b2e-753ddfba7474 userId=380742186 messageType=text attachment=null
2026-03-19 17:20:54.429+03:00 INFO  [tst_int_SV_bot Telegram Executor] c.e.supportbot.telegram.SupportBot - Stored client message in history: ticketId=5bd87138-7b66-4b4f-8b2e-753ddfba7474 userId=380742186 messageType=text attachment=null
2026-03-19 17:21:12.630+03:00 INFO  [tst_int_SV_bot Telegram Executor] c.e.supportbot.telegram.SupportBot - Received Telegram update 450028413 (message=true, callbackQuery=false, editedMessage=false, channelPost=false)
2026-03-19 17:21:12.630+03:00 INFO  [tst_int_SV_bot Telegram Executor] c.e.supportbot.telegram.SupportBot - Received Telegram update 450028413 (message=true, callbackQuery=false, editedMessage=false, channelPost=false)
2026-03-19 17:21:12.631+03:00 INFO  [tst_int_SV_bot Telegram Executor] c.e.supportbot.telegram.SupportBot - Incoming update 450028413 chat=380742186 user=380742186 text=ââââ attachments=none
2026-03-19 17:21:12.631+03:00 INFO  [tst_int_SV_bot Telegram Executor] c.e.supportbot.telegram.SupportBot - Incoming update 450028413 chat=380742186 user=380742186 text=ââââ attachments=none
2026-03-19 17:21:12.664+03:00 INFO  [tst_int_SV_bot Telegram Executor] c.e.supportbot.telegram.SupportBot - Active ticket message received: ticketId=5bd87138-7b66-4b4f-8b2e-753ddfba7474 userId=380742186 username=Vladimir_SV messageType=text telegramMessageId=3683 attachment=null
2026-03-19 17:21:12.664+03:00 INFO  [tst_int_SV_bot Telegram Executor] c.e.supportbot.telegram.SupportBot - Active ticket message received: ticketId=5bd87138-7b66-4b4f-8b2e-753ddfba7474 userId=380742186 username=Vladimir_SV messageType=text telegramMessageId=3683 attachment=null
2026-03-19 17:21:12.681+03:00 INFO  [tst_int_SV_bot Telegram Executor] c.e.supportbot.telegram.SupportBot - Stored client message in history: ticketId=5bd87138-7b66-4b4f-8b2e-753ddfba7474 userId=380742186 messageType=text attachment=null
2026-03-19 17:21:12.681+03:00 INFO  [tst_int_SV_bot Telegram Executor] c.e.supportbot.telegram.SupportBot - Stored client message in history: ticketId=5bd87138-7b66-4b4f-8b2e-753ddfba7474 userId=380742186 messageType=text attachment=null
2026-03-19 17:36:59.681+03:00 INFO  [tst_int_SV_bot Telegram Executor] c.e.supportbot.telegram.SupportBot - Received Telegram update 450028414 (message=true, callbackQuery=false, editedMessage=false, channelPost=false)
2026-03-19 17:36:59.681+03:00 INFO  [tst_int_SV_bot Telegram Executor] c.e.supportbot.telegram.SupportBot - Received Telegram update 450028414 (message=true, callbackQuery=false, editedMessage=false, channelPost=false)
2026-03-19 17:36:59.681+03:00 INFO  [tst_int_SV_bot Telegram Executor] c.e.supportbot.telegram.SupportBot - Incoming update 450028414 chat=380742186 user=380742186 text=123123213123123 attachments=none
2026-03-19 17:36:59.681+03:00 INFO  [tst_int_SV_bot Telegram Executor] c.e.supportbot.telegram.SupportBot - Incoming update 450028414 chat=380742186 user=380742186 text=123123213123123 attachments=none
2026-03-19 17:36:59.723+03:00 INFO  [tst_int_SV_bot Telegram Executor] c.e.supportbot.telegram.SupportBot - Active ticket message received: ticketId=5bd87138-7b66-4b4f-8b2e-753ddfba7474 userId=380742186 username=Vladimir_SV messageType=text telegramMessageId=3685 attachment=null
2026-03-19 17:36:59.723+03:00 INFO  [tst_int_SV_bot Telegram Executor] c.e.supportbot.telegram.SupportBot - Active ticket message received: ticketId=5bd87138-7b66-4b4f-8b2e-753ddfba7474 userId=380742186 username=Vladimir_SV messageType=text telegramMessageId=3685 attachment=null
2026-03-19 17:36:59.742+03:00 INFO  [tst_int_SV_bot Telegram Executor] c.e.supportbot.telegram.SupportBot - Stored client message in history: ticketId=5bd87138-7b66-4b4f-8b2e-753ddfba7474 userId=380742186 messageType=text attachment=null
2026-03-19 17:36:59.742+03:00 INFO  [tst_int_SV_bot Telegram Executor] c.e.supportbot.telegram.SupportBot - Stored client message in history: ticketId=5bd87138-7b66-4b4f-8b2e-753ddfba7474 userId=380742186 messageType=text attachment=null
2026-03-19 17:37:23.588+03:00 INFO  [tst_int_SV_bot Telegram Executor] c.e.supportbot.telegram.SupportBot - Received Telegram update 450028415 (message=true, callbackQuery=false, editedMessage=false, channelPost=false)
2026-03-19 17:37:23.588+03:00 INFO  [tst_int_SV_bot Telegram Executor] c.e.supportbot.telegram.SupportBot - Received Telegram update 450028415 (message=true, callbackQuery=false, editedMessage=false, channelPost=false)
2026-03-19 17:37:23.588+03:00 INFO  [tst_int_SV_bot Telegram Executor] c.e.supportbot.telegram.SupportBot - Incoming update 450028415 chat=380742186 user=380742186 text=1 attachments=none
2026-03-19 17:37:23.588+03:00 INFO  [tst_int_SV_bot Telegram Executor] c.e.supportbot.telegram.SupportBot - Incoming update 450028415 chat=380742186 user=380742186 text=1 attachments=none
2026-03-19 17:37:23.609+03:00 INFO  [tst_int_SV_bot Telegram Executor] c.e.supportbot.telegram.SupportBot - Processing feedback rating 1 from user 380742186
2026-03-19 17:37:23.609+03:00 INFO  [tst_int_SV_bot Telegram Executor] c.e.supportbot.telegram.SupportBot - Processing feedback rating 1 from user 380742186
2026-03-19 17:37:25.669+03:00 INFO  [tst_int_SV_bot Telegram Executor] c.e.supportbot.telegram.SupportBot - Handled rating feedback from user 380742186 in update 450028415
2026-03-19 17:37:25.669+03:00 INFO  [tst_int_SV_bot Telegram Executor] c.e.supportbot.telegram.SupportBot - Handled rating feedback from user 380742186 in update 450028415
2026-03-19 17:38:22.652+03:00 INFO  [tst_int_SV_bot Telegram Executor] c.e.supportbot.telegram.SupportBot - Received Telegram update 450028416 (message=true, callbackQuery=false, editedMessage=false, channelPost=false)
2026-03-19 17:38:22.652+03:00 INFO  [tst_int_SV_bot Telegram Executor] c.e.supportbot.telegram.SupportBot - Received Telegram update 450028416 (message=true, callbackQuery=false, editedMessage=false, channelPost=false)
2026-03-19 17:38:22.653+03:00 INFO  [tst_int_SV_bot Telegram Executor] c.e.supportbot.telegram.SupportBot - Incoming update 450028416 chat=380742186 user=380742186 text=/start attachments=none
2026-03-19 17:38:22.653+03:00 INFO  [tst_int_SV_bot Telegram Executor] c.e.supportbot.telegram.SupportBot - Incoming update 450028416 chat=380742186 user=380742186 text=/start attachments=none
2026-03-19 17:38:22.661+03:00 INFO  [tst_int_SV_bot Telegram Executor] c.e.supportbot.telegram.SupportBot - Received /start from user 380742186 in update 450028416
2026-03-19 17:38:22.661+03:00 INFO  [tst_int_SV_bot Telegram Executor] c.e.supportbot.telegram.SupportBot - Received /start from user 380742186 in update 450028416
2026-03-19 17:38:22.676+03:00 INFO  [tst_int_SV_bot Telegram Executor] c.e.supportbot.telegram.SupportBot - Starting conversation for user 380742186 chat 380742186 with 5 questions
2026-03-19 17:38:22.676+03:00 INFO  [tst_int_SV_bot Telegram Executor] c.e.supportbot.telegram.SupportBot - Starting conversation for user 380742186 chat 380742186 with 5 questions
2026-03-19 17:38:22.689+03:00 INFO  [tst_int_SV_bot Telegram Executor] c.e.supportbot.telegram.SupportBot - Conversation initialized for user 380742186 - sending first prompt
2026-03-19 17:38:22.689+03:00 INFO  [tst_int_SV_bot Telegram Executor] c.e.supportbot.telegram.SupportBot - Conversation initialized for user 380742186 - sending first prompt
2026-03-19 17:38:22.690+03:00 INFO  [tst_int_SV_bot Telegram Executor] c.e.supportbot.telegram.SupportBot - Prompting reuse decision for user 380742186
2026-03-19 17:38:22.690+03:00 INFO  [tst_int_SV_bot Telegram Executor] c.e.supportbot.telegram.SupportBot - Prompting reuse decision for user 380742186
2026-03-19 17:38:32.497+03:00 INFO  [tst_int_SV_bot Telegram Executor] c.e.supportbot.telegram.SupportBot - Received Telegram update 450028417 (message=true, callbackQuery=false, editedMessage=false, channelPost=false)
2026-03-19 17:38:32.497+03:00 INFO  [tst_int_SV_bot Telegram Executor] c.e.supportbot.telegram.SupportBot - Received Telegram update 450028417 (message=true, callbackQuery=false, editedMessage=false, channelPost=false)
2026-03-19 17:38:32.497+03:00 INFO  [tst_int_SV_bot Telegram Executor] c.e.supportbot.telegram.SupportBot - Incoming update 450028417 chat=380742186 user=380742186 text=Íĺň attachments=none
2026-03-19 17:38:32.497+03:00 INFO  [tst_int_SV_bot Telegram Executor] c.e.supportbot.telegram.SupportBot - Incoming update 450028417 chat=380742186 user=380742186 text=Íĺň attachments=none
2026-03-19 17:38:32.508+03:00 INFO  [tst_int_SV_bot Telegram Executor] c.e.supportbot.telegram.SupportBot - Received conversation answer from user 380742186 in update 450028417
2026-03-19 17:38:32.508+03:00 INFO  [tst_int_SV_bot Telegram Executor] c.e.supportbot.telegram.SupportBot - Received conversation answer from user 380742186 in update 450028417
2026-03-19 17:38:32.509+03:00 INFO  [tst_int_SV_bot Telegram Executor] c.e.supportbot.telegram.SupportBot - Prompting question business for user 380742186
2026-03-19 17:38:32.509+03:00 INFO  [tst_int_SV_bot Telegram Executor] c.e.supportbot.telegram.SupportBot - Prompting question business for user 380742186
2026-03-19 17:39:01.922+03:00 INFO  [tst_int_SV_bot Telegram Executor] c.e.supportbot.telegram.SupportBot - Received Telegram update 450028418 (message=true, callbackQuery=false, editedMessage=false, channelPost=false)
2026-03-19 17:39:01.922+03:00 INFO  [tst_int_SV_bot Telegram Executor] c.e.supportbot.telegram.SupportBot - Received Telegram update 450028418 (message=true, callbackQuery=false, editedMessage=false, channelPost=false)
2026-03-19 17:39:01.922+03:00 INFO  [tst_int_SV_bot Telegram Executor] c.e.supportbot.telegram.SupportBot - Incoming update 450028418 chat=380742186 user=380742186 text=ÁëčíÁĺđč attachments=none
2026-03-19 17:39:01.922+03:00 INFO  [tst_int_SV_bot Telegram Executor] c.e.supportbot.telegram.SupportBot - Incoming update 450028418 chat=380742186 user=380742186 text=ÁëčíÁĺđč attachments=none
2026-03-19 17:39:01.933+03:00 INFO  [tst_int_SV_bot Telegram Executor] c.e.supportbot.telegram.SupportBot - Received conversation answer from user 380742186 in update 450028418
2026-03-19 17:39:01.933+03:00 INFO  [tst_int_SV_bot Telegram Executor] c.e.supportbot.telegram.SupportBot - Received conversation answer from user 380742186 in update 450028418
2026-03-19 17:39:01.935+03:00 INFO  [tst_int_SV_bot Telegram Executor] c.e.supportbot.telegram.SupportBot - Recorded answer for user 380742186 at step 1
2026-03-19 17:39:01.935+03:00 INFO  [tst_int_SV_bot Telegram Executor] c.e.supportbot.telegram.SupportBot - Recorded answer for user 380742186 at step 1
2026-03-19 17:39:01.936+03:00 INFO  [tst_int_SV_bot Telegram Executor] c.e.supportbot.telegram.SupportBot - Prompting question location_type for user 380742186
2026-03-19 17:39:01.936+03:00 INFO  [tst_int_SV_bot Telegram Executor] c.e.supportbot.telegram.SupportBot - Prompting question location_type for user 380742186
2026-03-19 17:39:07.562+03:00 INFO  [tst_int_SV_bot Telegram Executor] c.e.supportbot.telegram.SupportBot - Received Telegram update 450028419 (message=true, callbackQuery=false, editedMessage=false, channelPost=false)
2026-03-19 17:39:07.562+03:00 INFO  [tst_int_SV_bot Telegram Executor] c.e.supportbot.telegram.SupportBot - Received Telegram update 450028419 (message=true, callbackQuery=false, editedMessage=false, channelPost=false)
2026-03-19 17:39:07.562+03:00 INFO  [tst_int_SV_bot Telegram Executor] c.e.supportbot.telegram.SupportBot - Incoming update 450028419 chat=380742186 user=380742186 text=Ęîđďîđŕňčâíŕ˙ ńĺňü attachments=none
2026-03-19 17:39:07.562+03:00 INFO  [tst_int_SV_bot Telegram Executor] c.e.supportbot.telegram.SupportBot - Incoming update 450028419 chat=380742186 user=380742186 text=Ęîđďîđŕňčâíŕ˙ ńĺňü attachments=none
2026-03-19 17:39:07.573+03:00 INFO  [tst_int_SV_bot Telegram Executor] c.e.supportbot.telegram.SupportBot - Received conversation answer from user 380742186 in update 450028419
2026-03-19 17:39:07.573+03:00 INFO  [tst_int_SV_bot Telegram Executor] c.e.supportbot.telegram.SupportBot - Received conversation answer from user 380742186 in update 450028419
2026-03-19 17:39:07.573+03:00 INFO  [tst_int_SV_bot Telegram Executor] c.e.supportbot.telegram.SupportBot - Recorded answer for user 380742186 at step 2
2026-03-19 17:39:07.573+03:00 INFO  [tst_int_SV_bot Telegram Executor] c.e.supportbot.telegram.SupportBot - Recorded answer for user 380742186 at step 2
2026-03-19 17:39:07.574+03:00 INFO  [tst_int_SV_bot Telegram Executor] c.e.supportbot.telegram.SupportBot - Prompting question city for user 380742186
2026-03-19 17:39:07.574+03:00 INFO  [tst_int_SV_bot Telegram Executor] c.e.supportbot.telegram.SupportBot - Prompting question city for user 380742186
2026-03-19 17:39:09.462+03:00 INFO  [tst_int_SV_bot Telegram Executor] c.e.supportbot.telegram.SupportBot - Received Telegram update 450028420 (message=true, callbackQuery=false, editedMessage=false, channelPost=false)
2026-03-19 17:39:09.462+03:00 INFO  [tst_int_SV_bot Telegram Executor] c.e.supportbot.telegram.SupportBot - Received Telegram update 450028420 (message=true, callbackQuery=false, editedMessage=false, channelPost=false)
2026-03-19 17:39:09.462+03:00 INFO  [tst_int_SV_bot Telegram Executor] c.e.supportbot.telegram.SupportBot - Incoming update 450028420 chat=380742186 user=380742186 text=Âîëăîăđŕä attachments=none
2026-03-19 17:39:09.462+03:00 INFO  [tst_int_SV_bot Telegram Executor] c.e.supportbot.telegram.SupportBot - Incoming update 450028420 chat=380742186 user=380742186 text=Âîëăîăđŕä attachments=none
2026-03-19 17:39:09.470+03:00 INFO  [tst_int_SV_bot Telegram Executor] c.e.supportbot.telegram.SupportBot - Received conversation answer from user 380742186 in update 450028420
2026-03-19 17:39:09.470+03:00 INFO  [tst_int_SV_bot Telegram Executor] c.e.supportbot.telegram.SupportBot - Received conversation answer from user 380742186 in update 450028420
2026-03-19 17:39:09.470+03:00 INFO  [tst_int_SV_bot Telegram Executor] c.e.supportbot.telegram.SupportBot - Recorded answer for user 380742186 at step 3
2026-03-19 17:39:09.470+03:00 INFO  [tst_int_SV_bot Telegram Executor] c.e.supportbot.telegram.SupportBot - Recorded answer for user 380742186 at step 3
2026-03-19 17:39:09.470+03:00 INFO  [tst_int_SV_bot Telegram Executor] c.e.supportbot.telegram.SupportBot - Prompting question location_name for user 380742186
2026-03-19 17:39:09.470+03:00 INFO  [tst_int_SV_bot Telegram Executor] c.e.supportbot.telegram.SupportBot - Prompting question location_name for user 380742186
2026-03-19 17:39:14.882+03:00 INFO  [tst_int_SV_bot Telegram Executor] c.e.supportbot.telegram.SupportBot - Received Telegram update 450028421 (message=true, callbackQuery=false, editedMessage=false, channelPost=false)
2026-03-19 17:39:14.882+03:00 INFO  [tst_int_SV_bot Telegram Executor] c.e.supportbot.telegram.SupportBot - Received Telegram update 450028421 (message=true, callbackQuery=false, editedMessage=false, channelPost=false)
2026-03-19 17:39:14.883+03:00 INFO  [tst_int_SV_bot Telegram Executor] c.e.supportbot.telegram.SupportBot - Incoming update 450028421 chat=380742186 user=380742186 text=ÁÁ Âîëăîăđŕä Ŕřŕí Čńňîđč÷ĺńęŕ˙ attachments=none
2026-03-19 17:39:14.883+03:00 INFO  [tst_int_SV_bot Telegram Executor] c.e.supportbot.telegram.SupportBot - Incoming update 450028421 chat=380742186 user=380742186 text=ÁÁ Âîëăîăđŕä Ŕřŕí Čńňîđč÷ĺńęŕ˙ attachments=none
2026-03-19 17:39:14.894+03:00 INFO  [tst_int_SV_bot Telegram Executor] c.e.supportbot.telegram.SupportBot - Received conversation answer from user 380742186 in update 450028421
2026-03-19 17:39:14.894+03:00 INFO  [tst_int_SV_bot Telegram Executor] c.e.supportbot.telegram.SupportBot - Received conversation answer from user 380742186 in update 450028421
2026-03-19 17:39:14.895+03:00 INFO  [tst_int_SV_bot Telegram Executor] c.e.supportbot.telegram.SupportBot - Recorded answer for user 380742186 at step 4
2026-03-19 17:39:14.895+03:00 INFO  [tst_int_SV_bot Telegram Executor] c.e.supportbot.telegram.SupportBot - Recorded answer for user 380742186 at step 4
2026-03-19 17:39:14.895+03:00 INFO  [tst_int_SV_bot Telegram Executor] c.e.supportbot.telegram.SupportBot - Prompting question problem for user 380742186
2026-03-19 17:39:14.895+03:00 INFO  [tst_int_SV_bot Telegram Executor] c.e.supportbot.telegram.SupportBot - Prompting question problem for user 380742186
2026-03-19 17:39:25.386+03:00 INFO  [tst_int_SV_bot Telegram Executor] c.e.supportbot.telegram.SupportBot - Received Telegram update 450028422 (message=true, callbackQuery=false, editedMessage=false, channelPost=false)
2026-03-19 17:39:25.386+03:00 INFO  [tst_int_SV_bot Telegram Executor] c.e.supportbot.telegram.SupportBot - Received Telegram update 450028422 (message=true, callbackQuery=false, editedMessage=false, channelPost=false)
2026-03-19 17:39:25.387+03:00 INFO  [tst_int_SV_bot Telegram Executor] c.e.supportbot.telegram.SupportBot - Incoming update 450028422 chat=380742186 user=380742186 text=ňĺńň íîěĺđ 2 attachments=none
2026-03-19 17:39:25.387+03:00 INFO  [tst_int_SV_bot Telegram Executor] c.e.supportbot.telegram.SupportBot - Incoming update 450028422 chat=380742186 user=380742186 text=ňĺńň íîěĺđ 2 attachments=none
2026-03-19 17:39:25.395+03:00 INFO  [tst_int_SV_bot Telegram Executor] c.e.supportbot.telegram.SupportBot - Received conversation answer from user 380742186 in update 450028422
2026-03-19 17:39:25.395+03:00 INFO  [tst_int_SV_bot Telegram Executor] c.e.supportbot.telegram.SupportBot - Received conversation answer from user 380742186 in update 450028422
2026-03-19 17:39:25.396+03:00 INFO  [tst_int_SV_bot Telegram Executor] c.e.supportbot.telegram.SupportBot - Recorded answer for user 380742186 at step 5
2026-03-19 17:39:25.396+03:00 INFO  [tst_int_SV_bot Telegram Executor] c.e.supportbot.telegram.SupportBot - Recorded answer for user 380742186 at step 5
2026-03-19 17:39:25.432+03:00 INFO  [tst_int_SV_bot Telegram Executor] c.e.supportbot.telegram.SupportBot - Created ticket 4eec2582-068d-4f8c-9179-01aa982ee842 for user 380742186 with 0 attachments
2026-03-19 17:39:25.432+03:00 INFO  [tst_int_SV_bot Telegram Executor] c.e.supportbot.telegram.SupportBot - Created ticket 4eec2582-068d-4f8c-9179-01aa982ee842 for user 380742186 with 0 attachments
2026-03-19 17:40:31.424+03:00 INFO  [tst_int_SV_bot Telegram Executor] c.e.supportbot.telegram.SupportBot - Received Telegram update 450028423 (message=true, callbackQuery=false, editedMessage=false, channelPost=false)
2026-03-19 17:40:31.424+03:00 INFO  [tst_int_SV_bot Telegram Executor] c.e.supportbot.telegram.SupportBot - Received Telegram update 450028423 (message=true, callbackQuery=false, editedMessage=false, channelPost=false)
2026-03-19 17:40:31.424+03:00 INFO  [tst_int_SV_bot Telegram Executor] c.e.supportbot.telegram.SupportBot - Incoming update 450028423 chat=380742186 user=380742186 text=re-re attachments=none
2026-03-19 17:40:31.424+03:00 INFO  [tst_int_SV_bot Telegram Executor] c.e.supportbot.telegram.SupportBot - Incoming update 450028423 chat=380742186 user=380742186 text=re-re attachments=none
2026-03-19 17:40:31.448+03:00 INFO  [tst_int_SV_bot Telegram Executor] c.e.supportbot.telegram.SupportBot - Active ticket message received: ticketId=4eec2582-068d-4f8c-9179-01aa982ee842 userId=380742186 username=Vladimir_SV messageType=text telegramMessageId=3705 attachment=null
2026-03-19 17:40:31.448+03:00 INFO  [tst_int_SV_bot Telegram Executor] c.e.supportbot.telegram.SupportBot - Active ticket message received: ticketId=4eec2582-068d-4f8c-9179-01aa982ee842 userId=380742186 username=Vladimir_SV messageType=text telegramMessageId=3705 attachment=null
2026-03-19 17:40:31.463+03:00 INFO  [tst_int_SV_bot Telegram Executor] c.e.supportbot.telegram.SupportBot - Stored client message in history: ticketId=4eec2582-068d-4f8c-9179-01aa982ee842 userId=380742186 messageType=text attachment=null
2026-03-19 17:40:31.463+03:00 INFO  [tst_int_SV_bot Telegram Executor] c.e.supportbot.telegram.SupportBot - Stored client message in history: ticketId=4eec2582-068d-4f8c-9179-01aa982ee842 userId=380742186 messageType=text attachment=null
2026-03-19 17:43:29.461+03:00 INFO  [tst_int_SV_bot Telegram Executor] c.e.supportbot.telegram.SupportBot - Received Telegram update 450028424 (message=true, callbackQuery=false, editedMessage=false, channelPost=false)
2026-03-19 17:43:29.461+03:00 INFO  [tst_int_SV_bot Telegram Executor] c.e.supportbot.telegram.SupportBot - Received Telegram update 450028424 (message=true, callbackQuery=false, editedMessage=false, channelPost=false)
2026-03-19 17:43:29.462+03:00 INFO  [tst_int_SV_bot Telegram Executor] c.e.supportbot.telegram.SupportBot - Incoming update 450028424 chat=380742186 user=380742186 text=5 attachments=none
2026-03-19 17:43:29.462+03:00 INFO  [tst_int_SV_bot Telegram Executor] c.e.supportbot.telegram.SupportBot - Incoming update 450028424 chat=380742186 user=380742186 text=5 attachments=none
2026-03-19 17:43:29.488+03:00 INFO  [tst_int_SV_bot Telegram Executor] c.e.supportbot.telegram.SupportBot - Processing feedback rating 5 from user 380742186
2026-03-19 17:43:29.488+03:00 INFO  [tst_int_SV_bot Telegram Executor] c.e.supportbot.telegram.SupportBot - Processing feedback rating 5 from user 380742186
2026-03-19 17:43:31.516+03:00 INFO  [tst_int_SV_bot Telegram Executor] c.e.supportbot.telegram.SupportBot - Handled rating feedback from user 380742186 in update 450028424
2026-03-19 17:43:31.516+03:00 INFO  [tst_int_SV_bot Telegram Executor] c.e.supportbot.telegram.SupportBot - Handled rating feedback from user 380742186 in update 450028424
