2026-06-25 00:02:12.598+03:00 WARN  [max-long-polling] c.e.supportbot.max.MaxApiClient - Failed to fetch MAX updates: request timed out
2026-06-25 00:02:14.158+03:00 WARN  [max-long-polling] c.e.supportbot.max.MaxApiClient - Failed to fetch MAX updates: null
2026-06-25 00:02:14.620+03:00 WARN  [max-long-polling] c.e.supportbot.max.MaxApiClient - Failed to fetch MAX updates: null
2026-06-25 00:02:14.966+03:00 WARN  [max-long-polling] c.e.supportbot.max.MaxApiClient - Failed to fetch MAX updates: null
2026-06-25 00:02:15.286+03:00 WARN  [max-long-polling] c.e.supportbot.max.MaxApiClient - Failed to fetch MAX updates: null
2026-06-25 00:02:15.616+03:00 WARN  [max-long-polling] c.e.supportbot.max.MaxApiClient - Failed to fetch MAX updates: null
2026-06-25 00:02:15.930+03:00 WARN  [max-long-polling] c.e.supportbot.max.MaxApiClient - Failed to fetch MAX updates: null
2026-06-25 00:02:16.250+03:00 WARN  [max-long-polling] c.e.supportbot.max.MaxApiClient - Failed to fetch MAX updates: null
2026-06-25 00:02:16.565+03:00 WARN  [max-long-polling] c.e.supportbot.max.MaxApiClient - Failed to fetch MAX updates: null
2026-06-25 00:02:16.876+03:00 WARN  [max-long-polling] c.e.supportbot.max.MaxApiClient - Failed to fetch MAX updates: null
2026-06-25 00:02:17.190+03:00 WARN  [max-long-polling] c.e.supportbot.max.MaxApiClient - Failed to fetch MAX updates: null
2026-06-25 00:02:17.495+03:00 WARN  [max-long-polling] c.e.supportbot.max.MaxApiClient - Failed to fetch MAX updates: null
2026-06-25 00:02:17.804+03:00 WARN  [max-long-polling] c.e.supportbot.max.MaxApiClient - Failed to fetch MAX updates: null
2026-06-25 00:02:18.121+03:00 WARN  [max-long-polling] c.e.supportbot.max.MaxApiClient - Failed to fetch MAX updates: null
2026-06-25 00:02:18.439+03:00 WARN  [max-long-polling] c.e.supportbot.max.MaxApiClient - Failed to fetch MAX updates: null
2026-06-25 00:02:18.756+03:00 WARN  [max-long-polling] c.e.supportbot.max.MaxApiClient - Failed to fetch MAX updates: null
2026-06-25 00:02:19.075+03:00 WARN  [max-long-polling] c.e.supportbot.max.MaxApiClient - Failed to fetch MAX updates: null
2026-06-25 02:21:17.744+03:00 WARN  [max-long-polling] c.e.supportbot.max.MaxApiClient - Failed to fetch MAX updates: null
2026-06-25 02:21:18.068+03:00 WARN  [max-long-polling] c.e.supportbot.max.MaxApiClient - Failed to fetch MAX updates: null
2026-06-25 02:21:18.476+03:00 WARN  [max-long-polling] c.e.supportbot.max.MaxApiClient - Failed to fetch MAX updates: null
2026-06-25 02:21:18.792+03:00 WARN  [max-long-polling] c.e.supportbot.max.MaxApiClient - Failed to fetch MAX updates: null
2026-06-25 02:21:19.103+03:00 WARN  [max-long-polling] c.e.supportbot.max.MaxApiClient - Failed to fetch MAX updates: null
2026-06-25 02:21:19.412+03:00 WARN  [max-long-polling] c.e.supportbot.max.MaxApiClient - Failed to fetch MAX updates: null
2026-06-25 02:21:19.723+03:00 WARN  [max-long-polling] c.e.supportbot.max.MaxApiClient - Failed to fetch MAX updates: null
2026-06-25 02:21:20.038+03:00 WARN  [max-long-polling] c.e.supportbot.max.MaxApiClient - Failed to fetch MAX updates: null
2026-06-25 02:21:20.360+03:00 WARN  [max-long-polling] c.e.supportbot.max.MaxApiClient - Failed to fetch MAX updates: null
2026-06-25 02:21:20.730+03:00 WARN  [max-long-polling] c.e.supportbot.max.MaxApiClient - Failed to fetch MAX updates: null
2026-06-25 02:21:21.047+03:00 WARN  [max-long-polling] c.e.supportbot.max.MaxApiClient - Failed to fetch MAX updates: null
2026-06-25 02:21:21.366+03:00 WARN  [max-long-polling] c.e.supportbot.max.MaxApiClient - Failed to fetch MAX updates: null
2026-06-25 02:21:21.684+03:00 WARN  [max-long-polling] c.e.supportbot.max.MaxApiClient - Failed to fetch MAX updates: null
2026-06-25 02:21:22.001+03:00 WARN  [max-long-polling] c.e.supportbot.max.MaxApiClient - Failed to fetch MAX updates: null
2026-06-25 02:21:22.308+03:00 WARN  [max-long-polling] c.e.supportbot.max.MaxApiClient - Failed to fetch MAX updates: null
2026-06-25 02:21:22.624+03:00 WARN  [max-long-polling] c.e.supportbot.max.MaxApiClient - Failed to fetch MAX updates: null
2026-06-25 02:21:22.932+03:00 WARN  [max-long-polling] c.e.supportbot.max.MaxApiClient - Failed to fetch MAX updates: null
2026-06-25 02:21:23.254+03:00 WARN  [max-long-polling] c.e.supportbot.max.MaxApiClient - Failed to fetch MAX updates: null
2026-06-25 02:21:23.571+03:00 WARN  [max-long-polling] c.e.supportbot.max.MaxApiClient - Failed to fetch MAX updates: null
2026-06-25 02:21:23.895+03:00 WARN  [max-long-polling] c.e.supportbot.max.MaxApiClient - Failed to fetch MAX updates: null
2026-06-25 02:21:24.210+03:00 WARN  [max-long-polling] c.e.supportbot.max.MaxApiClient - Failed to fetch MAX updates: null
2026-06-25 02:21:24.515+03:00 WARN  [max-long-polling] c.e.supportbot.max.MaxApiClient - Failed to fetch MAX updates: null
2026-06-25 02:21:24.820+03:00 WARN  [max-long-polling] c.e.supportbot.max.MaxApiClient - Failed to fetch MAX updates: null
2026-06-25 02:21:25.123+03:00 WARN  [max-long-polling] c.e.supportbot.max.MaxApiClient - Failed to fetch MAX updates: null
2026-06-25 02:21:25.439+03:00 WARN  [max-long-polling] c.e.supportbot.max.MaxApiClient - Failed to fetch MAX updates: null
2026-06-25 02:21:25.752+03:00 WARN  [max-long-polling] c.e.supportbot.max.MaxApiClient - Failed to fetch MAX updates: null
2026-06-25 02:21:26.056+03:00 WARN  [max-long-polling] c.e.supportbot.max.MaxApiClient - Failed to fetch MAX updates: null
2026-06-25 02:21:26.361+03:00 WARN  [max-long-polling] c.e.supportbot.max.MaxApiClient - Failed to fetch MAX updates: null
2026-06-25 02:21:26.664+03:00 WARN  [max-long-polling] c.e.supportbot.max.MaxApiClient - Failed to fetch MAX updates: null
2026-06-25 02:21:26.969+03:00 WARN  [max-long-polling] c.e.supportbot.max.MaxApiClient - Failed to fetch MAX updates: null
2026-06-25 02:21:27.277+03:00 WARN  [max-long-polling] c.e.supportbot.max.MaxApiClient - Failed to fetch MAX updates: null
2026-06-25 02:21:27.584+03:00 WARN  [max-long-polling] c.e.supportbot.max.MaxApiClient - Failed to fetch MAX updates: null
2026-06-25 08:23:39.398+03:00 WARN  [max-long-polling] c.e.supportbot.max.MaxApiClient - Failed to fetch MAX updates: request timed out
2026-06-25 08:23:40.010+03:00 WARN  [max-long-polling] c.e.supportbot.max.MaxApiClient - Failed to fetch MAX updates: null
2026-06-25 08:23:40.326+03:00 WARN  [max-long-polling] c.e.supportbot.max.MaxApiClient - Failed to fetch MAX updates: null
2026-06-25 08:23:40.635+03:00 WARN  [max-long-polling] c.e.supportbot.max.MaxApiClient - Failed to fetch MAX updates: null
2026-06-25 08:23:40.941+03:00 WARN  [max-long-polling] c.e.supportbot.max.MaxApiClient - Failed to fetch MAX updates: null
2026-06-25 08:23:41.304+03:00 WARN  [max-long-polling] c.e.supportbot.max.MaxApiClient - Failed to fetch MAX updates: null
2026-06-25 08:23:41.631+03:00 WARN  [max-long-polling] c.e.supportbot.max.MaxApiClient - Failed to fetch MAX updates: null
2026-06-25 08:23:41.986+03:00 WARN  [max-long-polling] c.e.supportbot.max.MaxApiClient - Failed to fetch MAX updates: null
2026-06-25 08:23:42.327+03:00 WARN  [max-long-polling] c.e.supportbot.max.MaxApiClient - Failed to fetch MAX updates: null
2026-06-25 08:23:42.689+03:00 WARN  [max-long-polling] c.e.supportbot.max.MaxApiClient - Failed to fetch MAX updates: null
2026-06-25 08:23:43.003+03:00 WARN  [max-long-polling] c.e.supportbot.max.MaxApiClient - Failed to fetch MAX updates: null
2026-06-25 08:23:43.361+03:00 WARN  [max-long-polling] c.e.supportbot.max.MaxApiClient - Failed to fetch MAX updates: null
2026-06-25 08:23:43.768+03:00 WARN  [max-long-polling] c.e.supportbot.max.MaxApiClient - Failed to fetch MAX updates: null
2026-06-25 08:23:44.168+03:00 WARN  [max-long-polling] c.e.supportbot.max.MaxApiClient - Failed to fetch MAX updates: null
2026-06-25 08:23:44.505+03:00 WARN  [max-long-polling] c.e.supportbot.max.MaxApiClient - Failed to fetch MAX updates: null
2026-06-25 08:23:44.839+03:00 WARN  [max-long-polling] c.e.supportbot.max.MaxApiClient - Failed to fetch MAX updates: null
2026-06-25 08:23:45.165+03:00 WARN  [max-long-polling] c.e.supportbot.max.MaxApiClient - Failed to fetch MAX updates: null
2026-06-25 08:23:45.502+03:00 WARN  [max-long-polling] c.e.supportbot.max.MaxApiClient - Failed to fetch MAX updates: null
2026-06-25 08:23:45.887+03:00 WARN  [max-long-polling] c.e.supportbot.max.MaxApiClient - Failed to fetch MAX updates: null
2026-06-25 08:23:46.212+03:00 WARN  [max-long-polling] c.e.supportbot.max.MaxApiClient - Failed to fetch MAX updates: null
2026-06-25 08:23:46.600+03:00 WARN  [max-long-polling] c.e.supportbot.max.MaxApiClient - Failed to fetch MAX updates: null
2026-06-25 08:23:46.987+03:00 WARN  [max-long-polling] c.e.supportbot.max.MaxApiClient - Failed to fetch MAX updates: null
2026-06-25 08:23:47.310+03:00 WARN  [max-long-polling] c.e.supportbot.max.MaxApiClient - Failed to fetch MAX updates: null
2026-06-25 08:23:47.626+03:00 WARN  [max-long-polling] c.e.supportbot.max.MaxApiClient - Failed to fetch MAX updates: null
2026-06-25 08:23:48.046+03:00 WARN  [max-long-polling] c.e.supportbot.max.MaxApiClient - Failed to fetch MAX updates: null
2026-06-25 08:23:48.374+03:00 WARN  [max-long-polling] c.e.supportbot.max.MaxApiClient - Failed to fetch MAX updates: null
2026-06-25 08:23:48.681+03:00 WARN  [max-long-polling] c.e.supportbot.max.MaxApiClient - Failed to fetch MAX updates: null
2026-06-25 08:23:48.985+03:00 WARN  [max-long-polling] c.e.supportbot.max.MaxApiClient - Failed to fetch MAX updates: null
2026-06-25 08:23:49.309+03:00 WARN  [max-long-polling] c.e.supportbot.max.MaxApiClient - Failed to fetch MAX updates: null
2026-06-25 08:23:49.619+03:00 WARN  [max-long-polling] c.e.supportbot.max.MaxApiClient - Failed to fetch MAX updates: null
2026-06-25 08:23:49.937+03:00 WARN  [max-long-polling] c.e.supportbot.max.MaxApiClient - Failed to fetch MAX updates: null
2026-06-25 13:22:26.224+03:00 INFO  [background-preinit] o.h.validator.internal.util.Version - HV000001: Hibernate Validator 8.0.1.Final
2026-06-25 13:22:26.269+03:00 INFO  [main] c.e.supportbot.max.MaxBotApplication - Starting MaxBotApplication using Java 25.0.2 with PID 19356 (C:\Users\SinicinVV\git_h\tg_ref_b24_sup\java-bot\bot-max\target\classes started by SinicinVV in C:\Users\SinicinVV\git_h\tg_ref_b24_sup\java-bot\bot-max)
2026-06-25 13:22:26.270+03:00 INFO  [main] c.e.supportbot.max.MaxBotApplication - The following 1 profile is active: "default"
2026-06-25 13:22:26.624+03:00 INFO  [main] o.s.d.r.c.RepositoryConfigurationDelegate - Bootstrapping Spring Data JPA repositories in DEFAULT mode.
2026-06-25 13:22:26.710+03:00 INFO  [main] o.s.d.r.c.RepositoryConfigurationDelegate - Finished Spring Data repository scanning in 81 ms. Found 29 JPA repository interfaces.
2026-06-25 13:22:27.195+03:00 INFO  [main] o.s.b.w.e.tomcat.TomcatWebServer - Tomcat initialized with port 18002 (http)
2026-06-25 13:22:27.203+03:00 INFO  [main] o.a.coyote.http11.Http11NioProtocol - Initializing ProtocolHandler ["http-nio-127.0.0.1-18002"]
2026-06-25 13:22:27.205+03:00 INFO  [main] o.a.catalina.core.StandardService - Starting service [Tomcat]
2026-06-25 13:22:27.205+03:00 INFO  [main] o.a.catalina.core.StandardEngine - Starting Servlet engine: [Apache Tomcat/10.1.20]
2026-06-25 13:22:27.249+03:00 INFO  [main] o.a.c.c.C.[Tomcat].[localhost].[/] - Initializing Spring embedded WebApplicationContext
2026-06-25 13:22:27.249+03:00 INFO  [main] o.s.b.w.s.c.ServletWebServerApplicationContext - Root WebApplicationContext: initialization completed in 942 ms
2026-06-25 13:22:27.432+03:00 INFO  [main] o.h.jpa.internal.util.LogHelper - HHH000204: Processing PersistenceUnitInfo [name: default]
2026-06-25 13:22:27.468+03:00 INFO  [main] org.hibernate.Version - HHH000412: Hibernate ORM core version 6.4.4.Final
2026-06-25 13:22:27.487+03:00 INFO  [main] o.h.c.i.RegionFactoryInitiator - HHH000026: Second-level cache disabled
2026-06-25 13:22:27.644+03:00 INFO  [main] o.s.o.j.p.SpringPersistenceUnitInfo - No LoadTimeWeaver setup: ignoring JPA class transformer
2026-06-25 13:22:28.598+03:00 INFO  [main] o.h.e.t.j.p.i.JtaPlatformInitiator - HHH000489: No JTA platform available (set 'hibernate.transaction.jta.platform' to enable JTA platform integration)
2026-06-25 13:22:28.603+03:00 INFO  [main] o.s.o.j.LocalContainerEntityManagerFactoryBean - Initialized JPA EntityManagerFactory for persistence unit 'default'
2026-06-25 13:22:30.253+03:00 WARN  [main] o.s.b.a.o.j.JpaBaseConfiguration$JpaWebConfiguration - spring.jpa.open-in-view is enabled by default. Therefore, database queries may be performed during view rendering. Explicitly configure spring.jpa.open-in-view to disable this warning
2026-06-25 13:22:30.768+03:00 INFO  [main] c.e.s.max.MaxLongPollingLifecycle - MAX long polling started
2026-06-25 13:22:30.768+03:00 INFO  [main] o.a.coyote.http11.Http11NioProtocol - Starting ProtocolHandler ["http-nio-127.0.0.1-18002"]
2026-06-25 13:22:30.786+03:00 INFO  [main] o.s.b.w.e.tomcat.TomcatWebServer - Tomcat started on port 18002 (http) with context path ''
2026-06-25 13:22:30.804+03:00 INFO  [main] c.e.supportbot.max.MaxBotApplication - Started MaxBotApplication in 4.938 seconds (process running for 5.243)
2026-06-25 13:30:27.318+03:00 WARN  [max-long-polling] c.e.supportbot.max.MaxApiClient - Failed to fetch MAX updates: EOF reached while reading
